  datatype = Signal
   logFile = PU200_June20/Pt_change_medium_baseline/Signal_pu200_medium_baseline_Pt_2.4.out
  histFile = PU200_June20/Pt_change_medium_baseline/Signal_pu200_medium_baseline_Pt_2.4.root
 verbosity = 0
  maxEvent = -1
>>> INFO. nFiles: 30, Files to analyse:
/eos/user/s/sarkar/BsStudy/Processing/920/signal/PU200/BsStudy_signal_PU200_10.root
/eos/user/s/sarkar/BsStudy/Processing/920/signal/PU200/BsStudy_signal_PU200_11.root
/eos/user/s/sarkar/BsStudy/Processing/920/signal/PU200/BsStudy_signal_PU200_12.root
/eos/user/s/sarkar/BsStudy/Processing/920/signal/PU200/BsStudy_signal_PU200_13.root
/eos/user/s/sarkar/BsStudy/Processing/920/signal/PU200/BsStudy_signal_PU200_14.root
/eos/user/s/sarkar/BsStudy/Processing/920/signal/PU200/BsStudy_signal_PU200_15.root
/eos/user/s/sarkar/BsStudy/Processing/920/signal/PU200/BsStudy_signal_PU200_16.root
/eos/user/s/sarkar/BsStudy/Processing/920/signal/PU200/BsStudy_signal_PU200_17.root
/eos/user/s/sarkar/BsStudy/Processing/920/signal/PU200/BsStudy_signal_PU200_18.root
/eos/user/s/sarkar/BsStudy/Processing/920/signal/PU200/BsStudy_signal_PU200_19.root
/eos/user/s/sarkar/BsStudy/Processing/920/signal/PU200/BsStudy_signal_PU200_1.root
/eos/user/s/sarkar/BsStudy/Processing/920/signal/PU200/BsStudy_signal_PU200_20.root
/eos/user/s/sarkar/BsStudy/Processing/920/signal/PU200/BsStudy_signal_PU200_21.root
/eos/user/s/sarkar/BsStudy/Processing/920/signal/PU200/BsStudy_signal_PU200_22.root
/eos/user/s/sarkar/BsStudy/Processing/920/signal/PU200/BsStudy_signal_PU200_23.root
/eos/user/s/sarkar/BsStudy/Processing/920/signal/PU200/BsStudy_signal_PU200_24.root
/eos/user/s/sarkar/BsStudy/Processing/920/signal/PU200/BsStudy_signal_PU200_25.root
/eos/user/s/sarkar/BsStudy/Processing/920/signal/PU200/BsStudy_signal_PU200_26.root
/eos/user/s/sarkar/BsStudy/Processing/920/signal/PU200/BsStudy_signal_PU200_27.root
/eos/user/s/sarkar/BsStudy/Processing/920/signal/PU200/BsStudy_signal_PU200_28.root
/eos/user/s/sarkar/BsStudy/Processing/920/signal/PU200/BsStudy_signal_PU200_29.root
/eos/user/s/sarkar/BsStudy/Processing/920/signal/PU200/BsStudy_signal_PU200_2.root
/eos/user/s/sarkar/BsStudy/Processing/920/signal/PU200/BsStudy_signal_PU200_30.root
/eos/user/s/sarkar/BsStudy/Processing/920/signal/PU200/BsStudy_signal_PU200_3.root
/eos/user/s/sarkar/BsStudy/Processing/920/signal/PU200/BsStudy_signal_PU200_4.root
/eos/user/s/sarkar/BsStudy/Processing/920/signal/PU200/BsStudy_signal_PU200_5.root
/eos/user/s/sarkar/BsStudy/Processing/920/signal/PU200/BsStudy_signal_PU200_6.root
/eos/user/s/sarkar/BsStudy/Processing/920/signal/PU200/BsStudy_signal_PU200_7.root
/eos/user/s/sarkar/BsStudy/Processing/920/signal/PU200/BsStudy_signal_PU200_8.root
/eos/user/s/sarkar/BsStudy/Processing/920/signal/PU200/BsStudy_signal_PU200_9.root
>>> bsSelCuts
        massHigh:    5.48
         massLow:    5.29
    maxPhiPairDr:    1.00
   maxPhiPairDxy:    1.00
    maxPhiPairDz:    1.00
     maxPhiTrkDr:    0.12
    minPhiPairDr:    0.20
>>> phiSelCuts
        massHigh:    1.03
         massLow:    1.00
   maxTrkPairDxy:    1.00
    maxTrkPairDz:    1.00
>>> trkSelCuts
      maxTrkChi2:   20.00
       maxTrkEta:    2.50
    minTrkLayers:    4.00
  minTrkPSLayers:    2.00
        minTrkPt:    2.40
==> Results: 
                                                         CutFlow    Events    AbsEff     Error    RelEff     Error
                                                Events processed     34288   1.00000     0.000   1.00000      -nan
                                                 after GenFilter      3195   0.09318     0.002   0.09318     0.002
                                                    w/ ntrk >= 4      3195   0.09318     0.002   1.00000     0.000
                                                     w/ >= 2 Phi      1488   0.04340     0.001   0.46573     0.009
                                          w/ Phi distinct tracks      1445   0.04214     0.001   0.97110     0.004
                                            w/ Phi dxy & dz2 cut       864   0.02520     0.001   0.59792     0.013
                                             w/ dR(Phi pair) cut       660   0.01925     0.001   0.76389     0.014
                                           w/ dR(Track pair) cut       660   0.01925     0.001   1.00000     0.000
                                               in Bs mass window       540   0.01575     0.001   0.81818     0.015
                                                 final gen match       538   0.01569     0.001   0.99630     0.003
Efficiency for Outer Tracker
Efficiency = 16.84 Poisson Error = 0.78 Binomial error = 0.66
