       datatype = Signal
        logFile = PU200_study_30_10/Signal_pu200_medium_baseline_Bsmass5_58_BsPt_12_phimass_99_104_dz1_dxy05.out
       histFile = PU200_study_30_10/Signal_pu200_medium_baseline_Bsmass5_58_BsPt_12_phimass_99_104_dz1_dxy05.root
      verbosity = 0
       maxEvent = -1
applyTrkQuality = true
       studyGen = true
   studyOffline = false
 checkL1Offline = false
       applyIso = false
    dumpGenInfo = false
>>> INFO. nFiles: 35, Files to analyse:
/eos/user/s/subiran/L1TTDR/BsToPhiPhi/L1/PU200/BsToPhiPhi_PU200_19.root
/eos/user/s/subiran/L1TTDR/BsToPhiPhi/L1/PU200/BsToPhiPhi_PU200_2.root
/eos/user/s/subiran/L1TTDR/BsToPhiPhi/L1/PU200/BsToPhiPhi_PU200_31.root
/eos/user/s/subiran/L1TTDR/BsToPhiPhi/L1/PU200/BsToPhiPhi_PU200_8.root
/eos/user/s/subiran/L1TTDR/BsToPhiPhi/L1/PU200/BsToPhiPhi_PU200_5.root
/eos/user/s/subiran/L1TTDR/BsToPhiPhi/L1/PU200/BsToPhiPhi_PU200_3.root
/eos/user/s/subiran/L1TTDR/BsToPhiPhi/L1/PU200/BsToPhiPhi_PU200_6.root
/eos/user/s/subiran/L1TTDR/BsToPhiPhi/L1/PU200/BsToPhiPhi_PU200_24.root
/eos/user/s/subiran/L1TTDR/BsToPhiPhi/L1/PU200/BsToPhiPhi_PU200_1.root
/eos/user/s/subiran/L1TTDR/BsToPhiPhi/L1/PU200/BsToPhiPhi_PU200_9.root
/eos/user/s/subiran/L1TTDR/BsToPhiPhi/L1/PU200/BsToPhiPhi_PU200_14.root
/eos/user/s/subiran/L1TTDR/BsToPhiPhi/L1/PU200/BsToPhiPhi_PU200_10.root
/eos/user/s/subiran/L1TTDR/BsToPhiPhi/L1/PU200/BsToPhiPhi_PU200_13.root
/eos/user/s/subiran/L1TTDR/BsToPhiPhi/L1/PU200/BsToPhiPhi_PU200_34.root
/eos/user/s/subiran/L1TTDR/BsToPhiPhi/L1/PU200/BsToPhiPhi_PU200_22.root
/eos/user/s/subiran/L1TTDR/BsToPhiPhi/L1/PU200/BsToPhiPhi_PU200_21.root
/eos/user/s/subiran/L1TTDR/BsToPhiPhi/L1/PU200/BsToPhiPhi_PU200_7.root
/eos/user/s/subiran/L1TTDR/BsToPhiPhi/L1/PU200/BsToPhiPhi_PU200_20.root
/eos/user/s/subiran/L1TTDR/BsToPhiPhi/L1/PU200/BsToPhiPhi_PU200_29.root
/eos/user/s/subiran/L1TTDR/BsToPhiPhi/L1/PU200/BsToPhiPhi_PU200_17.root
/eos/user/s/subiran/L1TTDR/BsToPhiPhi/L1/PU200/BsToPhiPhi_PU200_27.root
/eos/user/s/subiran/L1TTDR/BsToPhiPhi/L1/PU200/BsToPhiPhi_PU200_4.root
/eos/user/s/subiran/L1TTDR/BsToPhiPhi/L1/PU200/BsToPhiPhi_PU200_28.root
/eos/user/s/subiran/L1TTDR/BsToPhiPhi/L1/PU200/BsToPhiPhi_PU200_11.root
/eos/user/s/subiran/L1TTDR/BsToPhiPhi/L1/PU200/BsToPhiPhi_PU200_15.root
/eos/user/s/subiran/L1TTDR/BsToPhiPhi/L1/PU200/BsToPhiPhi_PU200_35.root
/eos/user/s/subiran/L1TTDR/BsToPhiPhi/L1/PU200/BsToPhiPhi_PU200_23.root
/eos/user/s/subiran/L1TTDR/BsToPhiPhi/L1/PU200/BsToPhiPhi_PU200_16.root
/eos/user/s/subiran/L1TTDR/BsToPhiPhi/L1/PU200/BsToPhiPhi_PU200_18.root
/eos/user/s/subiran/L1TTDR/BsToPhiPhi/L1/PU200/BsToPhiPhi_PU200_12.root
/eos/user/s/subiran/L1TTDR/BsToPhiPhi/L1/PU200/BsToPhiPhi_PU200_33.root
/eos/user/s/subiran/L1TTDR/BsToPhiPhi/L1/PU200/BsToPhiPhi_PU200_25.root
/eos/user/s/subiran/L1TTDR/BsToPhiPhi/L1/PU200/BsToPhiPhi_PU200_32.root
/eos/user/s/subiran/L1TTDR/BsToPhiPhi/L1/PU200/BsToPhiPhi_PU200_30.root
/eos/user/s/subiran/L1TTDR/BsToPhiPhi/L1/PU200/BsToPhiPhi_PU200_26.root
>>> bsSelCuts
        massHigh:    5.80
         massLow:    5.00
    maxPhiPairDr:    1.00
   maxPhiPairDxy:    0.50
    maxPhiPairDz:    1.00
     maxPhiTrkDr:    0.12
    minPhiPairDr:    0.20
>>> isoCuts
         isoCone:    0.40
    isoInnerCone:    0.00
          maxIso:    0.80
>>> phiSelCuts
        massHigh:    1.04
         massLow:    0.99
   maxTrkPairDxy:    0.50
    maxTrkPairDz:    1.00
>>> trkSelCuts
      maxTrkChi2:   20.00
       maxTrkEta:    2.50
    minTrkLayers:    4.00
  minTrkPSLayers:    2.00
        minTrkPt:    2.00
==> Results: 
>>> Track Slection Efficiency
                                                         CutFlow    Events    AbsEff     Error    RelEff     Error
                                                Events processed   90060.0   1.00000     0.000   1.00000      -nan
                                                 after GenFilter   35186.0   0.39070     0.002   0.39070     0.002
                                                    w/ ntrk >= 4   35186.0   0.39070     0.002   1.00000     0.000
                                                 w/ goodTrk >= 4   35186.0   0.39070     0.002   1.00000     0.000
                                      w/ goodTrkMatchedKaon >= 4   20756.0   0.23047     0.001   0.58989     0.003
Efficiency for Outer Tracker
Efficiency = 58.99 Poisson Error = 0.52 Binomial error = 0.26
>>> L1 Efficiency
                                                         CutFlow    Events    AbsEff     Error    RelEff     Error
                                                Events processed   90060.0   1.00000     0.000   1.00000      -nan
                                                 after GenFilter   35186.0   0.39070     0.002   0.39070     0.002
                                                    w/ ntrk >= 4   35186.0   0.39070     0.002   1.00000     0.000
                                                 w/ goodTrk >= 4   35186.0   0.39070     0.002   1.00000     0.000
                                                     w/ >= 2 Phi   30686.0   0.34073     0.002   0.87211     0.002
                                          w/ Phi distinct tracks   30578.0   0.33953     0.002   0.99648     0.000
                                            w/ Phi dxy & dz2 cut   22971.0   0.25506     0.001   0.75123     0.002
                                             w/ dR(Phi pair) cut   16561.0   0.18389     0.001   0.72095     0.003
                                           w/ dR(Track pair) cut   16053.0   0.17825     0.001   0.96933     0.001
                                               in Bs mass window   15145.0   0.16817     0.001   0.94344     0.002
                                             with Bs pt > 12 Gev   12187.0   0.13532     0.001   0.80469     0.003
                                     isolation cut on 4 th track   12187.0   0.13532     0.001   1.00000     0.000
                                                 final gen match   12099.0   0.13434     0.001   0.99278     0.001
Efficiency for Outer Tracker
Efficiency = 34.39 Poisson Error = 0.36 Binomial error = 0.25
