       datatype = Signal
        logFile = PU200_study_30_10/Signal_pu200_medium_baseline_Bsmass5_58_phimass_99_104_dz06_dxy05.out
       histFile = PU200_study_30_10/Signal_pu200_medium_baseline_Bsmass5_58_phimass_99_104_dz06_dxy05.root
      verbosity = 0
       maxEvent = -1
applyTrkQuality = true
       studyGen = true
   studyOffline = false
 checkL1Offline = false
       applyIso = false
    dumpGenInfo = false
>>> INFO. nFiles: 35, Files to analyse:
/eos/user/s/subiran/L1TTDR/BsToPhiPhi/L1/PU200/BsToPhiPhi_PU200_19.root
/eos/user/s/subiran/L1TTDR/BsToPhiPhi/L1/PU200/BsToPhiPhi_PU200_2.root
/eos/user/s/subiran/L1TTDR/BsToPhiPhi/L1/PU200/BsToPhiPhi_PU200_31.root
/eos/user/s/subiran/L1TTDR/BsToPhiPhi/L1/PU200/BsToPhiPhi_PU200_8.root
/eos/user/s/subiran/L1TTDR/BsToPhiPhi/L1/PU200/BsToPhiPhi_PU200_5.root
/eos/user/s/subiran/L1TTDR/BsToPhiPhi/L1/PU200/BsToPhiPhi_PU200_3.root
/eos/user/s/subiran/L1TTDR/BsToPhiPhi/L1/PU200/BsToPhiPhi_PU200_6.root
/eos/user/s/subiran/L1TTDR/BsToPhiPhi/L1/PU200/BsToPhiPhi_PU200_24.root
/eos/user/s/subiran/L1TTDR/BsToPhiPhi/L1/PU200/BsToPhiPhi_PU200_1.root
/eos/user/s/subiran/L1TTDR/BsToPhiPhi/L1/PU200/BsToPhiPhi_PU200_9.root
/eos/user/s/subiran/L1TTDR/BsToPhiPhi/L1/PU200/BsToPhiPhi_PU200_14.root
/eos/user/s/subiran/L1TTDR/BsToPhiPhi/L1/PU200/BsToPhiPhi_PU200_10.root
/eos/user/s/subiran/L1TTDR/BsToPhiPhi/L1/PU200/BsToPhiPhi_PU200_13.root
/eos/user/s/subiran/L1TTDR/BsToPhiPhi/L1/PU200/BsToPhiPhi_PU200_34.root
/eos/user/s/subiran/L1TTDR/BsToPhiPhi/L1/PU200/BsToPhiPhi_PU200_22.root
/eos/user/s/subiran/L1TTDR/BsToPhiPhi/L1/PU200/BsToPhiPhi_PU200_21.root
/eos/user/s/subiran/L1TTDR/BsToPhiPhi/L1/PU200/BsToPhiPhi_PU200_7.root
/eos/user/s/subiran/L1TTDR/BsToPhiPhi/L1/PU200/BsToPhiPhi_PU200_20.root
/eos/user/s/subiran/L1TTDR/BsToPhiPhi/L1/PU200/BsToPhiPhi_PU200_29.root
/eos/user/s/subiran/L1TTDR/BsToPhiPhi/L1/PU200/BsToPhiPhi_PU200_17.root
/eos/user/s/subiran/L1TTDR/BsToPhiPhi/L1/PU200/BsToPhiPhi_PU200_27.root
/eos/user/s/subiran/L1TTDR/BsToPhiPhi/L1/PU200/BsToPhiPhi_PU200_4.root
/eos/user/s/subiran/L1TTDR/BsToPhiPhi/L1/PU200/BsToPhiPhi_PU200_28.root
/eos/user/s/subiran/L1TTDR/BsToPhiPhi/L1/PU200/BsToPhiPhi_PU200_11.root
/eos/user/s/subiran/L1TTDR/BsToPhiPhi/L1/PU200/BsToPhiPhi_PU200_15.root
/eos/user/s/subiran/L1TTDR/BsToPhiPhi/L1/PU200/BsToPhiPhi_PU200_35.root
/eos/user/s/subiran/L1TTDR/BsToPhiPhi/L1/PU200/BsToPhiPhi_PU200_23.root
/eos/user/s/subiran/L1TTDR/BsToPhiPhi/L1/PU200/BsToPhiPhi_PU200_16.root
/eos/user/s/subiran/L1TTDR/BsToPhiPhi/L1/PU200/BsToPhiPhi_PU200_18.root
/eos/user/s/subiran/L1TTDR/BsToPhiPhi/L1/PU200/BsToPhiPhi_PU200_12.root
/eos/user/s/subiran/L1TTDR/BsToPhiPhi/L1/PU200/BsToPhiPhi_PU200_33.root
/eos/user/s/subiran/L1TTDR/BsToPhiPhi/L1/PU200/BsToPhiPhi_PU200_25.root
/eos/user/s/subiran/L1TTDR/BsToPhiPhi/L1/PU200/BsToPhiPhi_PU200_32.root
/eos/user/s/subiran/L1TTDR/BsToPhiPhi/L1/PU200/BsToPhiPhi_PU200_30.root
/eos/user/s/subiran/L1TTDR/BsToPhiPhi/L1/PU200/BsToPhiPhi_PU200_26.root
>>> bsSelCuts
        massHigh:    5.80
         massLow:    5.00
    maxPhiPairDr:    1.00
   maxPhiPairDxy:    0.50
    maxPhiPairDz:    0.60
     maxPhiTrkDr:    0.12
    minPhiPairDr:    0.20
>>> isoCuts
         isoCone:    0.40
    isoInnerCone:    0.00
          maxIso:    0.80
>>> phiSelCuts
        massHigh:    1.04
         massLow:    0.99
   maxTrkPairDxy:    0.50
    maxTrkPairDz:    0.60
>>> trkSelCuts
      maxTrkChi2:   20.00
       maxTrkEta:    2.50
    minTrkLayers:    4.00
  minTrkPSLayers:    2.00
        minTrkPt:    2.00
