  datatype = Signal
   logFile = PU200_June20/Pt_change_loose_baseline/Signal_pu200_loose_baseline_Pt_2.3.out
  histFile = PU200_June20/Pt_change_loose_baseline/Signal_pu200_loose_baseline_Pt_2.3.root
 verbosity = 0
  maxEvent = -1
>>> INFO. nFiles: 30, Files to analyse:
/eos/user/s/sarkar/BsStudy/Processing/920/signal/PU200/BsStudy_signal_PU200_10.root
/eos/user/s/sarkar/BsStudy/Processing/920/signal/PU200/BsStudy_signal_PU200_11.root
/eos/user/s/sarkar/BsStudy/Processing/920/signal/PU200/BsStudy_signal_PU200_12.root
/eos/user/s/sarkar/BsStudy/Processing/920/signal/PU200/BsStudy_signal_PU200_13.root
/eos/user/s/sarkar/BsStudy/Processing/920/signal/PU200/BsStudy_signal_PU200_14.root
/eos/user/s/sarkar/BsStudy/Processing/920/signal/PU200/BsStudy_signal_PU200_15.root
/eos/user/s/sarkar/BsStudy/Processing/920/signal/PU200/BsStudy_signal_PU200_16.root
/eos/user/s/sarkar/BsStudy/Processing/920/signal/PU200/BsStudy_signal_PU200_17.root
/eos/user/s/sarkar/BsStudy/Processing/920/signal/PU200/BsStudy_signal_PU200_18.root
/eos/user/s/sarkar/BsStudy/Processing/920/signal/PU200/BsStudy_signal_PU200_19.root
/eos/user/s/sarkar/BsStudy/Processing/920/signal/PU200/BsStudy_signal_PU200_1.root
/eos/user/s/sarkar/BsStudy/Processing/920/signal/PU200/BsStudy_signal_PU200_20.root
/eos/user/s/sarkar/BsStudy/Processing/920/signal/PU200/BsStudy_signal_PU200_21.root
/eos/user/s/sarkar/BsStudy/Processing/920/signal/PU200/BsStudy_signal_PU200_22.root
/eos/user/s/sarkar/BsStudy/Processing/920/signal/PU200/BsStudy_signal_PU200_23.root
/eos/user/s/sarkar/BsStudy/Processing/920/signal/PU200/BsStudy_signal_PU200_24.root
/eos/user/s/sarkar/BsStudy/Processing/920/signal/PU200/BsStudy_signal_PU200_25.root
/eos/user/s/sarkar/BsStudy/Processing/920/signal/PU200/BsStudy_signal_PU200_26.root
/eos/user/s/sarkar/BsStudy/Processing/920/signal/PU200/BsStudy_signal_PU200_27.root
/eos/user/s/sarkar/BsStudy/Processing/920/signal/PU200/BsStudy_signal_PU200_28.root
/eos/user/s/sarkar/BsStudy/Processing/920/signal/PU200/BsStudy_signal_PU200_29.root
/eos/user/s/sarkar/BsStudy/Processing/920/signal/PU200/BsStudy_signal_PU200_2.root
/eos/user/s/sarkar/BsStudy/Processing/920/signal/PU200/BsStudy_signal_PU200_30.root
/eos/user/s/sarkar/BsStudy/Processing/920/signal/PU200/BsStudy_signal_PU200_3.root
/eos/user/s/sarkar/BsStudy/Processing/920/signal/PU200/BsStudy_signal_PU200_4.root
/eos/user/s/sarkar/BsStudy/Processing/920/signal/PU200/BsStudy_signal_PU200_5.root
/eos/user/s/sarkar/BsStudy/Processing/920/signal/PU200/BsStudy_signal_PU200_6.root
/eos/user/s/sarkar/BsStudy/Processing/920/signal/PU200/BsStudy_signal_PU200_7.root
/eos/user/s/sarkar/BsStudy/Processing/920/signal/PU200/BsStudy_signal_PU200_8.root
/eos/user/s/sarkar/BsStudy/Processing/920/signal/PU200/BsStudy_signal_PU200_9.root
>>> bsSelCuts
        massHigh:    5.49
         massLow:    5.27
    maxPhiPairDr:    1.00
   maxPhiPairDxy:    1.00
    maxPhiPairDz:    1.00
     maxPhiTrkDr:    0.12
    minPhiPairDr:    0.20
>>> phiSelCuts
        massHigh:    1.04
         massLow:    0.99
   maxTrkPairDxy:    1.00
    maxTrkPairDz:    1.00
>>> trkSelCuts
      maxTrkChi2:   20.00
       maxTrkEta:    2.50
    minTrkLayers:    4.00
  minTrkPSLayers:    2.00
        minTrkPt:    2.30
==> Results: 
                                                         CutFlow    Events    AbsEff     Error    RelEff     Error
                                                Events processed     34288   1.00000     0.000   1.00000      -nan
                                                 after GenFilter      3195   0.09318     0.002   0.09318     0.002
                                                    w/ ntrk >= 4      3195   0.09318     0.002   1.00000     0.000
                                                     w/ >= 2 Phi      2107   0.06145     0.001   0.65947     0.008
                                          w/ Phi distinct tracks      2079   0.06063     0.001   0.98671     0.002
                                            w/ Phi dxy & dz2 cut      1313   0.03829     0.001   0.63155     0.011
                                             w/ dR(Phi pair) cut       910   0.02654     0.001   0.69307     0.013
                                           w/ dR(Track pair) cut       903   0.02634     0.001   0.99231     0.003
                                               in Bs mass window       741   0.02161     0.001   0.82060     0.013
                                                 final gen match       738   0.02152     0.001   0.99595     0.002
Efficiency for Outer Tracker
Efficiency = 23.10 Poisson Error = 0.94 Binomial error = 0.75
