  datatype = Bkg
   logFile = PU200/dz_change_tight_baseline/bkg_pu200_tight_baseline_dz_0.3.out
  histFile = PU200/dz_change_tight_baseline/bkg_pu200_tight_baseline_dz_0.3.root
 verbosity = 0
  maxEvent = -1
>>> INFO. nFiles: 501, Files to analyse:
/eos/user/s/sarkar/BsStudy/Processing/90X/bkg/PU200/BsStudy_bkg_PU200_1.root
/eos/user/s/sarkar/BsStudy/Processing/90X/bkg/PU200/BsStudy_bkg_PU200_10.root
/eos/user/s/sarkar/BsStudy/Processing/90X/bkg/PU200/BsStudy_bkg_PU200_100.root
/eos/user/s/sarkar/BsStudy/Processing/90X/bkg/PU200/BsStudy_bkg_PU200_101.root
/eos/user/s/sarkar/BsStudy/Processing/90X/bkg/PU200/BsStudy_bkg_PU200_102.root
/eos/user/s/sarkar/BsStudy/Processing/90X/bkg/PU200/BsStudy_bkg_PU200_103.root
/eos/user/s/sarkar/BsStudy/Processing/90X/bkg/PU200/BsStudy_bkg_PU200_104.root
/eos/user/s/sarkar/BsStudy/Processing/90X/bkg/PU200/BsStudy_bkg_PU200_105.root
/eos/user/s/sarkar/BsStudy/Processing/90X/bkg/PU200/BsStudy_bkg_PU200_106.root
/eos/user/s/sarkar/BsStudy/Processing/90X/bkg/PU200/BsStudy_bkg_PU200_107.root
/eos/user/s/sarkar/BsStudy/Processing/90X/bkg/PU200/BsStudy_bkg_PU200_108.root
/eos/user/s/sarkar/BsStudy/Processing/90X/bkg/PU200/BsStudy_bkg_PU200_109.root
/eos/user/s/sarkar/BsStudy/Processing/90X/bkg/PU200/BsStudy_bkg_PU200_11.root
/eos/user/s/sarkar/BsStudy/Processing/90X/bkg/PU200/BsStudy_bkg_PU200_110.root
/eos/user/s/sarkar/BsStudy/Processing/90X/bkg/PU200/BsStudy_bkg_PU200_111.root
/eos/user/s/sarkar/BsStudy/Processing/90X/bkg/PU200/BsStudy_bkg_PU200_112.root
/eos/user/s/sarkar/BsStudy/Processing/90X/bkg/PU200/BsStudy_bkg_PU200_113.root
/eos/user/s/sarkar/BsStudy/Processing/90X/bkg/PU200/BsStudy_bkg_PU200_114.root
/eos/user/s/sarkar/BsStudy/Processing/90X/bkg/PU200/BsStudy_bkg_PU200_115.root
/eos/user/s/sarkar/BsStudy/Processing/90X/bkg/PU200/BsStudy_bkg_PU200_116.root
/eos/user/s/sarkar/BsStudy/Processing/90X/bkg/PU200/BsStudy_bkg_PU200_117.root
/eos/user/s/sarkar/BsStudy/Processing/90X/bkg/PU200/BsStudy_bkg_PU200_118.root
/eos/user/s/sarkar/BsStudy/Processing/90X/bkg/PU200/BsStudy_bkg_PU200_119.root
/eos/user/s/sarkar/BsStudy/Processing/90X/bkg/PU200/BsStudy_bkg_PU200_12.root
/eos/user/s/sarkar/BsStudy/Processing/90X/bkg/PU200/BsStudy_bkg_PU200_120.root
/eos/user/s/sarkar/BsStudy/Processing/90X/bkg/PU200/BsStudy_bkg_PU200_121.root
/eos/user/s/sarkar/BsStudy/Processing/90X/bkg/PU200/BsStudy_bkg_PU200_122.root
/eos/user/s/sarkar/BsStudy/Processing/90X/bkg/PU200/BsStudy_bkg_PU200_123.root
/eos/user/s/sarkar/BsStudy/Processing/90X/bkg/PU200/BsStudy_bkg_PU200_124.root
/eos/user/s/sarkar/BsStudy/Processing/90X/bkg/PU200/BsStudy_bkg_PU200_125.root
/eos/user/s/sarkar/BsStudy/Processing/90X/bkg/PU200/BsStudy_bkg_PU200_126.root
/eos/user/s/sarkar/BsStudy/Processing/90X/bkg/PU200/BsStudy_bkg_PU200_127.root
/eos/user/s/sarkar/BsStudy/Processing/90X/bkg/PU200/BsStudy_bkg_PU200_128.root
/eos/user/s/sarkar/BsStudy/Processing/90X/bkg/PU200/BsStudy_bkg_PU200_129.root
/eos/user/s/sarkar/BsStudy/Processing/90X/bkg/PU200/BsStudy_bkg_PU200_13.root
/eos/user/s/sarkar/BsStudy/Processing/90X/bkg/PU200/BsStudy_bkg_PU200_130.root
/eos/user/s/sarkar/BsStudy/Processing/90X/bkg/PU200/BsStudy_bkg_PU200_131.root
/eos/user/s/sarkar/BsStudy/Processing/90X/bkg/PU200/BsStudy_bkg_PU200_132.root
/eos/user/s/sarkar/BsStudy/Processing/90X/bkg/PU200/BsStudy_bkg_PU200_133.root
/eos/user/s/sarkar/BsStudy/Processing/90X/bkg/PU200/BsStudy_bkg_PU200_134.root
/eos/user/s/sarkar/BsStudy/Processing/90X/bkg/PU200/BsStudy_bkg_PU200_135.root
/eos/user/s/sarkar/BsStudy/Processing/90X/bkg/PU200/BsStudy_bkg_PU200_136.root
/eos/user/s/sarkar/BsStudy/Processing/90X/bkg/PU200/BsStudy_bkg_PU200_137.root
/eos/user/s/sarkar/BsStudy/Processing/90X/bkg/PU200/BsStudy_bkg_PU200_138.root
/eos/user/s/sarkar/BsStudy/Processing/90X/bkg/PU200/BsStudy_bkg_PU200_139.root
/eos/user/s/sarkar/BsStudy/Processing/90X/bkg/PU200/BsStudy_bkg_PU200_14.root
/eos/user/s/sarkar/BsStudy/Processing/90X/bkg/PU200/BsStudy_bkg_PU200_140.root
/eos/user/s/sarkar/BsStudy/Processing/90X/bkg/PU200/BsStudy_bkg_PU200_141.root
/eos/user/s/sarkar/BsStudy/Processing/90X/bkg/PU200/BsStudy_bkg_PU200_142.root
/eos/user/s/sarkar/BsStudy/Processing/90X/bkg/PU200/BsStudy_bkg_PU200_143.root
/eos/user/s/sarkar/BsStudy/Processing/90X/bkg/PU200/BsStudy_bkg_PU200_144.root
/eos/user/s/sarkar/BsStudy/Processing/90X/bkg/PU200/BsStudy_bkg_PU200_145.root
/eos/user/s/sarkar/BsStudy/Processing/90X/bkg/PU200/BsStudy_bkg_PU200_146.root
/eos/user/s/sarkar/BsStudy/Processing/90X/bkg/PU200/BsStudy_bkg_PU200_147.root
/eos/user/s/sarkar/BsStudy/Processing/90X/bkg/PU200/BsStudy_bkg_PU200_148.root
/eos/user/s/sarkar/BsStudy/Processing/90X/bkg/PU200/BsStudy_bkg_PU200_149.root
/eos/user/s/sarkar/BsStudy/Processing/90X/bkg/PU200/BsStudy_bkg_PU200_15.root
/eos/user/s/sarkar/BsStudy/Processing/90X/bkg/PU200/BsStudy_bkg_PU200_150.root
/eos/user/s/sarkar/BsStudy/Processing/90X/bkg/PU200/BsStudy_bkg_PU200_151.root
/eos/user/s/sarkar/BsStudy/Processing/90X/bkg/PU200/BsStudy_bkg_PU200_152.root
/eos/user/s/sarkar/BsStudy/Processing/90X/bkg/PU200/BsStudy_bkg_PU200_153.root
/eos/user/s/sarkar/BsStudy/Processing/90X/bkg/PU200/BsStudy_bkg_PU200_154.root
/eos/user/s/sarkar/BsStudy/Processing/90X/bkg/PU200/BsStudy_bkg_PU200_155.root
/eos/user/s/sarkar/BsStudy/Processing/90X/bkg/PU200/BsStudy_bkg_PU200_156.root
/eos/user/s/sarkar/BsStudy/Processing/90X/bkg/PU200/BsStudy_bkg_PU200_157.root
/eos/user/s/sarkar/BsStudy/Processing/90X/bkg/PU200/BsStudy_bkg_PU200_158.root
/eos/user/s/sarkar/BsStudy/Processing/90X/bkg/PU200/BsStudy_bkg_PU200_159.root
/eos/user/s/sarkar/BsStudy/Processing/90X/bkg/PU200/BsStudy_bkg_PU200_16.root
/eos/user/s/sarkar/BsStudy/Processing/90X/bkg/PU200/BsStudy_bkg_PU200_160.root
/eos/user/s/sarkar/BsStudy/Processing/90X/bkg/PU200/BsStudy_bkg_PU200_161.root
/eos/user/s/sarkar/BsStudy/Processing/90X/bkg/PU200/BsStudy_bkg_PU200_162.root
/eos/user/s/sarkar/BsStudy/Processing/90X/bkg/PU200/BsStudy_bkg_PU200_163.root
/eos/user/s/sarkar/BsStudy/Processing/90X/bkg/PU200/BsStudy_bkg_PU200_164.root
/eos/user/s/sarkar/BsStudy/Processing/90X/bkg/PU200/BsStudy_bkg_PU200_165.root
/eos/user/s/sarkar/BsStudy/Processing/90X/bkg/PU200/BsStudy_bkg_PU200_166.root
/eos/user/s/sarkar/BsStudy/Processing/90X/bkg/PU200/BsStudy_bkg_PU200_167.root
/eos/user/s/sarkar/BsStudy/Processing/90X/bkg/PU200/BsStudy_bkg_PU200_168.root
/eos/user/s/sarkar/BsStudy/Processing/90X/bkg/PU200/BsStudy_bkg_PU200_169.root
/eos/user/s/sarkar/BsStudy/Processing/90X/bkg/PU200/BsStudy_bkg_PU200_17.root
/eos/user/s/sarkar/BsStudy/Processing/90X/bkg/PU200/BsStudy_bkg_PU200_170.root
/eos/user/s/sarkar/BsStudy/Processing/90X/bkg/PU200/BsStudy_bkg_PU200_171.root
/eos/user/s/sarkar/BsStudy/Processing/90X/bkg/PU200/BsStudy_bkg_PU200_172.root
/eos/user/s/sarkar/BsStudy/Processing/90X/bkg/PU200/BsStudy_bkg_PU200_173.root
/eos/user/s/sarkar/BsStudy/Processing/90X/bkg/PU200/BsStudy_bkg_PU200_174.root
/eos/user/s/sarkar/BsStudy/Processing/90X/bkg/PU200/BsStudy_bkg_PU200_175.root
/eos/user/s/sarkar/BsStudy/Processing/90X/bkg/PU200/BsStudy_bkg_PU200_176.root
/eos/user/s/sarkar/BsStudy/Processing/90X/bkg/PU200/BsStudy_bkg_PU200_177.root
/eos/user/s/sarkar/BsStudy/Processing/90X/bkg/PU200/BsStudy_bkg_PU200_178.root
/eos/user/s/sarkar/BsStudy/Processing/90X/bkg/PU200/BsStudy_bkg_PU200_179.root
/eos/user/s/sarkar/BsStudy/Processing/90X/bkg/PU200/BsStudy_bkg_PU200_18.root
/eos/user/s/sarkar/BsStudy/Processing/90X/bkg/PU200/BsStudy_bkg_PU200_180.root
/eos/user/s/sarkar/BsStudy/Processing/90X/bkg/PU200/BsStudy_bkg_PU200_181.root
/eos/user/s/sarkar/BsStudy/Processing/90X/bkg/PU200/BsStudy_bkg_PU200_182.root
/eos/user/s/sarkar/BsStudy/Processing/90X/bkg/PU200/BsStudy_bkg_PU200_183.root
/eos/user/s/sarkar/BsStudy/Processing/90X/bkg/PU200/BsStudy_bkg_PU200_184.root
/eos/user/s/sarkar/BsStudy/Processing/90X/bkg/PU200/BsStudy_bkg_PU200_185.root
/eos/user/s/sarkar/BsStudy/Processing/90X/bkg/PU200/BsStudy_bkg_PU200_186.root
/eos/user/s/sarkar/BsStudy/Processing/90X/bkg/PU200/BsStudy_bkg_PU200_187.root
/eos/user/s/sarkar/BsStudy/Processing/90X/bkg/PU200/BsStudy_bkg_PU200_188.root
/eos/user/s/sarkar/BsStudy/Processing/90X/bkg/PU200/BsStudy_bkg_PU200_189.root
/eos/user/s/sarkar/BsStudy/Processing/90X/bkg/PU200/BsStudy_bkg_PU200_19.root
/eos/user/s/sarkar/BsStudy/Processing/90X/bkg/PU200/BsStudy_bkg_PU200_190.root
/eos/user/s/sarkar/BsStudy/Processing/90X/bkg/PU200/BsStudy_bkg_PU200_191.root
/eos/user/s/sarkar/BsStudy/Processing/90X/bkg/PU200/BsStudy_bkg_PU200_192.root
/eos/user/s/sarkar/BsStudy/Processing/90X/bkg/PU200/BsStudy_bkg_PU200_193.root
/eos/user/s/sarkar/BsStudy/Processing/90X/bkg/PU200/BsStudy_bkg_PU200_194.root
/eos/user/s/sarkar/BsStudy/Processing/90X/bkg/PU200/BsStudy_bkg_PU200_195.root
/eos/user/s/sarkar/BsStudy/Processing/90X/bkg/PU200/BsStudy_bkg_PU200_196.root
/eos/user/s/sarkar/BsStudy/Processing/90X/bkg/PU200/BsStudy_bkg_PU200_197.root
/eos/user/s/sarkar/BsStudy/Processing/90X/bkg/PU200/BsStudy_bkg_PU200_198.root
/eos/user/s/sarkar/BsStudy/Processing/90X/bkg/PU200/BsStudy_bkg_PU200_199.root
/eos/user/s/sarkar/BsStudy/Processing/90X/bkg/PU200/BsStudy_bkg_PU200_2.root
/eos/user/s/sarkar/BsStudy/Processing/90X/bkg/PU200/BsStudy_bkg_PU200_20.root
/eos/user/s/sarkar/BsStudy/Processing/90X/bkg/PU200/BsStudy_bkg_PU200_200.root
/eos/user/s/sarkar/BsStudy/Processing/90X/bkg/PU200/BsStudy_bkg_PU200_201.root
/eos/user/s/sarkar/BsStudy/Processing/90X/bkg/PU200/BsStudy_bkg_PU200_202.root
/eos/user/s/sarkar/BsStudy/Processing/90X/bkg/PU200/BsStudy_bkg_PU200_203.root
/eos/user/s/sarkar/BsStudy/Processing/90X/bkg/PU200/BsStudy_bkg_PU200_204.root
/eos/user/s/sarkar/BsStudy/Processing/90X/bkg/PU200/BsStudy_bkg_PU200_205.root
/eos/user/s/sarkar/BsStudy/Processing/90X/bkg/PU200/BsStudy_bkg_PU200_206.root
/eos/user/s/sarkar/BsStudy/Processing/90X/bkg/PU200/BsStudy_bkg_PU200_207.root
/eos/user/s/sarkar/BsStudy/Processing/90X/bkg/PU200/BsStudy_bkg_PU200_208.root
/eos/user/s/sarkar/BsStudy/Processing/90X/bkg/PU200/BsStudy_bkg_PU200_209.root
/eos/user/s/sarkar/BsStudy/Processing/90X/bkg/PU200/BsStudy_bkg_PU200_21.root
/eos/user/s/sarkar/BsStudy/Processing/90X/bkg/PU200/BsStudy_bkg_PU200_210.root
/eos/user/s/sarkar/BsStudy/Processing/90X/bkg/PU200/BsStudy_bkg_PU200_211.root
/eos/user/s/sarkar/BsStudy/Processing/90X/bkg/PU200/BsStudy_bkg_PU200_212.root
/eos/user/s/sarkar/BsStudy/Processing/90X/bkg/PU200/BsStudy_bkg_PU200_213.root
/eos/user/s/sarkar/BsStudy/Processing/90X/bkg/PU200/BsStudy_bkg_PU200_214.root
/eos/user/s/sarkar/BsStudy/Processing/90X/bkg/PU200/BsStudy_bkg_PU200_215.root
/eos/user/s/sarkar/BsStudy/Processing/90X/bkg/PU200/BsStudy_bkg_PU200_216.root
/eos/user/s/sarkar/BsStudy/Processing/90X/bkg/PU200/BsStudy_bkg_PU200_217.root
/eos/user/s/sarkar/BsStudy/Processing/90X/bkg/PU200/BsStudy_bkg_PU200_218.root
/eos/user/s/sarkar/BsStudy/Processing/90X/bkg/PU200/BsStudy_bkg_PU200_219.root
/eos/user/s/sarkar/BsStudy/Processing/90X/bkg/PU200/BsStudy_bkg_PU200_22.root
/eos/user/s/sarkar/BsStudy/Processing/90X/bkg/PU200/BsStudy_bkg_PU200_220.root
/eos/user/s/sarkar/BsStudy/Processing/90X/bkg/PU200/BsStudy_bkg_PU200_221.root
/eos/user/s/sarkar/BsStudy/Processing/90X/bkg/PU200/BsStudy_bkg_PU200_222.root
/eos/user/s/sarkar/BsStudy/Processing/90X/bkg/PU200/BsStudy_bkg_PU200_223.root
/eos/user/s/sarkar/BsStudy/Processing/90X/bkg/PU200/BsStudy_bkg_PU200_224.root
/eos/user/s/sarkar/BsStudy/Processing/90X/bkg/PU200/BsStudy_bkg_PU200_225.root
/eos/user/s/sarkar/BsStudy/Processing/90X/bkg/PU200/BsStudy_bkg_PU200_226.root
/eos/user/s/sarkar/BsStudy/Processing/90X/bkg/PU200/BsStudy_bkg_PU200_227.root
/eos/user/s/sarkar/BsStudy/Processing/90X/bkg/PU200/BsStudy_bkg_PU200_228.root
/eos/user/s/sarkar/BsStudy/Processing/90X/bkg/PU200/BsStudy_bkg_PU200_229.root
/eos/user/s/sarkar/BsStudy/Processing/90X/bkg/PU200/BsStudy_bkg_PU200_23.root
/eos/user/s/sarkar/BsStudy/Processing/90X/bkg/PU200/BsStudy_bkg_PU200_230.root
/eos/user/s/sarkar/BsStudy/Processing/90X/bkg/PU200/BsStudy_bkg_PU200_231.root
/eos/user/s/sarkar/BsStudy/Processing/90X/bkg/PU200/BsStudy_bkg_PU200_232.root
/eos/user/s/sarkar/BsStudy/Processing/90X/bkg/PU200/BsStudy_bkg_PU200_233.root
/eos/user/s/sarkar/BsStudy/Processing/90X/bkg/PU200/BsStudy_bkg_PU200_234.root
/eos/user/s/sarkar/BsStudy/Processing/90X/bkg/PU200/BsStudy_bkg_PU200_235.root
/eos/user/s/sarkar/BsStudy/Processing/90X/bkg/PU200/BsStudy_bkg_PU200_236.root
/eos/user/s/sarkar/BsStudy/Processing/90X/bkg/PU200/BsStudy_bkg_PU200_237.root
/eos/user/s/sarkar/BsStudy/Processing/90X/bkg/PU200/BsStudy_bkg_PU200_238.root
/eos/user/s/sarkar/BsStudy/Processing/90X/bkg/PU200/BsStudy_bkg_PU200_239.root
/eos/user/s/sarkar/BsStudy/Processing/90X/bkg/PU200/BsStudy_bkg_PU200_24.root
/eos/user/s/sarkar/BsStudy/Processing/90X/bkg/PU200/BsStudy_bkg_PU200_240.root
/eos/user/s/sarkar/BsStudy/Processing/90X/bkg/PU200/BsStudy_bkg_PU200_241.root
/eos/user/s/sarkar/BsStudy/Processing/90X/bkg/PU200/BsStudy_bkg_PU200_242.root
/eos/user/s/sarkar/BsStudy/Processing/90X/bkg/PU200/BsStudy_bkg_PU200_243.root
/eos/user/s/sarkar/BsStudy/Processing/90X/bkg/PU200/BsStudy_bkg_PU200_244.root
/eos/user/s/sarkar/BsStudy/Processing/90X/bkg/PU200/BsStudy_bkg_PU200_245.root
/eos/user/s/sarkar/BsStudy/Processing/90X/bkg/PU200/BsStudy_bkg_PU200_246.root
/eos/user/s/sarkar/BsStudy/Processing/90X/bkg/PU200/BsStudy_bkg_PU200_247.root
/eos/user/s/sarkar/BsStudy/Processing/90X/bkg/PU200/BsStudy_bkg_PU200_248.root
/eos/user/s/sarkar/BsStudy/Processing/90X/bkg/PU200/BsStudy_bkg_PU200_249.root
/eos/user/s/sarkar/BsStudy/Processing/90X/bkg/PU200/BsStudy_bkg_PU200_25.root
/eos/user/s/sarkar/BsStudy/Processing/90X/bkg/PU200/BsStudy_bkg_PU200_250.root
/eos/user/s/sarkar/BsStudy/Processing/90X/bkg/PU200/BsStudy_bkg_PU200_251.root
/eos/user/s/sarkar/BsStudy/Processing/90X/bkg/PU200/BsStudy_bkg_PU200_252.root
/eos/user/s/sarkar/BsStudy/Processing/90X/bkg/PU200/BsStudy_bkg_PU200_253.root
/eos/user/s/sarkar/BsStudy/Processing/90X/bkg/PU200/BsStudy_bkg_PU200_254.root
/eos/user/s/sarkar/BsStudy/Processing/90X/bkg/PU200/BsStudy_bkg_PU200_255.root
/eos/user/s/sarkar/BsStudy/Processing/90X/bkg/PU200/BsStudy_bkg_PU200_256.root
/eos/user/s/sarkar/BsStudy/Processing/90X/bkg/PU200/BsStudy_bkg_PU200_257.root
/eos/user/s/sarkar/BsStudy/Processing/90X/bkg/PU200/BsStudy_bkg_PU200_258.root
/eos/user/s/sarkar/BsStudy/Processing/90X/bkg/PU200/BsStudy_bkg_PU200_259.root
/eos/user/s/sarkar/BsStudy/Processing/90X/bkg/PU200/BsStudy_bkg_PU200_26.root
/eos/user/s/sarkar/BsStudy/Processing/90X/bkg/PU200/BsStudy_bkg_PU200_260.root
/eos/user/s/sarkar/BsStudy/Processing/90X/bkg/PU200/BsStudy_bkg_PU200_261.root
/eos/user/s/sarkar/BsStudy/Processing/90X/bkg/PU200/BsStudy_bkg_PU200_262.root
/eos/user/s/sarkar/BsStudy/Processing/90X/bkg/PU200/BsStudy_bkg_PU200_263.root
/eos/user/s/sarkar/BsStudy/Processing/90X/bkg/PU200/BsStudy_bkg_PU200_264.root
/eos/user/s/sarkar/BsStudy/Processing/90X/bkg/PU200/BsStudy_bkg_PU200_265.root
/eos/user/s/sarkar/BsStudy/Processing/90X/bkg/PU200/BsStudy_bkg_PU200_266.root
/eos/user/s/sarkar/BsStudy/Processing/90X/bkg/PU200/BsStudy_bkg_PU200_267.root
/eos/user/s/sarkar/BsStudy/Processing/90X/bkg/PU200/BsStudy_bkg_PU200_268.root
/eos/user/s/sarkar/BsStudy/Processing/90X/bkg/PU200/BsStudy_bkg_PU200_269.root
/eos/user/s/sarkar/BsStudy/Processing/90X/bkg/PU200/BsStudy_bkg_PU200_27.root
/eos/user/s/sarkar/BsStudy/Processing/90X/bkg/PU200/BsStudy_bkg_PU200_270.root
/eos/user/s/sarkar/BsStudy/Processing/90X/bkg/PU200/BsStudy_bkg_PU200_271.root
/eos/user/s/sarkar/BsStudy/Processing/90X/bkg/PU200/BsStudy_bkg_PU200_272.root
/eos/user/s/sarkar/BsStudy/Processing/90X/bkg/PU200/BsStudy_bkg_PU200_273.root
/eos/user/s/sarkar/BsStudy/Processing/90X/bkg/PU200/BsStudy_bkg_PU200_274.root
/eos/user/s/sarkar/BsStudy/Processing/90X/bkg/PU200/BsStudy_bkg_PU200_275.root
/eos/user/s/sarkar/BsStudy/Processing/90X/bkg/PU200/BsStudy_bkg_PU200_276.root
/eos/user/s/sarkar/BsStudy/Processing/90X/bkg/PU200/BsStudy_bkg_PU200_277.root
/eos/user/s/sarkar/BsStudy/Processing/90X/bkg/PU200/BsStudy_bkg_PU200_278.root
/eos/user/s/sarkar/BsStudy/Processing/90X/bkg/PU200/BsStudy_bkg_PU200_279.root
/eos/user/s/sarkar/BsStudy/Processing/90X/bkg/PU200/BsStudy_bkg_PU200_28.root
/eos/user/s/sarkar/BsStudy/Processing/90X/bkg/PU200/BsStudy_bkg_PU200_280.root
/eos/user/s/sarkar/BsStudy/Processing/90X/bkg/PU200/BsStudy_bkg_PU200_281.root
/eos/user/s/sarkar/BsStudy/Processing/90X/bkg/PU200/BsStudy_bkg_PU200_282.root
/eos/user/s/sarkar/BsStudy/Processing/90X/bkg/PU200/BsStudy_bkg_PU200_283.root
/eos/user/s/sarkar/BsStudy/Processing/90X/bkg/PU200/BsStudy_bkg_PU200_284.root
/eos/user/s/sarkar/BsStudy/Processing/90X/bkg/PU200/BsStudy_bkg_PU200_285.root
/eos/user/s/sarkar/BsStudy/Processing/90X/bkg/PU200/BsStudy_bkg_PU200_286.root
/eos/user/s/sarkar/BsStudy/Processing/90X/bkg/PU200/BsStudy_bkg_PU200_287.root
/eos/user/s/sarkar/BsStudy/Processing/90X/bkg/PU200/BsStudy_bkg_PU200_288.root
/eos/user/s/sarkar/BsStudy/Processing/90X/bkg/PU200/BsStudy_bkg_PU200_289.root
/eos/user/s/sarkar/BsStudy/Processing/90X/bkg/PU200/BsStudy_bkg_PU200_29.root
/eos/user/s/sarkar/BsStudy/Processing/90X/bkg/PU200/BsStudy_bkg_PU200_290.root
/eos/user/s/sarkar/BsStudy/Processing/90X/bkg/PU200/BsStudy_bkg_PU200_291.root
/eos/user/s/sarkar/BsStudy/Processing/90X/bkg/PU200/BsStudy_bkg_PU200_292.root
/eos/user/s/sarkar/BsStudy/Processing/90X/bkg/PU200/BsStudy_bkg_PU200_293.root
/eos/user/s/sarkar/BsStudy/Processing/90X/bkg/PU200/BsStudy_bkg_PU200_294.root
/eos/user/s/sarkar/BsStudy/Processing/90X/bkg/PU200/BsStudy_bkg_PU200_295.root
/eos/user/s/sarkar/BsStudy/Processing/90X/bkg/PU200/BsStudy_bkg_PU200_296.root
/eos/user/s/sarkar/BsStudy/Processing/90X/bkg/PU200/BsStudy_bkg_PU200_297.root
/eos/user/s/sarkar/BsStudy/Processing/90X/bkg/PU200/BsStudy_bkg_PU200_298.root
/eos/user/s/sarkar/BsStudy/Processing/90X/bkg/PU200/BsStudy_bkg_PU200_299.root
/eos/user/s/sarkar/BsStudy/Processing/90X/bkg/PU200/BsStudy_bkg_PU200_3.root
/eos/user/s/sarkar/BsStudy/Processing/90X/bkg/PU200/BsStudy_bkg_PU200_30.root
/eos/user/s/sarkar/BsStudy/Processing/90X/bkg/PU200/BsStudy_bkg_PU200_300.root
/eos/user/s/sarkar/BsStudy/Processing/90X/bkg/PU200/BsStudy_bkg_PU200_301.root
/eos/user/s/sarkar/BsStudy/Processing/90X/bkg/PU200/BsStudy_bkg_PU200_302.root
/eos/user/s/sarkar/BsStudy/Processing/90X/bkg/PU200/BsStudy_bkg_PU200_303.root
/eos/user/s/sarkar/BsStudy/Processing/90X/bkg/PU200/BsStudy_bkg_PU200_304.root
/eos/user/s/sarkar/BsStudy/Processing/90X/bkg/PU200/BsStudy_bkg_PU200_305.root
/eos/user/s/sarkar/BsStudy/Processing/90X/bkg/PU200/BsStudy_bkg_PU200_306.root
/eos/user/s/sarkar/BsStudy/Processing/90X/bkg/PU200/BsStudy_bkg_PU200_307.root
/eos/user/s/sarkar/BsStudy/Processing/90X/bkg/PU200/BsStudy_bkg_PU200_308.root
/eos/user/s/sarkar/BsStudy/Processing/90X/bkg/PU200/BsStudy_bkg_PU200_309.root
/eos/user/s/sarkar/BsStudy/Processing/90X/bkg/PU200/BsStudy_bkg_PU200_31.root
/eos/user/s/sarkar/BsStudy/Processing/90X/bkg/PU200/BsStudy_bkg_PU200_310.root
/eos/user/s/sarkar/BsStudy/Processing/90X/bkg/PU200/BsStudy_bkg_PU200_311.root
/eos/user/s/sarkar/BsStudy/Processing/90X/bkg/PU200/BsStudy_bkg_PU200_312.root
/eos/user/s/sarkar/BsStudy/Processing/90X/bkg/PU200/BsStudy_bkg_PU200_313.root
/eos/user/s/sarkar/BsStudy/Processing/90X/bkg/PU200/BsStudy_bkg_PU200_314.root
/eos/user/s/sarkar/BsStudy/Processing/90X/bkg/PU200/BsStudy_bkg_PU200_315.root
/eos/user/s/sarkar/BsStudy/Processing/90X/bkg/PU200/BsStudy_bkg_PU200_316.root
/eos/user/s/sarkar/BsStudy/Processing/90X/bkg/PU200/BsStudy_bkg_PU200_317.root
/eos/user/s/sarkar/BsStudy/Processing/90X/bkg/PU200/BsStudy_bkg_PU200_318.root
/eos/user/s/sarkar/BsStudy/Processing/90X/bkg/PU200/BsStudy_bkg_PU200_319.root
/eos/user/s/sarkar/BsStudy/Processing/90X/bkg/PU200/BsStudy_bkg_PU200_32.root
/eos/user/s/sarkar/BsStudy/Processing/90X/bkg/PU200/BsStudy_bkg_PU200_320.root
/eos/user/s/sarkar/BsStudy/Processing/90X/bkg/PU200/BsStudy_bkg_PU200_321.root
/eos/user/s/sarkar/BsStudy/Processing/90X/bkg/PU200/BsStudy_bkg_PU200_322.root
/eos/user/s/sarkar/BsStudy/Processing/90X/bkg/PU200/BsStudy_bkg_PU200_323.root
/eos/user/s/sarkar/BsStudy/Processing/90X/bkg/PU200/BsStudy_bkg_PU200_324.root
/eos/user/s/sarkar/BsStudy/Processing/90X/bkg/PU200/BsStudy_bkg_PU200_325.root
/eos/user/s/sarkar/BsStudy/Processing/90X/bkg/PU200/BsStudy_bkg_PU200_326.root
/eos/user/s/sarkar/BsStudy/Processing/90X/bkg/PU200/BsStudy_bkg_PU200_327.root
/eos/user/s/sarkar/BsStudy/Processing/90X/bkg/PU200/BsStudy_bkg_PU200_328.root
/eos/user/s/sarkar/BsStudy/Processing/90X/bkg/PU200/BsStudy_bkg_PU200_329.root
/eos/user/s/sarkar/BsStudy/Processing/90X/bkg/PU200/BsStudy_bkg_PU200_33.root
/eos/user/s/sarkar/BsStudy/Processing/90X/bkg/PU200/BsStudy_bkg_PU200_330.root
/eos/user/s/sarkar/BsStudy/Processing/90X/bkg/PU200/BsStudy_bkg_PU200_331.root
/eos/user/s/sarkar/BsStudy/Processing/90X/bkg/PU200/BsStudy_bkg_PU200_332.root
/eos/user/s/sarkar/BsStudy/Processing/90X/bkg/PU200/BsStudy_bkg_PU200_333.root
/eos/user/s/sarkar/BsStudy/Processing/90X/bkg/PU200/BsStudy_bkg_PU200_334.root
/eos/user/s/sarkar/BsStudy/Processing/90X/bkg/PU200/BsStudy_bkg_PU200_335.root
/eos/user/s/sarkar/BsStudy/Processing/90X/bkg/PU200/BsStudy_bkg_PU200_336.root
/eos/user/s/sarkar/BsStudy/Processing/90X/bkg/PU200/BsStudy_bkg_PU200_337.root
/eos/user/s/sarkar/BsStudy/Processing/90X/bkg/PU200/BsStudy_bkg_PU200_338.root
/eos/user/s/sarkar/BsStudy/Processing/90X/bkg/PU200/BsStudy_bkg_PU200_339.root
/eos/user/s/sarkar/BsStudy/Processing/90X/bkg/PU200/BsStudy_bkg_PU200_34.root
/eos/user/s/sarkar/BsStudy/Processing/90X/bkg/PU200/BsStudy_bkg_PU200_340.root
/eos/user/s/sarkar/BsStudy/Processing/90X/bkg/PU200/BsStudy_bkg_PU200_341.root
/eos/user/s/sarkar/BsStudy/Processing/90X/bkg/PU200/BsStudy_bkg_PU200_342.root
/eos/user/s/sarkar/BsStudy/Processing/90X/bkg/PU200/BsStudy_bkg_PU200_343.root
/eos/user/s/sarkar/BsStudy/Processing/90X/bkg/PU200/BsStudy_bkg_PU200_344.root
/eos/user/s/sarkar/BsStudy/Processing/90X/bkg/PU200/BsStudy_bkg_PU200_345.root
/eos/user/s/sarkar/BsStudy/Processing/90X/bkg/PU200/BsStudy_bkg_PU200_346.root
/eos/user/s/sarkar/BsStudy/Processing/90X/bkg/PU200/BsStudy_bkg_PU200_347.root
/eos/user/s/sarkar/BsStudy/Processing/90X/bkg/PU200/BsStudy_bkg_PU200_348.root
/eos/user/s/sarkar/BsStudy/Processing/90X/bkg/PU200/BsStudy_bkg_PU200_349.root
/eos/user/s/sarkar/BsStudy/Processing/90X/bkg/PU200/BsStudy_bkg_PU200_35.root
/eos/user/s/sarkar/BsStudy/Processing/90X/bkg/PU200/BsStudy_bkg_PU200_350.root
/eos/user/s/sarkar/BsStudy/Processing/90X/bkg/PU200/BsStudy_bkg_PU200_351.root
/eos/user/s/sarkar/BsStudy/Processing/90X/bkg/PU200/BsStudy_bkg_PU200_352.root
/eos/user/s/sarkar/BsStudy/Processing/90X/bkg/PU200/BsStudy_bkg_PU200_353.root
/eos/user/s/sarkar/BsStudy/Processing/90X/bkg/PU200/BsStudy_bkg_PU200_354.root
/eos/user/s/sarkar/BsStudy/Processing/90X/bkg/PU200/BsStudy_bkg_PU200_355.root
/eos/user/s/sarkar/BsStudy/Processing/90X/bkg/PU200/BsStudy_bkg_PU200_356.root
/eos/user/s/sarkar/BsStudy/Processing/90X/bkg/PU200/BsStudy_bkg_PU200_357.root
/eos/user/s/sarkar/BsStudy/Processing/90X/bkg/PU200/BsStudy_bkg_PU200_358.root
/eos/user/s/sarkar/BsStudy/Processing/90X/bkg/PU200/BsStudy_bkg_PU200_359.root
/eos/user/s/sarkar/BsStudy/Processing/90X/bkg/PU200/BsStudy_bkg_PU200_36.root
/eos/user/s/sarkar/BsStudy/Processing/90X/bkg/PU200/BsStudy_bkg_PU200_360.root
/eos/user/s/sarkar/BsStudy/Processing/90X/bkg/PU200/BsStudy_bkg_PU200_361.root
/eos/user/s/sarkar/BsStudy/Processing/90X/bkg/PU200/BsStudy_bkg_PU200_362.root
/eos/user/s/sarkar/BsStudy/Processing/90X/bkg/PU200/BsStudy_bkg_PU200_363.root
/eos/user/s/sarkar/BsStudy/Processing/90X/bkg/PU200/BsStudy_bkg_PU200_364.root
/eos/user/s/sarkar/BsStudy/Processing/90X/bkg/PU200/BsStudy_bkg_PU200_365.root
/eos/user/s/sarkar/BsStudy/Processing/90X/bkg/PU200/BsStudy_bkg_PU200_366.root
/eos/user/s/sarkar/BsStudy/Processing/90X/bkg/PU200/BsStudy_bkg_PU200_367.root
/eos/user/s/sarkar/BsStudy/Processing/90X/bkg/PU200/BsStudy_bkg_PU200_368.root
/eos/user/s/sarkar/BsStudy/Processing/90X/bkg/PU200/BsStudy_bkg_PU200_369.root
/eos/user/s/sarkar/BsStudy/Processing/90X/bkg/PU200/BsStudy_bkg_PU200_37.root
/eos/user/s/sarkar/BsStudy/Processing/90X/bkg/PU200/BsStudy_bkg_PU200_370.root
/eos/user/s/sarkar/BsStudy/Processing/90X/bkg/PU200/BsStudy_bkg_PU200_371.root
/eos/user/s/sarkar/BsStudy/Processing/90X/bkg/PU200/BsStudy_bkg_PU200_372.root
/eos/user/s/sarkar/BsStudy/Processing/90X/bkg/PU200/BsStudy_bkg_PU200_373.root
/eos/user/s/sarkar/BsStudy/Processing/90X/bkg/PU200/BsStudy_bkg_PU200_374.root
/eos/user/s/sarkar/BsStudy/Processing/90X/bkg/PU200/BsStudy_bkg_PU200_375.root
/eos/user/s/sarkar/BsStudy/Processing/90X/bkg/PU200/BsStudy_bkg_PU200_376.root
/eos/user/s/sarkar/BsStudy/Processing/90X/bkg/PU200/BsStudy_bkg_PU200_377.root
/eos/user/s/sarkar/BsStudy/Processing/90X/bkg/PU200/BsStudy_bkg_PU200_378.root
/eos/user/s/sarkar/BsStudy/Processing/90X/bkg/PU200/BsStudy_bkg_PU200_379.root
/eos/user/s/sarkar/BsStudy/Processing/90X/bkg/PU200/BsStudy_bkg_PU200_38.root
/eos/user/s/sarkar/BsStudy/Processing/90X/bkg/PU200/BsStudy_bkg_PU200_380.root
/eos/user/s/sarkar/BsStudy/Processing/90X/bkg/PU200/BsStudy_bkg_PU200_381.root
/eos/user/s/sarkar/BsStudy/Processing/90X/bkg/PU200/BsStudy_bkg_PU200_382.root
/eos/user/s/sarkar/BsStudy/Processing/90X/bkg/PU200/BsStudy_bkg_PU200_383.root
/eos/user/s/sarkar/BsStudy/Processing/90X/bkg/PU200/BsStudy_bkg_PU200_384.root
/eos/user/s/sarkar/BsStudy/Processing/90X/bkg/PU200/BsStudy_bkg_PU200_385.root
/eos/user/s/sarkar/BsStudy/Processing/90X/bkg/PU200/BsStudy_bkg_PU200_386.root
/eos/user/s/sarkar/BsStudy/Processing/90X/bkg/PU200/BsStudy_bkg_PU200_387.root
/eos/user/s/sarkar/BsStudy/Processing/90X/bkg/PU200/BsStudy_bkg_PU200_388.root
/eos/user/s/sarkar/BsStudy/Processing/90X/bkg/PU200/BsStudy_bkg_PU200_389.root
/eos/user/s/sarkar/BsStudy/Processing/90X/bkg/PU200/BsStudy_bkg_PU200_39.root
/eos/user/s/sarkar/BsStudy/Processing/90X/bkg/PU200/BsStudy_bkg_PU200_390.root
/eos/user/s/sarkar/BsStudy/Processing/90X/bkg/PU200/BsStudy_bkg_PU200_391.root
/eos/user/s/sarkar/BsStudy/Processing/90X/bkg/PU200/BsStudy_bkg_PU200_392.root
/eos/user/s/sarkar/BsStudy/Processing/90X/bkg/PU200/BsStudy_bkg_PU200_393.root
/eos/user/s/sarkar/BsStudy/Processing/90X/bkg/PU200/BsStudy_bkg_PU200_394.root
/eos/user/s/sarkar/BsStudy/Processing/90X/bkg/PU200/BsStudy_bkg_PU200_395.root
/eos/user/s/sarkar/BsStudy/Processing/90X/bkg/PU200/BsStudy_bkg_PU200_396.root
/eos/user/s/sarkar/BsStudy/Processing/90X/bkg/PU200/BsStudy_bkg_PU200_397.root
/eos/user/s/sarkar/BsStudy/Processing/90X/bkg/PU200/BsStudy_bkg_PU200_398.root
/eos/user/s/sarkar/BsStudy/Processing/90X/bkg/PU200/BsStudy_bkg_PU200_399.root
/eos/user/s/sarkar/BsStudy/Processing/90X/bkg/PU200/BsStudy_bkg_PU200_4.root
/eos/user/s/sarkar/BsStudy/Processing/90X/bkg/PU200/BsStudy_bkg_PU200_40.root
/eos/user/s/sarkar/BsStudy/Processing/90X/bkg/PU200/BsStudy_bkg_PU200_400.root
/eos/user/s/sarkar/BsStudy/Processing/90X/bkg/PU200/BsStudy_bkg_PU200_401.root
/eos/user/s/sarkar/BsStudy/Processing/90X/bkg/PU200/BsStudy_bkg_PU200_402.root
/eos/user/s/sarkar/BsStudy/Processing/90X/bkg/PU200/BsStudy_bkg_PU200_403.root
/eos/user/s/sarkar/BsStudy/Processing/90X/bkg/PU200/BsStudy_bkg_PU200_404.root
/eos/user/s/sarkar/BsStudy/Processing/90X/bkg/PU200/BsStudy_bkg_PU200_405.root
/eos/user/s/sarkar/BsStudy/Processing/90X/bkg/PU200/BsStudy_bkg_PU200_406.root
/eos/user/s/sarkar/BsStudy/Processing/90X/bkg/PU200/BsStudy_bkg_PU200_407.root
/eos/user/s/sarkar/BsStudy/Processing/90X/bkg/PU200/BsStudy_bkg_PU200_408.root
/eos/user/s/sarkar/BsStudy/Processing/90X/bkg/PU200/BsStudy_bkg_PU200_409.root
/eos/user/s/sarkar/BsStudy/Processing/90X/bkg/PU200/BsStudy_bkg_PU200_41.root
/eos/user/s/sarkar/BsStudy/Processing/90X/bkg/PU200/BsStudy_bkg_PU200_410.root
/eos/user/s/sarkar/BsStudy/Processing/90X/bkg/PU200/BsStudy_bkg_PU200_411.root
/eos/user/s/sarkar/BsStudy/Processing/90X/bkg/PU200/BsStudy_bkg_PU200_412.root
/eos/user/s/sarkar/BsStudy/Processing/90X/bkg/PU200/BsStudy_bkg_PU200_413.root
/eos/user/s/sarkar/BsStudy/Processing/90X/bkg/PU200/BsStudy_bkg_PU200_414.root
/eos/user/s/sarkar/BsStudy/Processing/90X/bkg/PU200/BsStudy_bkg_PU200_415.root
/eos/user/s/sarkar/BsStudy/Processing/90X/bkg/PU200/BsStudy_bkg_PU200_416.root
/eos/user/s/sarkar/BsStudy/Processing/90X/bkg/PU200/BsStudy_bkg_PU200_417.root
/eos/user/s/sarkar/BsStudy/Processing/90X/bkg/PU200/BsStudy_bkg_PU200_418.root
/eos/user/s/sarkar/BsStudy/Processing/90X/bkg/PU200/BsStudy_bkg_PU200_419.root
/eos/user/s/sarkar/BsStudy/Processing/90X/bkg/PU200/BsStudy_bkg_PU200_42.root
/eos/user/s/sarkar/BsStudy/Processing/90X/bkg/PU200/BsStudy_bkg_PU200_420.root
/eos/user/s/sarkar/BsStudy/Processing/90X/bkg/PU200/BsStudy_bkg_PU200_421.root
/eos/user/s/sarkar/BsStudy/Processing/90X/bkg/PU200/BsStudy_bkg_PU200_422.root
/eos/user/s/sarkar/BsStudy/Processing/90X/bkg/PU200/BsStudy_bkg_PU200_423.root
/eos/user/s/sarkar/BsStudy/Processing/90X/bkg/PU200/BsStudy_bkg_PU200_424.root
/eos/user/s/sarkar/BsStudy/Processing/90X/bkg/PU200/BsStudy_bkg_PU200_425.root
/eos/user/s/sarkar/BsStudy/Processing/90X/bkg/PU200/BsStudy_bkg_PU200_426.root
/eos/user/s/sarkar/BsStudy/Processing/90X/bkg/PU200/BsStudy_bkg_PU200_427.root
/eos/user/s/sarkar/BsStudy/Processing/90X/bkg/PU200/BsStudy_bkg_PU200_428.root
/eos/user/s/sarkar/BsStudy/Processing/90X/bkg/PU200/BsStudy_bkg_PU200_429.root
/eos/user/s/sarkar/BsStudy/Processing/90X/bkg/PU200/BsStudy_bkg_PU200_43.root
/eos/user/s/sarkar/BsStudy/Processing/90X/bkg/PU200/BsStudy_bkg_PU200_430.root
/eos/user/s/sarkar/BsStudy/Processing/90X/bkg/PU200/BsStudy_bkg_PU200_431.root
/eos/user/s/sarkar/BsStudy/Processing/90X/bkg/PU200/BsStudy_bkg_PU200_432.root
/eos/user/s/sarkar/BsStudy/Processing/90X/bkg/PU200/BsStudy_bkg_PU200_433.root
/eos/user/s/sarkar/BsStudy/Processing/90X/bkg/PU200/BsStudy_bkg_PU200_434.root
/eos/user/s/sarkar/BsStudy/Processing/90X/bkg/PU200/BsStudy_bkg_PU200_435.root
/eos/user/s/sarkar/BsStudy/Processing/90X/bkg/PU200/BsStudy_bkg_PU200_436.root
/eos/user/s/sarkar/BsStudy/Processing/90X/bkg/PU200/BsStudy_bkg_PU200_437.root
/eos/user/s/sarkar/BsStudy/Processing/90X/bkg/PU200/BsStudy_bkg_PU200_438.root
/eos/user/s/sarkar/BsStudy/Processing/90X/bkg/PU200/BsStudy_bkg_PU200_439.root
/eos/user/s/sarkar/BsStudy/Processing/90X/bkg/PU200/BsStudy_bkg_PU200_44.root
/eos/user/s/sarkar/BsStudy/Processing/90X/bkg/PU200/BsStudy_bkg_PU200_440.root
/eos/user/s/sarkar/BsStudy/Processing/90X/bkg/PU200/BsStudy_bkg_PU200_441.root
/eos/user/s/sarkar/BsStudy/Processing/90X/bkg/PU200/BsStudy_bkg_PU200_442.root
/eos/user/s/sarkar/BsStudy/Processing/90X/bkg/PU200/BsStudy_bkg_PU200_443.root
/eos/user/s/sarkar/BsStudy/Processing/90X/bkg/PU200/BsStudy_bkg_PU200_444.root
/eos/user/s/sarkar/BsStudy/Processing/90X/bkg/PU200/BsStudy_bkg_PU200_445.root
/eos/user/s/sarkar/BsStudy/Processing/90X/bkg/PU200/BsStudy_bkg_PU200_446.root
/eos/user/s/sarkar/BsStudy/Processing/90X/bkg/PU200/BsStudy_bkg_PU200_447.root
/eos/user/s/sarkar/BsStudy/Processing/90X/bkg/PU200/BsStudy_bkg_PU200_448.root
/eos/user/s/sarkar/BsStudy/Processing/90X/bkg/PU200/BsStudy_bkg_PU200_449.root
/eos/user/s/sarkar/BsStudy/Processing/90X/bkg/PU200/BsStudy_bkg_PU200_45.root
/eos/user/s/sarkar/BsStudy/Processing/90X/bkg/PU200/BsStudy_bkg_PU200_450.root
/eos/user/s/sarkar/BsStudy/Processing/90X/bkg/PU200/BsStudy_bkg_PU200_451.root
/eos/user/s/sarkar/BsStudy/Processing/90X/bkg/PU200/BsStudy_bkg_PU200_452.root
/eos/user/s/sarkar/BsStudy/Processing/90X/bkg/PU200/BsStudy_bkg_PU200_453.root
/eos/user/s/sarkar/BsStudy/Processing/90X/bkg/PU200/BsStudy_bkg_PU200_454.root
/eos/user/s/sarkar/BsStudy/Processing/90X/bkg/PU200/BsStudy_bkg_PU200_455.root
/eos/user/s/sarkar/BsStudy/Processing/90X/bkg/PU200/BsStudy_bkg_PU200_456.root
/eos/user/s/sarkar/BsStudy/Processing/90X/bkg/PU200/BsStudy_bkg_PU200_457.root
/eos/user/s/sarkar/BsStudy/Processing/90X/bkg/PU200/BsStudy_bkg_PU200_458.root
/eos/user/s/sarkar/BsStudy/Processing/90X/bkg/PU200/BsStudy_bkg_PU200_459.root
/eos/user/s/sarkar/BsStudy/Processing/90X/bkg/PU200/BsStudy_bkg_PU200_46.root
/eos/user/s/sarkar/BsStudy/Processing/90X/bkg/PU200/BsStudy_bkg_PU200_460.root
/eos/user/s/sarkar/BsStudy/Processing/90X/bkg/PU200/BsStudy_bkg_PU200_461.root
/eos/user/s/sarkar/BsStudy/Processing/90X/bkg/PU200/BsStudy_bkg_PU200_462.root
/eos/user/s/sarkar/BsStudy/Processing/90X/bkg/PU200/BsStudy_bkg_PU200_463.root
/eos/user/s/sarkar/BsStudy/Processing/90X/bkg/PU200/BsStudy_bkg_PU200_464.root
/eos/user/s/sarkar/BsStudy/Processing/90X/bkg/PU200/BsStudy_bkg_PU200_465.root
/eos/user/s/sarkar/BsStudy/Processing/90X/bkg/PU200/BsStudy_bkg_PU200_466.root
/eos/user/s/sarkar/BsStudy/Processing/90X/bkg/PU200/BsStudy_bkg_PU200_467.root
/eos/user/s/sarkar/BsStudy/Processing/90X/bkg/PU200/BsStudy_bkg_PU200_468.root
/eos/user/s/sarkar/BsStudy/Processing/90X/bkg/PU200/BsStudy_bkg_PU200_469.root
/eos/user/s/sarkar/BsStudy/Processing/90X/bkg/PU200/BsStudy_bkg_PU200_47.root
/eos/user/s/sarkar/BsStudy/Processing/90X/bkg/PU200/BsStudy_bkg_PU200_470.root
/eos/user/s/sarkar/BsStudy/Processing/90X/bkg/PU200/BsStudy_bkg_PU200_471.root
/eos/user/s/sarkar/BsStudy/Processing/90X/bkg/PU200/BsStudy_bkg_PU200_472.root
/eos/user/s/sarkar/BsStudy/Processing/90X/bkg/PU200/BsStudy_bkg_PU200_473.root
/eos/user/s/sarkar/BsStudy/Processing/90X/bkg/PU200/BsStudy_bkg_PU200_474.root
/eos/user/s/sarkar/BsStudy/Processing/90X/bkg/PU200/BsStudy_bkg_PU200_475.root
/eos/user/s/sarkar/BsStudy/Processing/90X/bkg/PU200/BsStudy_bkg_PU200_476.root
/eos/user/s/sarkar/BsStudy/Processing/90X/bkg/PU200/BsStudy_bkg_PU200_477.root
/eos/user/s/sarkar/BsStudy/Processing/90X/bkg/PU200/BsStudy_bkg_PU200_478.root
/eos/user/s/sarkar/BsStudy/Processing/90X/bkg/PU200/BsStudy_bkg_PU200_479.root
/eos/user/s/sarkar/BsStudy/Processing/90X/bkg/PU200/BsStudy_bkg_PU200_48.root
/eos/user/s/sarkar/BsStudy/Processing/90X/bkg/PU200/BsStudy_bkg_PU200_480.root
/eos/user/s/sarkar/BsStudy/Processing/90X/bkg/PU200/BsStudy_bkg_PU200_481.root
/eos/user/s/sarkar/BsStudy/Processing/90X/bkg/PU200/BsStudy_bkg_PU200_482.root
/eos/user/s/sarkar/BsStudy/Processing/90X/bkg/PU200/BsStudy_bkg_PU200_483.root
/eos/user/s/sarkar/BsStudy/Processing/90X/bkg/PU200/BsStudy_bkg_PU200_484.root
/eos/user/s/sarkar/BsStudy/Processing/90X/bkg/PU200/BsStudy_bkg_PU200_485.root
/eos/user/s/sarkar/BsStudy/Processing/90X/bkg/PU200/BsStudy_bkg_PU200_486.root
/eos/user/s/sarkar/BsStudy/Processing/90X/bkg/PU200/BsStudy_bkg_PU200_487.root
/eos/user/s/sarkar/BsStudy/Processing/90X/bkg/PU200/BsStudy_bkg_PU200_488.root
/eos/user/s/sarkar/BsStudy/Processing/90X/bkg/PU200/BsStudy_bkg_PU200_489.root
/eos/user/s/sarkar/BsStudy/Processing/90X/bkg/PU200/BsStudy_bkg_PU200_49.root
/eos/user/s/sarkar/BsStudy/Processing/90X/bkg/PU200/BsStudy_bkg_PU200_490.root
/eos/user/s/sarkar/BsStudy/Processing/90X/bkg/PU200/BsStudy_bkg_PU200_491.root
/eos/user/s/sarkar/BsStudy/Processing/90X/bkg/PU200/BsStudy_bkg_PU200_492.root
/eos/user/s/sarkar/BsStudy/Processing/90X/bkg/PU200/BsStudy_bkg_PU200_493.root
/eos/user/s/sarkar/BsStudy/Processing/90X/bkg/PU200/BsStudy_bkg_PU200_494.root
/eos/user/s/sarkar/BsStudy/Processing/90X/bkg/PU200/BsStudy_bkg_PU200_495.root
/eos/user/s/sarkar/BsStudy/Processing/90X/bkg/PU200/BsStudy_bkg_PU200_496.root
/eos/user/s/sarkar/BsStudy/Processing/90X/bkg/PU200/BsStudy_bkg_PU200_497.root
/eos/user/s/sarkar/BsStudy/Processing/90X/bkg/PU200/BsStudy_bkg_PU200_498.root
/eos/user/s/sarkar/BsStudy/Processing/90X/bkg/PU200/BsStudy_bkg_PU200_499.root
/eos/user/s/sarkar/BsStudy/Processing/90X/bkg/PU200/BsStudy_bkg_PU200_5.root
/eos/user/s/sarkar/BsStudy/Processing/90X/bkg/PU200/BsStudy_bkg_PU200_50.root
/eos/user/s/sarkar/BsStudy/Processing/90X/bkg/PU200/BsStudy_bkg_PU200_500.root
/eos/user/s/sarkar/BsStudy/Processing/90X/bkg/PU200/BsStudy_bkg_PU200_501.root
/eos/user/s/sarkar/BsStudy/Processing/90X/bkg/PU200/BsStudy_bkg_PU200_51.root
/eos/user/s/sarkar/BsStudy/Processing/90X/bkg/PU200/BsStudy_bkg_PU200_52.root
/eos/user/s/sarkar/BsStudy/Processing/90X/bkg/PU200/BsStudy_bkg_PU200_53.root
/eos/user/s/sarkar/BsStudy/Processing/90X/bkg/PU200/BsStudy_bkg_PU200_54.root
/eos/user/s/sarkar/BsStudy/Processing/90X/bkg/PU200/BsStudy_bkg_PU200_55.root
/eos/user/s/sarkar/BsStudy/Processing/90X/bkg/PU200/BsStudy_bkg_PU200_56.root
/eos/user/s/sarkar/BsStudy/Processing/90X/bkg/PU200/BsStudy_bkg_PU200_57.root
/eos/user/s/sarkar/BsStudy/Processing/90X/bkg/PU200/BsStudy_bkg_PU200_58.root
/eos/user/s/sarkar/BsStudy/Processing/90X/bkg/PU200/BsStudy_bkg_PU200_59.root
/eos/user/s/sarkar/BsStudy/Processing/90X/bkg/PU200/BsStudy_bkg_PU200_6.root
/eos/user/s/sarkar/BsStudy/Processing/90X/bkg/PU200/BsStudy_bkg_PU200_60.root
/eos/user/s/sarkar/BsStudy/Processing/90X/bkg/PU200/BsStudy_bkg_PU200_61.root
/eos/user/s/sarkar/BsStudy/Processing/90X/bkg/PU200/BsStudy_bkg_PU200_62.root
/eos/user/s/sarkar/BsStudy/Processing/90X/bkg/PU200/BsStudy_bkg_PU200_63.root
/eos/user/s/sarkar/BsStudy/Processing/90X/bkg/PU200/BsStudy_bkg_PU200_64.root
/eos/user/s/sarkar/BsStudy/Processing/90X/bkg/PU200/BsStudy_bkg_PU200_65.root
/eos/user/s/sarkar/BsStudy/Processing/90X/bkg/PU200/BsStudy_bkg_PU200_66.root
/eos/user/s/sarkar/BsStudy/Processing/90X/bkg/PU200/BsStudy_bkg_PU200_67.root
/eos/user/s/sarkar/BsStudy/Processing/90X/bkg/PU200/BsStudy_bkg_PU200_68.root
/eos/user/s/sarkar/BsStudy/Processing/90X/bkg/PU200/BsStudy_bkg_PU200_69.root
/eos/user/s/sarkar/BsStudy/Processing/90X/bkg/PU200/BsStudy_bkg_PU200_7.root
/eos/user/s/sarkar/BsStudy/Processing/90X/bkg/PU200/BsStudy_bkg_PU200_70.root
/eos/user/s/sarkar/BsStudy/Processing/90X/bkg/PU200/BsStudy_bkg_PU200_71.root
/eos/user/s/sarkar/BsStudy/Processing/90X/bkg/PU200/BsStudy_bkg_PU200_72.root
/eos/user/s/sarkar/BsStudy/Processing/90X/bkg/PU200/BsStudy_bkg_PU200_73.root
/eos/user/s/sarkar/BsStudy/Processing/90X/bkg/PU200/BsStudy_bkg_PU200_74.root
/eos/user/s/sarkar/BsStudy/Processing/90X/bkg/PU200/BsStudy_bkg_PU200_75.root
/eos/user/s/sarkar/BsStudy/Processing/90X/bkg/PU200/BsStudy_bkg_PU200_76.root
/eos/user/s/sarkar/BsStudy/Processing/90X/bkg/PU200/BsStudy_bkg_PU200_77.root
/eos/user/s/sarkar/BsStudy/Processing/90X/bkg/PU200/BsStudy_bkg_PU200_78.root
/eos/user/s/sarkar/BsStudy/Processing/90X/bkg/PU200/BsStudy_bkg_PU200_79.root
/eos/user/s/sarkar/BsStudy/Processing/90X/bkg/PU200/BsStudy_bkg_PU200_8.root
/eos/user/s/sarkar/BsStudy/Processing/90X/bkg/PU200/BsStudy_bkg_PU200_80.root
/eos/user/s/sarkar/BsStudy/Processing/90X/bkg/PU200/BsStudy_bkg_PU200_81.root
/eos/user/s/sarkar/BsStudy/Processing/90X/bkg/PU200/BsStudy_bkg_PU200_82.root
/eos/user/s/sarkar/BsStudy/Processing/90X/bkg/PU200/BsStudy_bkg_PU200_83.root
/eos/user/s/sarkar/BsStudy/Processing/90X/bkg/PU200/BsStudy_bkg_PU200_84.root
/eos/user/s/sarkar/BsStudy/Processing/90X/bkg/PU200/BsStudy_bkg_PU200_85.root
/eos/user/s/sarkar/BsStudy/Processing/90X/bkg/PU200/BsStudy_bkg_PU200_86.root
/eos/user/s/sarkar/BsStudy/Processing/90X/bkg/PU200/BsStudy_bkg_PU200_87.root
/eos/user/s/sarkar/BsStudy/Processing/90X/bkg/PU200/BsStudy_bkg_PU200_88.root
/eos/user/s/sarkar/BsStudy/Processing/90X/bkg/PU200/BsStudy_bkg_PU200_89.root
/eos/user/s/sarkar/BsStudy/Processing/90X/bkg/PU200/BsStudy_bkg_PU200_9.root
/eos/user/s/sarkar/BsStudy/Processing/90X/bkg/PU200/BsStudy_bkg_PU200_90.root
/eos/user/s/sarkar/BsStudy/Processing/90X/bkg/PU200/BsStudy_bkg_PU200_91.root
/eos/user/s/sarkar/BsStudy/Processing/90X/bkg/PU200/BsStudy_bkg_PU200_92.root
/eos/user/s/sarkar/BsStudy/Processing/90X/bkg/PU200/BsStudy_bkg_PU200_93.root
/eos/user/s/sarkar/BsStudy/Processing/90X/bkg/PU200/BsStudy_bkg_PU200_94.root
/eos/user/s/sarkar/BsStudy/Processing/90X/bkg/PU200/BsStudy_bkg_PU200_95.root
/eos/user/s/sarkar/BsStudy/Processing/90X/bkg/PU200/BsStudy_bkg_PU200_96.root
/eos/user/s/sarkar/BsStudy/Processing/90X/bkg/PU200/BsStudy_bkg_PU200_97.root
/eos/user/s/sarkar/BsStudy/Processing/90X/bkg/PU200/BsStudy_bkg_PU200_98.root
/eos/user/s/sarkar/BsStudy/Processing/90X/bkg/PU200/BsStudy_bkg_PU200_99.root
>>> bsSelCuts
        massHigh:    5.48
         massLow:    5.29
    maxPhiPairDr:    1.00
   maxPhiPairDxy:    0.50
    maxPhiPairDz:    1.00
     maxPhiTrkDr:    0.12
    minPhiPairDr:    0.20
>>> phiSelCuts
        massHigh:    1.03
         massLow:    1.00
   maxTrkPairDxy:    0.50
    maxTrkPairDz:    0.30
>>> trkSelCuts
      maxTrkChi2:   20.00
       maxTrkEta:    2.50
    minTrkLayers:    4.00
  minTrkPSLayers:    2.00
        minTrkPt:    2.00
==> Results: 
                                                         CutFlow    Events    AbsEff     Error    RelEff     Error
                                                Events processed    500000   1.00000     0.000   1.00000      -nan
                                                 after GenFilter    500000   1.00000     0.000   1.00000     0.000
                                                    w/ ntrk >= 4    500000   1.00000     0.000   1.00000     0.000
                                                     w/ >= 2 Phi     51318   0.10264     0.000   0.10264     0.000
                                          w/ Phi distinct tracks     47558   0.09512     0.000   0.92673     0.001
                                            w/ Phi dxy & dz2 cut     12326   0.02465     0.000   0.25918     0.002
                                             w/ dR(Phi pair) cut      1689   0.00338     0.000   0.13703     0.003
                                           w/ dR(Track pair) cut      1550   0.00310     0.000   0.91770     0.007
                                               in Bs mass window        50   0.00010     0.000   0.03226     0.004
Rate for Outer Tracker
Rate in kHz = 3.00 Poisson Error = 0.42 Binomial error = 0.42
