  datatype = Signal
   logFile = PU200/Signal_pu200_medium_baseline.out
  histFile = PU200/Signal_pu200_medium_baseline.root
 verbosity = 0
  maxEvent = -1
>>> INFO. nFiles: 15, Files to analyse:
/eos/user/s/sarkar/BsStudy/Processing/90X/signal/PU200/BsStudy_signal_PU200_13.root
/eos/user/s/sarkar/BsStudy/Processing/90X/signal/PU200/BsStudy_signal_PU200_9.root
/eos/user/s/sarkar/BsStudy/Processing/90X/signal/PU200/BsStudy_signal_PU200_14.root
/eos/user/s/sarkar/BsStudy/Processing/90X/signal/PU200/BsStudy_signal_PU200_15.root
/eos/user/s/sarkar/BsStudy/Processing/90X/signal/PU200/BsStudy_signal_PU200_8.root
/eos/user/s/sarkar/BsStudy/Processing/90X/signal/PU200/BsStudy_signal_PU200_3.root
/eos/user/s/sarkar/BsStudy/Processing/90X/signal/PU200/BsStudy_signal_PU200_10.root
/eos/user/s/sarkar/BsStudy/Processing/90X/signal/PU200/BsStudy_signal_PU200_12.root
/eos/user/s/sarkar/BsStudy/Processing/90X/signal/PU200/BsStudy_signal_PU200_4.root
/eos/user/s/sarkar/BsStudy/Processing/90X/signal/PU200/BsStudy_signal_PU200_6.root
/eos/user/s/sarkar/BsStudy/Processing/90X/signal/PU200/BsStudy_signal_PU200_11.root
/eos/user/s/sarkar/BsStudy/Processing/90X/signal/PU200/BsStudy_signal_PU200_5.root
/eos/user/s/sarkar/BsStudy/Processing/90X/signal/PU200/BsStudy_signal_PU200_1.root
/eos/user/s/sarkar/BsStudy/Processing/90X/signal/PU200/BsStudy_signal_PU200_2.root
/eos/user/s/sarkar/BsStudy/Processing/90X/signal/PU200/BsStudy_signal_PU200_7.root
>>> bsSelCuts
        massHigh:    5.48
         massLow:    5.29
    maxPhiPairDr:    1.00
   maxPhiPairDxy:    1.00
    maxPhiPairDz:    1.00
     maxPhiTrkDr:    0.12
    minPhiPairDr:    0.20
>>> phiSelCuts
        massHigh:    1.03
         massLow:    1.00
   maxTrkPairDxy:    1.00
    maxTrkPairDz:    1.00
>>> trkSelCuts
      maxTrkChi2:   20.00
       maxTrkEta:    2.50
    minTrkLayers:    4.00
  minTrkPSLayers:    2.00
        minTrkPt:    2.00
==> Results: 
                                                         CutFlow    Events    AbsEff     Error    RelEff     Error
                                                Events processed     34288   1.00000     0.000   1.00000      -nan
                                                 after GenFilter      3195   0.09318     0.002   0.09318     0.002
                                                    w/ ntrk >= 4      3195   0.09318     0.002   1.00000     0.000
                                                     w/ >= 2 Phi      2108   0.06148     0.001   0.65978     0.008
                                          w/ Phi distinct tracks      2090   0.06095     0.001   0.99146     0.002
                                            w/ Phi dxy & dz2 cut      1273   0.03713     0.001   0.60909     0.011
                                             w/ dR(Phi pair) cut       883   0.02575     0.001   0.69364     0.013
                                           w/ dR(Track pair) cut       873   0.02546     0.001   0.98867     0.004
                                               in Bs mass window       695   0.02027     0.001   0.79611     0.014
                                                 final gen match       690   0.02012     0.001   0.99281     0.003
Efficiency for Outer Tracker
Efficiency = 21.60 Poisson Error = 0.91 Binomial error = 0.73
