  datatype = Signal
   logFile = PU140/Signal_pu140_loose_baseline.out
  histFile = PU140/Signal_pu140_loose_baseline.root
 verbosity = 0
  maxEvent = -1
>>> INFO. nFiles: 18, Files to analyse:
/eos/user/s/sarkar/BsStudy/Processing/90X/signal/PU140/BsStudy_signal_PU140_18.root
/eos/user/s/sarkar/BsStudy/Processing/90X/signal/PU140/BsStudy_signal_PU140_7.root
/eos/user/s/sarkar/BsStudy/Processing/90X/signal/PU140/BsStudy_signal_PU140_1.root
/eos/user/s/sarkar/BsStudy/Processing/90X/signal/PU140/BsStudy_signal_PU140_3.root
/eos/user/s/sarkar/BsStudy/Processing/90X/signal/PU140/BsStudy_signal_PU140_11.root
/eos/user/s/sarkar/BsStudy/Processing/90X/signal/PU140/BsStudy_signal_PU140_13.root
/eos/user/s/sarkar/BsStudy/Processing/90X/signal/PU140/BsStudy_signal_PU140_17.root
/eos/user/s/sarkar/BsStudy/Processing/90X/signal/PU140/BsStudy_signal_PU140_4.root
/eos/user/s/sarkar/BsStudy/Processing/90X/signal/PU140/BsStudy_signal_PU140_8.root
/eos/user/s/sarkar/BsStudy/Processing/90X/signal/PU140/BsStudy_signal_PU140_14.root
/eos/user/s/sarkar/BsStudy/Processing/90X/signal/PU140/BsStudy_signal_PU140_2.root
/eos/user/s/sarkar/BsStudy/Processing/90X/signal/PU140/BsStudy_signal_PU140_10.root
/eos/user/s/sarkar/BsStudy/Processing/90X/signal/PU140/BsStudy_signal_PU140_9.root
/eos/user/s/sarkar/BsStudy/Processing/90X/signal/PU140/BsStudy_signal_PU140_6.root
/eos/user/s/sarkar/BsStudy/Processing/90X/signal/PU140/BsStudy_signal_PU140_16.root
/eos/user/s/sarkar/BsStudy/Processing/90X/signal/PU140/BsStudy_signal_PU140_12.root
/eos/user/s/sarkar/BsStudy/Processing/90X/signal/PU140/BsStudy_signal_PU140_15.root
/eos/user/s/sarkar/BsStudy/Processing/90X/signal/PU140/BsStudy_signal_PU140_5.root
>>> bsSelCuts
        massHigh:    5.49
         massLow:    5.27
    maxPhiPairDr:    1.00
   maxPhiPairDxy:    1.00
    maxPhiPairDz:    1.00
     maxPhiTrkDr:    0.12
    minPhiPairDr:    0.20
>>> phiSelCuts
        massHigh:    1.04
         massLow:    0.99
   maxTrkPairDxy:    1.00
    maxTrkPairDz:    1.00
>>> trkSelCuts
      maxTrkChi2:   20.00
       maxTrkEta:    2.50
    minTrkLayers:    4.00
  minTrkPSLayers:    2.00
        minTrkPt:    2.00
==> Results: 
                                                         CutFlow    Events    AbsEff     Error    RelEff     Error
                                                Events processed     34210   1.00000     0.000   1.00000      -nan
                                                 after GenFilter      3109   0.09088     0.002   0.09088     0.002
                                                    w/ ntrk >= 4      3109   0.09088     0.002   1.00000     0.000
                                                     w/ >= 2 Phi      2179   0.06369     0.001   0.70087     0.008
                                          w/ Phi distinct tracks      2151   0.06288     0.001   0.98715     0.002
                                            w/ Phi dxy & dz2 cut      1441   0.04212     0.001   0.66992     0.010
                                             w/ dR(Phi pair) cut      1073   0.03137     0.001   0.74462     0.011
                                           w/ dR(Track pair) cut      1061   0.03101     0.001   0.98882     0.003
                                               in Bs mass window       898   0.02625     0.001   0.84637     0.011
                                                 final gen match       895   0.02616     0.001   0.99666     0.002
Efficiency for Outer Tracker
Efficiency = 28.79 Poisson Error = 1.09 Binomial error = 0.81
