  datatype = Signal
   logFile = PU140/dz_change_tight_baseline/Signal_pu140_tight_baseline_dz_0.3.out
  histFile = PU140/dz_change_tight_baseline/Signal_pu140_tight_baseline_dz_0.3.root
 verbosity = 0
  maxEvent = -1
>>> INFO. nFiles: 18, Files to analyse:
/eos/user/s/sarkar/BsStudy/Processing/90X/signal/PU140/BsStudy_signal_PU140_18.root
/eos/user/s/sarkar/BsStudy/Processing/90X/signal/PU140/BsStudy_signal_PU140_7.root
/eos/user/s/sarkar/BsStudy/Processing/90X/signal/PU140/BsStudy_signal_PU140_1.root
/eos/user/s/sarkar/BsStudy/Processing/90X/signal/PU140/BsStudy_signal_PU140_3.root
/eos/user/s/sarkar/BsStudy/Processing/90X/signal/PU140/BsStudy_signal_PU140_11.root
/eos/user/s/sarkar/BsStudy/Processing/90X/signal/PU140/BsStudy_signal_PU140_13.root
/eos/user/s/sarkar/BsStudy/Processing/90X/signal/PU140/BsStudy_signal_PU140_17.root
/eos/user/s/sarkar/BsStudy/Processing/90X/signal/PU140/BsStudy_signal_PU140_4.root
/eos/user/s/sarkar/BsStudy/Processing/90X/signal/PU140/BsStudy_signal_PU140_8.root
/eos/user/s/sarkar/BsStudy/Processing/90X/signal/PU140/BsStudy_signal_PU140_14.root
/eos/user/s/sarkar/BsStudy/Processing/90X/signal/PU140/BsStudy_signal_PU140_2.root
/eos/user/s/sarkar/BsStudy/Processing/90X/signal/PU140/BsStudy_signal_PU140_10.root
/eos/user/s/sarkar/BsStudy/Processing/90X/signal/PU140/BsStudy_signal_PU140_9.root
/eos/user/s/sarkar/BsStudy/Processing/90X/signal/PU140/BsStudy_signal_PU140_6.root
/eos/user/s/sarkar/BsStudy/Processing/90X/signal/PU140/BsStudy_signal_PU140_16.root
/eos/user/s/sarkar/BsStudy/Processing/90X/signal/PU140/BsStudy_signal_PU140_12.root
/eos/user/s/sarkar/BsStudy/Processing/90X/signal/PU140/BsStudy_signal_PU140_15.root
/eos/user/s/sarkar/BsStudy/Processing/90X/signal/PU140/BsStudy_signal_PU140_5.root
>>> bsSelCuts
        massHigh:    5.48
         massLow:    5.29
    maxPhiPairDr:    1.00
   maxPhiPairDxy:    0.50
    maxPhiPairDz:    1.00
     maxPhiTrkDr:    0.12
    minPhiPairDr:    0.20
>>> phiSelCuts
        massHigh:    1.03
         massLow:    1.00
   maxTrkPairDxy:    0.50
    maxTrkPairDz:    0.30
>>> trkSelCuts
      maxTrkChi2:   20.00
       maxTrkEta:    2.50
    minTrkLayers:    4.00
  minTrkPSLayers:    2.00
        minTrkPt:    2.00
==> Results: 
                                                         CutFlow    Events    AbsEff     Error    RelEff     Error
                                                Events processed     34210   1.00000     0.000   1.00000      -nan
                                                 after GenFilter      3109   0.09088     0.002   0.09088     0.002
                                                    w/ ntrk >= 4      3109   0.09088     0.002   1.00000     0.000
                                                     w/ >= 2 Phi      1044   0.03052     0.001   0.33580     0.008
                                          w/ Phi distinct tracks      1020   0.02982     0.001   0.97701     0.005
                                            w/ Phi dxy & dz2 cut       650   0.01900     0.001   0.63725     0.015
                                             w/ dR(Phi pair) cut       528   0.01543     0.001   0.81231     0.015
                                           w/ dR(Track pair) cut       523   0.01529     0.001   0.99053     0.004
                                               in Bs mass window       485   0.01418     0.001   0.92734     0.011
                                                 final gen match       483   0.01412     0.001   0.99588     0.003
Efficiency for Outer Tracker
Efficiency = 15.54 Poisson Error = 0.76 Binomial error = 0.65
