  datatype = Signal
   logFile = PU200_June20/dz_change_tight_baseline/Signal_pu200_tight_baseline_dz_1.out
  histFile = PU200_June20/dz_change_tight_baseline/Signal_pu200_tight_baseline_dz_1.root
 verbosity = 0
  maxEvent = -1
>>> INFO. nFiles: 30, Files to analyse:
/eos/user/s/sarkar/BsStudy/Processing/920/signal/PU200/BsStudy_signal_PU200_10.root
/eos/user/s/sarkar/BsStudy/Processing/920/signal/PU200/BsStudy_signal_PU200_11.root
/eos/user/s/sarkar/BsStudy/Processing/920/signal/PU200/BsStudy_signal_PU200_12.root
/eos/user/s/sarkar/BsStudy/Processing/920/signal/PU200/BsStudy_signal_PU200_13.root
/eos/user/s/sarkar/BsStudy/Processing/920/signal/PU200/BsStudy_signal_PU200_14.root
/eos/user/s/sarkar/BsStudy/Processing/920/signal/PU200/BsStudy_signal_PU200_15.root
/eos/user/s/sarkar/BsStudy/Processing/920/signal/PU200/BsStudy_signal_PU200_16.root
/eos/user/s/sarkar/BsStudy/Processing/920/signal/PU200/BsStudy_signal_PU200_17.root
/eos/user/s/sarkar/BsStudy/Processing/920/signal/PU200/BsStudy_signal_PU200_18.root
/eos/user/s/sarkar/BsStudy/Processing/920/signal/PU200/BsStudy_signal_PU200_19.root
/eos/user/s/sarkar/BsStudy/Processing/920/signal/PU200/BsStudy_signal_PU200_1.root
/eos/user/s/sarkar/BsStudy/Processing/920/signal/PU200/BsStudy_signal_PU200_20.root
/eos/user/s/sarkar/BsStudy/Processing/920/signal/PU200/BsStudy_signal_PU200_21.root
/eos/user/s/sarkar/BsStudy/Processing/920/signal/PU200/BsStudy_signal_PU200_22.root
/eos/user/s/sarkar/BsStudy/Processing/920/signal/PU200/BsStudy_signal_PU200_23.root
/eos/user/s/sarkar/BsStudy/Processing/920/signal/PU200/BsStudy_signal_PU200_24.root
/eos/user/s/sarkar/BsStudy/Processing/920/signal/PU200/BsStudy_signal_PU200_25.root
/eos/user/s/sarkar/BsStudy/Processing/920/signal/PU200/BsStudy_signal_PU200_26.root
/eos/user/s/sarkar/BsStudy/Processing/920/signal/PU200/BsStudy_signal_PU200_27.root
/eos/user/s/sarkar/BsStudy/Processing/920/signal/PU200/BsStudy_signal_PU200_28.root
/eos/user/s/sarkar/BsStudy/Processing/920/signal/PU200/BsStudy_signal_PU200_29.root
/eos/user/s/sarkar/BsStudy/Processing/920/signal/PU200/BsStudy_signal_PU200_2.root
/eos/user/s/sarkar/BsStudy/Processing/920/signal/PU200/BsStudy_signal_PU200_30.root
/eos/user/s/sarkar/BsStudy/Processing/920/signal/PU200/BsStudy_signal_PU200_3.root
/eos/user/s/sarkar/BsStudy/Processing/920/signal/PU200/BsStudy_signal_PU200_4.root
/eos/user/s/sarkar/BsStudy/Processing/920/signal/PU200/BsStudy_signal_PU200_5.root
/eos/user/s/sarkar/BsStudy/Processing/920/signal/PU200/BsStudy_signal_PU200_6.root
/eos/user/s/sarkar/BsStudy/Processing/920/signal/PU200/BsStudy_signal_PU200_7.root
/eos/user/s/sarkar/BsStudy/Processing/920/signal/PU200/BsStudy_signal_PU200_8.root
/eos/user/s/sarkar/BsStudy/Processing/920/signal/PU200/BsStudy_signal_PU200_9.root
>>> bsSelCuts
        massHigh:    5.48
         massLow:    5.29
    maxPhiPairDr:    1.00
   maxPhiPairDxy:    0.50
    maxPhiPairDz:    1.00
     maxPhiTrkDr:    0.12
    minPhiPairDr:    0.20
>>> phiSelCuts
        massHigh:    1.03
         massLow:    1.00
   maxTrkPairDxy:    0.50
    maxTrkPairDz:    1.00
>>> trkSelCuts
      maxTrkChi2:   20.00
       maxTrkEta:    2.50
    minTrkLayers:    4.00
  minTrkPSLayers:    2.00
        minTrkPt:    2.00
==> Results: 
                                                         CutFlow    Events    AbsEff     Error    RelEff     Error
                                                Events processed     34288   1.00000     0.000   1.00000      -nan
                                                 after GenFilter      3195   0.09318     0.002   0.09318     0.002
                                                    w/ ntrk >= 4      3195   0.09318     0.002   1.00000     0.000
                                                     w/ >= 2 Phi      2418   0.07052     0.001   0.75681     0.008
                                          w/ Phi distinct tracks      2394   0.06982     0.001   0.99007     0.002
                                            w/ Phi dxy & dz2 cut      1599   0.04663     0.001   0.66792     0.010
                                             w/ dR(Phi pair) cut      1124   0.03278     0.001   0.70294     0.011
                                           w/ dR(Track pair) cut      1103   0.03217     0.001   0.98132     0.004
                                               in Bs mass window       879   0.02564     0.001   0.79692     0.012
                                                 final gen match       877   0.02558     0.001   0.99772     0.002
Efficiency for Outer Tracker
Efficiency = 27.45 Poisson Error = 1.05 Binomial error = 0.79
