  datatype = Signal
   logFile = PU200_June20/dz_change_tight_baseline/Signal_pu200_tight_baseline_dz_0.9.out
  histFile = PU200_June20/dz_change_tight_baseline/Signal_pu200_tight_baseline_dz_0.9.root
 verbosity = 0
  maxEvent = -1
>>> INFO. nFiles: 30, Files to analyse:
/eos/user/s/sarkar/BsStudy/Processing/920/signal/PU200/BsStudy_signal_PU200_10.root
/eos/user/s/sarkar/BsStudy/Processing/920/signal/PU200/BsStudy_signal_PU200_11.root
/eos/user/s/sarkar/BsStudy/Processing/920/signal/PU200/BsStudy_signal_PU200_12.root
/eos/user/s/sarkar/BsStudy/Processing/920/signal/PU200/BsStudy_signal_PU200_13.root
/eos/user/s/sarkar/BsStudy/Processing/920/signal/PU200/BsStudy_signal_PU200_14.root
/eos/user/s/sarkar/BsStudy/Processing/920/signal/PU200/BsStudy_signal_PU200_15.root
/eos/user/s/sarkar/BsStudy/Processing/920/signal/PU200/BsStudy_signal_PU200_16.root
/eos/user/s/sarkar/BsStudy/Processing/920/signal/PU200/BsStudy_signal_PU200_17.root
/eos/user/s/sarkar/BsStudy/Processing/920/signal/PU200/BsStudy_signal_PU200_18.root
/eos/user/s/sarkar/BsStudy/Processing/920/signal/PU200/BsStudy_signal_PU200_19.root
/eos/user/s/sarkar/BsStudy/Processing/920/signal/PU200/BsStudy_signal_PU200_1.root
/eos/user/s/sarkar/BsStudy/Processing/920/signal/PU200/BsStudy_signal_PU200_20.root
/eos/user/s/sarkar/BsStudy/Processing/920/signal/PU200/BsStudy_signal_PU200_21.root
/eos/user/s/sarkar/BsStudy/Processing/920/signal/PU200/BsStudy_signal_PU200_22.root
/eos/user/s/sarkar/BsStudy/Processing/920/signal/PU200/BsStudy_signal_PU200_23.root
/eos/user/s/sarkar/BsStudy/Processing/920/signal/PU200/BsStudy_signal_PU200_24.root
/eos/user/s/sarkar/BsStudy/Processing/920/signal/PU200/BsStudy_signal_PU200_25.root
/eos/user/s/sarkar/BsStudy/Processing/920/signal/PU200/BsStudy_signal_PU200_26.root
/eos/user/s/sarkar/BsStudy/Processing/920/signal/PU200/BsStudy_signal_PU200_27.root
/eos/user/s/sarkar/BsStudy/Processing/920/signal/PU200/BsStudy_signal_PU200_28.root
/eos/user/s/sarkar/BsStudy/Processing/920/signal/PU200/BsStudy_signal_PU200_29.root
/eos/user/s/sarkar/BsStudy/Processing/920/signal/PU200/BsStudy_signal_PU200_2.root
/eos/user/s/sarkar/BsStudy/Processing/920/signal/PU200/BsStudy_signal_PU200_30.root
/eos/user/s/sarkar/BsStudy/Processing/920/signal/PU200/BsStudy_signal_PU200_3.root
/eos/user/s/sarkar/BsStudy/Processing/920/signal/PU200/BsStudy_signal_PU200_4.root
/eos/user/s/sarkar/BsStudy/Processing/920/signal/PU200/BsStudy_signal_PU200_5.root
/eos/user/s/sarkar/BsStudy/Processing/920/signal/PU200/BsStudy_signal_PU200_6.root
/eos/user/s/sarkar/BsStudy/Processing/920/signal/PU200/BsStudy_signal_PU200_7.root
/eos/user/s/sarkar/BsStudy/Processing/920/signal/PU200/BsStudy_signal_PU200_8.root
/eos/user/s/sarkar/BsStudy/Processing/920/signal/PU200/BsStudy_signal_PU200_9.root
>>> bsSelCuts
        massHigh:    5.48
         massLow:    5.29
    maxPhiPairDr:    1.00
   maxPhiPairDxy:    0.50
    maxPhiPairDz:    1.00
     maxPhiTrkDr:    0.12
    minPhiPairDr:    0.20
>>> phiSelCuts
        massHigh:    1.03
         massLow:    1.00
   maxTrkPairDxy:    0.50
    maxTrkPairDz:    0.90
>>> trkSelCuts
      maxTrkChi2:   20.00
       maxTrkEta:    2.50
    minTrkLayers:    4.00
  minTrkPSLayers:    2.00
        minTrkPt:    2.00
==> Results: 
                                                         CutFlow    Events    AbsEff     Error    RelEff     Error
                                                Events processed     34288   1.00000     0.000   1.00000      -nan
                                                 after GenFilter      3195   0.09318     0.002   0.09318     0.002
                                                    w/ ntrk >= 4      3195   0.09318     0.002   1.00000     0.000
                                                     w/ >= 2 Phi      2355   0.06868     0.001   0.73709     0.008
                                          w/ Phi distinct tracks      2329   0.06792     0.001   0.98896     0.002
                                            w/ Phi dxy & dz2 cut      1547   0.04512     0.001   0.66423     0.010
                                             w/ dR(Phi pair) cut      1099   0.03205     0.001   0.71041     0.012
                                           w/ dR(Track pair) cut      1078   0.03144     0.001   0.98089     0.004
                                               in Bs mass window       871   0.02540     0.001   0.80798     0.012
                                                 final gen match       869   0.02534     0.001   0.99770     0.002
Efficiency for Outer Tracker
Efficiency = 27.20 Poisson Error = 1.04 Binomial error = 0.79
