  datatype = Signal
   logFile = PU140_June20/dz_change_tight_baseline/Signal_pu140_tight_baseline_dz_0.1.out
  histFile = PU140_June20/dz_change_tight_baseline/Signal_pu140_tight_baseline_dz_0.1.root
 verbosity = 0
  maxEvent = -1
>>> INFO. nFiles: 36, Files to analyse:
/eos/user/s/sarkar/BsStudy/Processing/920/signal/PU140/BsStudy_signal_PU140_10.root
/eos/user/s/sarkar/BsStudy/Processing/920/signal/PU140/BsStudy_signal_PU140_11.root
/eos/user/s/sarkar/BsStudy/Processing/920/signal/PU140/BsStudy_signal_PU140_12.root
/eos/user/s/sarkar/BsStudy/Processing/920/signal/PU140/BsStudy_signal_PU140_13.root
/eos/user/s/sarkar/BsStudy/Processing/920/signal/PU140/BsStudy_signal_PU140_14.root
/eos/user/s/sarkar/BsStudy/Processing/920/signal/PU140/BsStudy_signal_PU140_15.root
/eos/user/s/sarkar/BsStudy/Processing/920/signal/PU140/BsStudy_signal_PU140_16.root
/eos/user/s/sarkar/BsStudy/Processing/920/signal/PU140/BsStudy_signal_PU140_17.root
/eos/user/s/sarkar/BsStudy/Processing/920/signal/PU140/BsStudy_signal_PU140_18.root
/eos/user/s/sarkar/BsStudy/Processing/920/signal/PU140/BsStudy_signal_PU140_19.root
/eos/user/s/sarkar/BsStudy/Processing/920/signal/PU140/BsStudy_signal_PU140_1.root
/eos/user/s/sarkar/BsStudy/Processing/920/signal/PU140/BsStudy_signal_PU140_20.root
/eos/user/s/sarkar/BsStudy/Processing/920/signal/PU140/BsStudy_signal_PU140_21.root
/eos/user/s/sarkar/BsStudy/Processing/920/signal/PU140/BsStudy_signal_PU140_22.root
/eos/user/s/sarkar/BsStudy/Processing/920/signal/PU140/BsStudy_signal_PU140_23.root
/eos/user/s/sarkar/BsStudy/Processing/920/signal/PU140/BsStudy_signal_PU140_24.root
/eos/user/s/sarkar/BsStudy/Processing/920/signal/PU140/BsStudy_signal_PU140_25.root
/eos/user/s/sarkar/BsStudy/Processing/920/signal/PU140/BsStudy_signal_PU140_26.root
/eos/user/s/sarkar/BsStudy/Processing/920/signal/PU140/BsStudy_signal_PU140_27.root
/eos/user/s/sarkar/BsStudy/Processing/920/signal/PU140/BsStudy_signal_PU140_28.root
/eos/user/s/sarkar/BsStudy/Processing/920/signal/PU140/BsStudy_signal_PU140_29.root
/eos/user/s/sarkar/BsStudy/Processing/920/signal/PU140/BsStudy_signal_PU140_2.root
/eos/user/s/sarkar/BsStudy/Processing/920/signal/PU140/BsStudy_signal_PU140_30.root
/eos/user/s/sarkar/BsStudy/Processing/920/signal/PU140/BsStudy_signal_PU140_31.root
/eos/user/s/sarkar/BsStudy/Processing/920/signal/PU140/BsStudy_signal_PU140_32.root
/eos/user/s/sarkar/BsStudy/Processing/920/signal/PU140/BsStudy_signal_PU140_33.root
/eos/user/s/sarkar/BsStudy/Processing/920/signal/PU140/BsStudy_signal_PU140_34.root
/eos/user/s/sarkar/BsStudy/Processing/920/signal/PU140/BsStudy_signal_PU140_35.root
/eos/user/s/sarkar/BsStudy/Processing/920/signal/PU140/BsStudy_signal_PU140_36.root
/eos/user/s/sarkar/BsStudy/Processing/920/signal/PU140/BsStudy_signal_PU140_3.root
/eos/user/s/sarkar/BsStudy/Processing/920/signal/PU140/BsStudy_signal_PU140_4.root
/eos/user/s/sarkar/BsStudy/Processing/920/signal/PU140/BsStudy_signal_PU140_5.root
/eos/user/s/sarkar/BsStudy/Processing/920/signal/PU140/BsStudy_signal_PU140_6.root
/eos/user/s/sarkar/BsStudy/Processing/920/signal/PU140/BsStudy_signal_PU140_7.root
/eos/user/s/sarkar/BsStudy/Processing/920/signal/PU140/BsStudy_signal_PU140_8.root
/eos/user/s/sarkar/BsStudy/Processing/920/signal/PU140/BsStudy_signal_PU140_9.root
>>> bsSelCuts
        massHigh:    5.48
         massLow:    5.29
    maxPhiPairDr:    1.00
   maxPhiPairDxy:    0.50
    maxPhiPairDz:    1.00
     maxPhiTrkDr:    0.12
    minPhiPairDr:    0.20
>>> phiSelCuts
        massHigh:    1.03
         massLow:    1.00
   maxTrkPairDxy:    0.50
    maxTrkPairDz:    0.10
>>> trkSelCuts
      maxTrkChi2:   20.00
       maxTrkEta:    2.50
    minTrkLayers:    4.00
  minTrkPSLayers:    2.00
        minTrkPt:    2.00
==> Results: 
                                                         CutFlow    Events    AbsEff     Error    RelEff     Error
                                                Events processed     36344   1.00000     0.000   1.00000      -nan
                                                 after GenFilter      3309   0.09105     0.002   0.09105     0.002
                                                    w/ ntrk >= 4      3309   0.09105     0.002   1.00000     0.000
                                                     w/ >= 2 Phi       405   0.01114     0.001   0.12239     0.006
                                          w/ Phi distinct tracks       394   0.01084     0.001   0.97284     0.008
                                            w/ Phi dxy & dz2 cut       218   0.00600     0.000   0.55330     0.025
                                             w/ dR(Phi pair) cut       173   0.00476     0.000   0.79358     0.027
                                           w/ dR(Track pair) cut       170   0.00468     0.000   0.98266     0.010
                                               in Bs mass window       155   0.00426     0.000   0.91176     0.022
                                                 final gen match       155   0.00426     0.000   1.00000     0.000
Efficiency for Outer Tracker
Efficiency = 4.68 Poisson Error = 0.38 Binomial error = 0.37
