  datatype = Signal
   logFile = PU200/Signal_pu200_medium_baseline_reco.out
  histFile = PU200/Signal_pu200_medium_baseline_reco.root
 verbosity = 0
  maxEvent = -1
>>> INFO. nFiles: 660, Files to analyse:
/afs/cern.ch/work/r/rbhattac/public/BsAnalysis_code_DPS_CMSSW9/200_PU_tree/Reco_tree/Signal_BsStudy_PU200_reco_1.root
/afs/cern.ch/work/r/rbhattac/public/BsAnalysis_code_DPS_CMSSW9/200_PU_tree/Reco_tree/Signal_BsStudy_PU200_reco_10.root
/afs/cern.ch/work/r/rbhattac/public/BsAnalysis_code_DPS_CMSSW9/200_PU_tree/Reco_tree/Signal_BsStudy_PU200_reco_100.root
/afs/cern.ch/work/r/rbhattac/public/BsAnalysis_code_DPS_CMSSW9/200_PU_tree/Reco_tree/Signal_BsStudy_PU200_reco_101.root
/afs/cern.ch/work/r/rbhattac/public/BsAnalysis_code_DPS_CMSSW9/200_PU_tree/Reco_tree/Signal_BsStudy_PU200_reco_102.root
/afs/cern.ch/work/r/rbhattac/public/BsAnalysis_code_DPS_CMSSW9/200_PU_tree/Reco_tree/Signal_BsStudy_PU200_reco_103.root
/afs/cern.ch/work/r/rbhattac/public/BsAnalysis_code_DPS_CMSSW9/200_PU_tree/Reco_tree/Signal_BsStudy_PU200_reco_104.root
/afs/cern.ch/work/r/rbhattac/public/BsAnalysis_code_DPS_CMSSW9/200_PU_tree/Reco_tree/Signal_BsStudy_PU200_reco_105.root
/afs/cern.ch/work/r/rbhattac/public/BsAnalysis_code_DPS_CMSSW9/200_PU_tree/Reco_tree/Signal_BsStudy_PU200_reco_106.root
/afs/cern.ch/work/r/rbhattac/public/BsAnalysis_code_DPS_CMSSW9/200_PU_tree/Reco_tree/Signal_BsStudy_PU200_reco_107.root
/afs/cern.ch/work/r/rbhattac/public/BsAnalysis_code_DPS_CMSSW9/200_PU_tree/Reco_tree/Signal_BsStudy_PU200_reco_108.root
/afs/cern.ch/work/r/rbhattac/public/BsAnalysis_code_DPS_CMSSW9/200_PU_tree/Reco_tree/Signal_BsStudy_PU200_reco_109.root
/afs/cern.ch/work/r/rbhattac/public/BsAnalysis_code_DPS_CMSSW9/200_PU_tree/Reco_tree/Signal_BsStudy_PU200_reco_11.root
/afs/cern.ch/work/r/rbhattac/public/BsAnalysis_code_DPS_CMSSW9/200_PU_tree/Reco_tree/Signal_BsStudy_PU200_reco_110.root
/afs/cern.ch/work/r/rbhattac/public/BsAnalysis_code_DPS_CMSSW9/200_PU_tree/Reco_tree/Signal_BsStudy_PU200_reco_111.root
/afs/cern.ch/work/r/rbhattac/public/BsAnalysis_code_DPS_CMSSW9/200_PU_tree/Reco_tree/Signal_BsStudy_PU200_reco_112.root
/afs/cern.ch/work/r/rbhattac/public/BsAnalysis_code_DPS_CMSSW9/200_PU_tree/Reco_tree/Signal_BsStudy_PU200_reco_113.root
/afs/cern.ch/work/r/rbhattac/public/BsAnalysis_code_DPS_CMSSW9/200_PU_tree/Reco_tree/Signal_BsStudy_PU200_reco_114.root
/afs/cern.ch/work/r/rbhattac/public/BsAnalysis_code_DPS_CMSSW9/200_PU_tree/Reco_tree/Signal_BsStudy_PU200_reco_115.root
/afs/cern.ch/work/r/rbhattac/public/BsAnalysis_code_DPS_CMSSW9/200_PU_tree/Reco_tree/Signal_BsStudy_PU200_reco_116.root
/afs/cern.ch/work/r/rbhattac/public/BsAnalysis_code_DPS_CMSSW9/200_PU_tree/Reco_tree/Signal_BsStudy_PU200_reco_117.root
/afs/cern.ch/work/r/rbhattac/public/BsAnalysis_code_DPS_CMSSW9/200_PU_tree/Reco_tree/Signal_BsStudy_PU200_reco_118.root
/afs/cern.ch/work/r/rbhattac/public/BsAnalysis_code_DPS_CMSSW9/200_PU_tree/Reco_tree/Signal_BsStudy_PU200_reco_119.root
/afs/cern.ch/work/r/rbhattac/public/BsAnalysis_code_DPS_CMSSW9/200_PU_tree/Reco_tree/Signal_BsStudy_PU200_reco_12.root
/afs/cern.ch/work/r/rbhattac/public/BsAnalysis_code_DPS_CMSSW9/200_PU_tree/Reco_tree/Signal_BsStudy_PU200_reco_120.root
/afs/cern.ch/work/r/rbhattac/public/BsAnalysis_code_DPS_CMSSW9/200_PU_tree/Reco_tree/Signal_BsStudy_PU200_reco_121.root
/afs/cern.ch/work/r/rbhattac/public/BsAnalysis_code_DPS_CMSSW9/200_PU_tree/Reco_tree/Signal_BsStudy_PU200_reco_122.root
/afs/cern.ch/work/r/rbhattac/public/BsAnalysis_code_DPS_CMSSW9/200_PU_tree/Reco_tree/Signal_BsStudy_PU200_reco_123.root
/afs/cern.ch/work/r/rbhattac/public/BsAnalysis_code_DPS_CMSSW9/200_PU_tree/Reco_tree/Signal_BsStudy_PU200_reco_124.root
/afs/cern.ch/work/r/rbhattac/public/BsAnalysis_code_DPS_CMSSW9/200_PU_tree/Reco_tree/Signal_BsStudy_PU200_reco_125.root
/afs/cern.ch/work/r/rbhattac/public/BsAnalysis_code_DPS_CMSSW9/200_PU_tree/Reco_tree/Signal_BsStudy_PU200_reco_126.root
/afs/cern.ch/work/r/rbhattac/public/BsAnalysis_code_DPS_CMSSW9/200_PU_tree/Reco_tree/Signal_BsStudy_PU200_reco_127.root
/afs/cern.ch/work/r/rbhattac/public/BsAnalysis_code_DPS_CMSSW9/200_PU_tree/Reco_tree/Signal_BsStudy_PU200_reco_128.root
/afs/cern.ch/work/r/rbhattac/public/BsAnalysis_code_DPS_CMSSW9/200_PU_tree/Reco_tree/Signal_BsStudy_PU200_reco_129.root
/afs/cern.ch/work/r/rbhattac/public/BsAnalysis_code_DPS_CMSSW9/200_PU_tree/Reco_tree/Signal_BsStudy_PU200_reco_13.root
/afs/cern.ch/work/r/rbhattac/public/BsAnalysis_code_DPS_CMSSW9/200_PU_tree/Reco_tree/Signal_BsStudy_PU200_reco_130.root
/afs/cern.ch/work/r/rbhattac/public/BsAnalysis_code_DPS_CMSSW9/200_PU_tree/Reco_tree/Signal_BsStudy_PU200_reco_131.root
/afs/cern.ch/work/r/rbhattac/public/BsAnalysis_code_DPS_CMSSW9/200_PU_tree/Reco_tree/Signal_BsStudy_PU200_reco_132.root
/afs/cern.ch/work/r/rbhattac/public/BsAnalysis_code_DPS_CMSSW9/200_PU_tree/Reco_tree/Signal_BsStudy_PU200_reco_133.root
/afs/cern.ch/work/r/rbhattac/public/BsAnalysis_code_DPS_CMSSW9/200_PU_tree/Reco_tree/Signal_BsStudy_PU200_reco_134.root
/afs/cern.ch/work/r/rbhattac/public/BsAnalysis_code_DPS_CMSSW9/200_PU_tree/Reco_tree/Signal_BsStudy_PU200_reco_135.root
/afs/cern.ch/work/r/rbhattac/public/BsAnalysis_code_DPS_CMSSW9/200_PU_tree/Reco_tree/Signal_BsStudy_PU200_reco_136.root
/afs/cern.ch/work/r/rbhattac/public/BsAnalysis_code_DPS_CMSSW9/200_PU_tree/Reco_tree/Signal_BsStudy_PU200_reco_137.root
/afs/cern.ch/work/r/rbhattac/public/BsAnalysis_code_DPS_CMSSW9/200_PU_tree/Reco_tree/Signal_BsStudy_PU200_reco_138.root
/afs/cern.ch/work/r/rbhattac/public/BsAnalysis_code_DPS_CMSSW9/200_PU_tree/Reco_tree/Signal_BsStudy_PU200_reco_139.root
/afs/cern.ch/work/r/rbhattac/public/BsAnalysis_code_DPS_CMSSW9/200_PU_tree/Reco_tree/Signal_BsStudy_PU200_reco_14.root
/afs/cern.ch/work/r/rbhattac/public/BsAnalysis_code_DPS_CMSSW9/200_PU_tree/Reco_tree/Signal_BsStudy_PU200_reco_140.root
/afs/cern.ch/work/r/rbhattac/public/BsAnalysis_code_DPS_CMSSW9/200_PU_tree/Reco_tree/Signal_BsStudy_PU200_reco_141.root
/afs/cern.ch/work/r/rbhattac/public/BsAnalysis_code_DPS_CMSSW9/200_PU_tree/Reco_tree/Signal_BsStudy_PU200_reco_142.root
/afs/cern.ch/work/r/rbhattac/public/BsAnalysis_code_DPS_CMSSW9/200_PU_tree/Reco_tree/Signal_BsStudy_PU200_reco_143.root
/afs/cern.ch/work/r/rbhattac/public/BsAnalysis_code_DPS_CMSSW9/200_PU_tree/Reco_tree/Signal_BsStudy_PU200_reco_144.root
/afs/cern.ch/work/r/rbhattac/public/BsAnalysis_code_DPS_CMSSW9/200_PU_tree/Reco_tree/Signal_BsStudy_PU200_reco_145.root
/afs/cern.ch/work/r/rbhattac/public/BsAnalysis_code_DPS_CMSSW9/200_PU_tree/Reco_tree/Signal_BsStudy_PU200_reco_146.root
/afs/cern.ch/work/r/rbhattac/public/BsAnalysis_code_DPS_CMSSW9/200_PU_tree/Reco_tree/Signal_BsStudy_PU200_reco_147.root
/afs/cern.ch/work/r/rbhattac/public/BsAnalysis_code_DPS_CMSSW9/200_PU_tree/Reco_tree/Signal_BsStudy_PU200_reco_148.root
/afs/cern.ch/work/r/rbhattac/public/BsAnalysis_code_DPS_CMSSW9/200_PU_tree/Reco_tree/Signal_BsStudy_PU200_reco_149.root
/afs/cern.ch/work/r/rbhattac/public/BsAnalysis_code_DPS_CMSSW9/200_PU_tree/Reco_tree/Signal_BsStudy_PU200_reco_15.root
/afs/cern.ch/work/r/rbhattac/public/BsAnalysis_code_DPS_CMSSW9/200_PU_tree/Reco_tree/Signal_BsStudy_PU200_reco_150.root
/afs/cern.ch/work/r/rbhattac/public/BsAnalysis_code_DPS_CMSSW9/200_PU_tree/Reco_tree/Signal_BsStudy_PU200_reco_151.root
/afs/cern.ch/work/r/rbhattac/public/BsAnalysis_code_DPS_CMSSW9/200_PU_tree/Reco_tree/Signal_BsStudy_PU200_reco_152.root
/afs/cern.ch/work/r/rbhattac/public/BsAnalysis_code_DPS_CMSSW9/200_PU_tree/Reco_tree/Signal_BsStudy_PU200_reco_153.root
/afs/cern.ch/work/r/rbhattac/public/BsAnalysis_code_DPS_CMSSW9/200_PU_tree/Reco_tree/Signal_BsStudy_PU200_reco_154.root
/afs/cern.ch/work/r/rbhattac/public/BsAnalysis_code_DPS_CMSSW9/200_PU_tree/Reco_tree/Signal_BsStudy_PU200_reco_155.root
/afs/cern.ch/work/r/rbhattac/public/BsAnalysis_code_DPS_CMSSW9/200_PU_tree/Reco_tree/Signal_BsStudy_PU200_reco_156.root
/afs/cern.ch/work/r/rbhattac/public/BsAnalysis_code_DPS_CMSSW9/200_PU_tree/Reco_tree/Signal_BsStudy_PU200_reco_157.root
/afs/cern.ch/work/r/rbhattac/public/BsAnalysis_code_DPS_CMSSW9/200_PU_tree/Reco_tree/Signal_BsStudy_PU200_reco_158.root
/afs/cern.ch/work/r/rbhattac/public/BsAnalysis_code_DPS_CMSSW9/200_PU_tree/Reco_tree/Signal_BsStudy_PU200_reco_159.root
/afs/cern.ch/work/r/rbhattac/public/BsAnalysis_code_DPS_CMSSW9/200_PU_tree/Reco_tree/Signal_BsStudy_PU200_reco_16.root
/afs/cern.ch/work/r/rbhattac/public/BsAnalysis_code_DPS_CMSSW9/200_PU_tree/Reco_tree/Signal_BsStudy_PU200_reco_160.root
/afs/cern.ch/work/r/rbhattac/public/BsAnalysis_code_DPS_CMSSW9/200_PU_tree/Reco_tree/Signal_BsStudy_PU200_reco_161.root
/afs/cern.ch/work/r/rbhattac/public/BsAnalysis_code_DPS_CMSSW9/200_PU_tree/Reco_tree/Signal_BsStudy_PU200_reco_162.root
/afs/cern.ch/work/r/rbhattac/public/BsAnalysis_code_DPS_CMSSW9/200_PU_tree/Reco_tree/Signal_BsStudy_PU200_reco_163.root
/afs/cern.ch/work/r/rbhattac/public/BsAnalysis_code_DPS_CMSSW9/200_PU_tree/Reco_tree/Signal_BsStudy_PU200_reco_164.root
/afs/cern.ch/work/r/rbhattac/public/BsAnalysis_code_DPS_CMSSW9/200_PU_tree/Reco_tree/Signal_BsStudy_PU200_reco_165.root
/afs/cern.ch/work/r/rbhattac/public/BsAnalysis_code_DPS_CMSSW9/200_PU_tree/Reco_tree/Signal_BsStudy_PU200_reco_166.root
/afs/cern.ch/work/r/rbhattac/public/BsAnalysis_code_DPS_CMSSW9/200_PU_tree/Reco_tree/Signal_BsStudy_PU200_reco_167.root
/afs/cern.ch/work/r/rbhattac/public/BsAnalysis_code_DPS_CMSSW9/200_PU_tree/Reco_tree/Signal_BsStudy_PU200_reco_168.root
/afs/cern.ch/work/r/rbhattac/public/BsAnalysis_code_DPS_CMSSW9/200_PU_tree/Reco_tree/Signal_BsStudy_PU200_reco_17.root
/afs/cern.ch/work/r/rbhattac/public/BsAnalysis_code_DPS_CMSSW9/200_PU_tree/Reco_tree/Signal_BsStudy_PU200_reco_170.root
/afs/cern.ch/work/r/rbhattac/public/BsAnalysis_code_DPS_CMSSW9/200_PU_tree/Reco_tree/Signal_BsStudy_PU200_reco_171.root
/afs/cern.ch/work/r/rbhattac/public/BsAnalysis_code_DPS_CMSSW9/200_PU_tree/Reco_tree/Signal_BsStudy_PU200_reco_172.root
/afs/cern.ch/work/r/rbhattac/public/BsAnalysis_code_DPS_CMSSW9/200_PU_tree/Reco_tree/Signal_BsStudy_PU200_reco_173.root
/afs/cern.ch/work/r/rbhattac/public/BsAnalysis_code_DPS_CMSSW9/200_PU_tree/Reco_tree/Signal_BsStudy_PU200_reco_174.root
/afs/cern.ch/work/r/rbhattac/public/BsAnalysis_code_DPS_CMSSW9/200_PU_tree/Reco_tree/Signal_BsStudy_PU200_reco_175.root
/afs/cern.ch/work/r/rbhattac/public/BsAnalysis_code_DPS_CMSSW9/200_PU_tree/Reco_tree/Signal_BsStudy_PU200_reco_176.root
/afs/cern.ch/work/r/rbhattac/public/BsAnalysis_code_DPS_CMSSW9/200_PU_tree/Reco_tree/Signal_BsStudy_PU200_reco_177.root
/afs/cern.ch/work/r/rbhattac/public/BsAnalysis_code_DPS_CMSSW9/200_PU_tree/Reco_tree/Signal_BsStudy_PU200_reco_178.root
/afs/cern.ch/work/r/rbhattac/public/BsAnalysis_code_DPS_CMSSW9/200_PU_tree/Reco_tree/Signal_BsStudy_PU200_reco_179.root
/afs/cern.ch/work/r/rbhattac/public/BsAnalysis_code_DPS_CMSSW9/200_PU_tree/Reco_tree/Signal_BsStudy_PU200_reco_18.root
/afs/cern.ch/work/r/rbhattac/public/BsAnalysis_code_DPS_CMSSW9/200_PU_tree/Reco_tree/Signal_BsStudy_PU200_reco_180.root
/afs/cern.ch/work/r/rbhattac/public/BsAnalysis_code_DPS_CMSSW9/200_PU_tree/Reco_tree/Signal_BsStudy_PU200_reco_181.root
/afs/cern.ch/work/r/rbhattac/public/BsAnalysis_code_DPS_CMSSW9/200_PU_tree/Reco_tree/Signal_BsStudy_PU200_reco_183.root
/afs/cern.ch/work/r/rbhattac/public/BsAnalysis_code_DPS_CMSSW9/200_PU_tree/Reco_tree/Signal_BsStudy_PU200_reco_184.root
/afs/cern.ch/work/r/rbhattac/public/BsAnalysis_code_DPS_CMSSW9/200_PU_tree/Reco_tree/Signal_BsStudy_PU200_reco_185.root
/afs/cern.ch/work/r/rbhattac/public/BsAnalysis_code_DPS_CMSSW9/200_PU_tree/Reco_tree/Signal_BsStudy_PU200_reco_186.root
/afs/cern.ch/work/r/rbhattac/public/BsAnalysis_code_DPS_CMSSW9/200_PU_tree/Reco_tree/Signal_BsStudy_PU200_reco_187.root
/afs/cern.ch/work/r/rbhattac/public/BsAnalysis_code_DPS_CMSSW9/200_PU_tree/Reco_tree/Signal_BsStudy_PU200_reco_188.root
/afs/cern.ch/work/r/rbhattac/public/BsAnalysis_code_DPS_CMSSW9/200_PU_tree/Reco_tree/Signal_BsStudy_PU200_reco_189.root
/afs/cern.ch/work/r/rbhattac/public/BsAnalysis_code_DPS_CMSSW9/200_PU_tree/Reco_tree/Signal_BsStudy_PU200_reco_19.root
/afs/cern.ch/work/r/rbhattac/public/BsAnalysis_code_DPS_CMSSW9/200_PU_tree/Reco_tree/Signal_BsStudy_PU200_reco_190.root
/afs/cern.ch/work/r/rbhattac/public/BsAnalysis_code_DPS_CMSSW9/200_PU_tree/Reco_tree/Signal_BsStudy_PU200_reco_191.root
/afs/cern.ch/work/r/rbhattac/public/BsAnalysis_code_DPS_CMSSW9/200_PU_tree/Reco_tree/Signal_BsStudy_PU200_reco_192.root
/afs/cern.ch/work/r/rbhattac/public/BsAnalysis_code_DPS_CMSSW9/200_PU_tree/Reco_tree/Signal_BsStudy_PU200_reco_193.root
/afs/cern.ch/work/r/rbhattac/public/BsAnalysis_code_DPS_CMSSW9/200_PU_tree/Reco_tree/Signal_BsStudy_PU200_reco_194.root
/afs/cern.ch/work/r/rbhattac/public/BsAnalysis_code_DPS_CMSSW9/200_PU_tree/Reco_tree/Signal_BsStudy_PU200_reco_195.root
/afs/cern.ch/work/r/rbhattac/public/BsAnalysis_code_DPS_CMSSW9/200_PU_tree/Reco_tree/Signal_BsStudy_PU200_reco_196.root
/afs/cern.ch/work/r/rbhattac/public/BsAnalysis_code_DPS_CMSSW9/200_PU_tree/Reco_tree/Signal_BsStudy_PU200_reco_197.root
/afs/cern.ch/work/r/rbhattac/public/BsAnalysis_code_DPS_CMSSW9/200_PU_tree/Reco_tree/Signal_BsStudy_PU200_reco_198.root
/afs/cern.ch/work/r/rbhattac/public/BsAnalysis_code_DPS_CMSSW9/200_PU_tree/Reco_tree/Signal_BsStudy_PU200_reco_199.root
/afs/cern.ch/work/r/rbhattac/public/BsAnalysis_code_DPS_CMSSW9/200_PU_tree/Reco_tree/Signal_BsStudy_PU200_reco_2.root
/afs/cern.ch/work/r/rbhattac/public/BsAnalysis_code_DPS_CMSSW9/200_PU_tree/Reco_tree/Signal_BsStudy_PU200_reco_20.root
/afs/cern.ch/work/r/rbhattac/public/BsAnalysis_code_DPS_CMSSW9/200_PU_tree/Reco_tree/Signal_BsStudy_PU200_reco_200.root
/afs/cern.ch/work/r/rbhattac/public/BsAnalysis_code_DPS_CMSSW9/200_PU_tree/Reco_tree/Signal_BsStudy_PU200_reco_201.root
/afs/cern.ch/work/r/rbhattac/public/BsAnalysis_code_DPS_CMSSW9/200_PU_tree/Reco_tree/Signal_BsStudy_PU200_reco_202.root
/afs/cern.ch/work/r/rbhattac/public/BsAnalysis_code_DPS_CMSSW9/200_PU_tree/Reco_tree/Signal_BsStudy_PU200_reco_203.root
/afs/cern.ch/work/r/rbhattac/public/BsAnalysis_code_DPS_CMSSW9/200_PU_tree/Reco_tree/Signal_BsStudy_PU200_reco_204.root
/afs/cern.ch/work/r/rbhattac/public/BsAnalysis_code_DPS_CMSSW9/200_PU_tree/Reco_tree/Signal_BsStudy_PU200_reco_205.root
/afs/cern.ch/work/r/rbhattac/public/BsAnalysis_code_DPS_CMSSW9/200_PU_tree/Reco_tree/Signal_BsStudy_PU200_reco_206.root
/afs/cern.ch/work/r/rbhattac/public/BsAnalysis_code_DPS_CMSSW9/200_PU_tree/Reco_tree/Signal_BsStudy_PU200_reco_207.root
/afs/cern.ch/work/r/rbhattac/public/BsAnalysis_code_DPS_CMSSW9/200_PU_tree/Reco_tree/Signal_BsStudy_PU200_reco_208.root
/afs/cern.ch/work/r/rbhattac/public/BsAnalysis_code_DPS_CMSSW9/200_PU_tree/Reco_tree/Signal_BsStudy_PU200_reco_209.root
/afs/cern.ch/work/r/rbhattac/public/BsAnalysis_code_DPS_CMSSW9/200_PU_tree/Reco_tree/Signal_BsStudy_PU200_reco_21.root
/afs/cern.ch/work/r/rbhattac/public/BsAnalysis_code_DPS_CMSSW9/200_PU_tree/Reco_tree/Signal_BsStudy_PU200_reco_210.root
/afs/cern.ch/work/r/rbhattac/public/BsAnalysis_code_DPS_CMSSW9/200_PU_tree/Reco_tree/Signal_BsStudy_PU200_reco_211.root
/afs/cern.ch/work/r/rbhattac/public/BsAnalysis_code_DPS_CMSSW9/200_PU_tree/Reco_tree/Signal_BsStudy_PU200_reco_212.root
/afs/cern.ch/work/r/rbhattac/public/BsAnalysis_code_DPS_CMSSW9/200_PU_tree/Reco_tree/Signal_BsStudy_PU200_reco_213.root
/afs/cern.ch/work/r/rbhattac/public/BsAnalysis_code_DPS_CMSSW9/200_PU_tree/Reco_tree/Signal_BsStudy_PU200_reco_214.root
/afs/cern.ch/work/r/rbhattac/public/BsAnalysis_code_DPS_CMSSW9/200_PU_tree/Reco_tree/Signal_BsStudy_PU200_reco_215.root
/afs/cern.ch/work/r/rbhattac/public/BsAnalysis_code_DPS_CMSSW9/200_PU_tree/Reco_tree/Signal_BsStudy_PU200_reco_216.root
/afs/cern.ch/work/r/rbhattac/public/BsAnalysis_code_DPS_CMSSW9/200_PU_tree/Reco_tree/Signal_BsStudy_PU200_reco_217.root
/afs/cern.ch/work/r/rbhattac/public/BsAnalysis_code_DPS_CMSSW9/200_PU_tree/Reco_tree/Signal_BsStudy_PU200_reco_218.root
/afs/cern.ch/work/r/rbhattac/public/BsAnalysis_code_DPS_CMSSW9/200_PU_tree/Reco_tree/Signal_BsStudy_PU200_reco_219.root
/afs/cern.ch/work/r/rbhattac/public/BsAnalysis_code_DPS_CMSSW9/200_PU_tree/Reco_tree/Signal_BsStudy_PU200_reco_22.root
/afs/cern.ch/work/r/rbhattac/public/BsAnalysis_code_DPS_CMSSW9/200_PU_tree/Reco_tree/Signal_BsStudy_PU200_reco_220.root
/afs/cern.ch/work/r/rbhattac/public/BsAnalysis_code_DPS_CMSSW9/200_PU_tree/Reco_tree/Signal_BsStudy_PU200_reco_221.root
/afs/cern.ch/work/r/rbhattac/public/BsAnalysis_code_DPS_CMSSW9/200_PU_tree/Reco_tree/Signal_BsStudy_PU200_reco_222.root
/afs/cern.ch/work/r/rbhattac/public/BsAnalysis_code_DPS_CMSSW9/200_PU_tree/Reco_tree/Signal_BsStudy_PU200_reco_223.root
/afs/cern.ch/work/r/rbhattac/public/BsAnalysis_code_DPS_CMSSW9/200_PU_tree/Reco_tree/Signal_BsStudy_PU200_reco_224.root
/afs/cern.ch/work/r/rbhattac/public/BsAnalysis_code_DPS_CMSSW9/200_PU_tree/Reco_tree/Signal_BsStudy_PU200_reco_225.root
/afs/cern.ch/work/r/rbhattac/public/BsAnalysis_code_DPS_CMSSW9/200_PU_tree/Reco_tree/Signal_BsStudy_PU200_reco_226.root
/afs/cern.ch/work/r/rbhattac/public/BsAnalysis_code_DPS_CMSSW9/200_PU_tree/Reco_tree/Signal_BsStudy_PU200_reco_227.root
/afs/cern.ch/work/r/rbhattac/public/BsAnalysis_code_DPS_CMSSW9/200_PU_tree/Reco_tree/Signal_BsStudy_PU200_reco_228.root
/afs/cern.ch/work/r/rbhattac/public/BsAnalysis_code_DPS_CMSSW9/200_PU_tree/Reco_tree/Signal_BsStudy_PU200_reco_229.root
/afs/cern.ch/work/r/rbhattac/public/BsAnalysis_code_DPS_CMSSW9/200_PU_tree/Reco_tree/Signal_BsStudy_PU200_reco_23.root
/afs/cern.ch/work/r/rbhattac/public/BsAnalysis_code_DPS_CMSSW9/200_PU_tree/Reco_tree/Signal_BsStudy_PU200_reco_230.root
/afs/cern.ch/work/r/rbhattac/public/BsAnalysis_code_DPS_CMSSW9/200_PU_tree/Reco_tree/Signal_BsStudy_PU200_reco_231.root
/afs/cern.ch/work/r/rbhattac/public/BsAnalysis_code_DPS_CMSSW9/200_PU_tree/Reco_tree/Signal_BsStudy_PU200_reco_232.root
/afs/cern.ch/work/r/rbhattac/public/BsAnalysis_code_DPS_CMSSW9/200_PU_tree/Reco_tree/Signal_BsStudy_PU200_reco_233.root
/afs/cern.ch/work/r/rbhattac/public/BsAnalysis_code_DPS_CMSSW9/200_PU_tree/Reco_tree/Signal_BsStudy_PU200_reco_234.root
/afs/cern.ch/work/r/rbhattac/public/BsAnalysis_code_DPS_CMSSW9/200_PU_tree/Reco_tree/Signal_BsStudy_PU200_reco_235.root
/afs/cern.ch/work/r/rbhattac/public/BsAnalysis_code_DPS_CMSSW9/200_PU_tree/Reco_tree/Signal_BsStudy_PU200_reco_236.root
/afs/cern.ch/work/r/rbhattac/public/BsAnalysis_code_DPS_CMSSW9/200_PU_tree/Reco_tree/Signal_BsStudy_PU200_reco_237.root
/afs/cern.ch/work/r/rbhattac/public/BsAnalysis_code_DPS_CMSSW9/200_PU_tree/Reco_tree/Signal_BsStudy_PU200_reco_238.root
/afs/cern.ch/work/r/rbhattac/public/BsAnalysis_code_DPS_CMSSW9/200_PU_tree/Reco_tree/Signal_BsStudy_PU200_reco_239.root
/afs/cern.ch/work/r/rbhattac/public/BsAnalysis_code_DPS_CMSSW9/200_PU_tree/Reco_tree/Signal_BsStudy_PU200_reco_24.root
/afs/cern.ch/work/r/rbhattac/public/BsAnalysis_code_DPS_CMSSW9/200_PU_tree/Reco_tree/Signal_BsStudy_PU200_reco_240.root
/afs/cern.ch/work/r/rbhattac/public/BsAnalysis_code_DPS_CMSSW9/200_PU_tree/Reco_tree/Signal_BsStudy_PU200_reco_241.root
/afs/cern.ch/work/r/rbhattac/public/BsAnalysis_code_DPS_CMSSW9/200_PU_tree/Reco_tree/Signal_BsStudy_PU200_reco_242.root
/afs/cern.ch/work/r/rbhattac/public/BsAnalysis_code_DPS_CMSSW9/200_PU_tree/Reco_tree/Signal_BsStudy_PU200_reco_243.root
/afs/cern.ch/work/r/rbhattac/public/BsAnalysis_code_DPS_CMSSW9/200_PU_tree/Reco_tree/Signal_BsStudy_PU200_reco_244.root
/afs/cern.ch/work/r/rbhattac/public/BsAnalysis_code_DPS_CMSSW9/200_PU_tree/Reco_tree/Signal_BsStudy_PU200_reco_245.root
/afs/cern.ch/work/r/rbhattac/public/BsAnalysis_code_DPS_CMSSW9/200_PU_tree/Reco_tree/Signal_BsStudy_PU200_reco_246.root
/afs/cern.ch/work/r/rbhattac/public/BsAnalysis_code_DPS_CMSSW9/200_PU_tree/Reco_tree/Signal_BsStudy_PU200_reco_247.root
/afs/cern.ch/work/r/rbhattac/public/BsAnalysis_code_DPS_CMSSW9/200_PU_tree/Reco_tree/Signal_BsStudy_PU200_reco_248.root
/afs/cern.ch/work/r/rbhattac/public/BsAnalysis_code_DPS_CMSSW9/200_PU_tree/Reco_tree/Signal_BsStudy_PU200_reco_249.root
/afs/cern.ch/work/r/rbhattac/public/BsAnalysis_code_DPS_CMSSW9/200_PU_tree/Reco_tree/Signal_BsStudy_PU200_reco_25.root
/afs/cern.ch/work/r/rbhattac/public/BsAnalysis_code_DPS_CMSSW9/200_PU_tree/Reco_tree/Signal_BsStudy_PU200_reco_250.root
/afs/cern.ch/work/r/rbhattac/public/BsAnalysis_code_DPS_CMSSW9/200_PU_tree/Reco_tree/Signal_BsStudy_PU200_reco_251.root
/afs/cern.ch/work/r/rbhattac/public/BsAnalysis_code_DPS_CMSSW9/200_PU_tree/Reco_tree/Signal_BsStudy_PU200_reco_252.root
/afs/cern.ch/work/r/rbhattac/public/BsAnalysis_code_DPS_CMSSW9/200_PU_tree/Reco_tree/Signal_BsStudy_PU200_reco_253.root
/afs/cern.ch/work/r/rbhattac/public/BsAnalysis_code_DPS_CMSSW9/200_PU_tree/Reco_tree/Signal_BsStudy_PU200_reco_254.root
/afs/cern.ch/work/r/rbhattac/public/BsAnalysis_code_DPS_CMSSW9/200_PU_tree/Reco_tree/Signal_BsStudy_PU200_reco_255.root
/afs/cern.ch/work/r/rbhattac/public/BsAnalysis_code_DPS_CMSSW9/200_PU_tree/Reco_tree/Signal_BsStudy_PU200_reco_257.root
/afs/cern.ch/work/r/rbhattac/public/BsAnalysis_code_DPS_CMSSW9/200_PU_tree/Reco_tree/Signal_BsStudy_PU200_reco_256.root
/afs/cern.ch/work/r/rbhattac/public/BsAnalysis_code_DPS_CMSSW9/200_PU_tree/Reco_tree/Signal_BsStudy_PU200_reco_258.root
/afs/cern.ch/work/r/rbhattac/public/BsAnalysis_code_DPS_CMSSW9/200_PU_tree/Reco_tree/Signal_BsStudy_PU200_reco_259.root
/afs/cern.ch/work/r/rbhattac/public/BsAnalysis_code_DPS_CMSSW9/200_PU_tree/Reco_tree/Signal_BsStudy_PU200_reco_26.root
/afs/cern.ch/work/r/rbhattac/public/BsAnalysis_code_DPS_CMSSW9/200_PU_tree/Reco_tree/Signal_BsStudy_PU200_reco_260.root
/afs/cern.ch/work/r/rbhattac/public/BsAnalysis_code_DPS_CMSSW9/200_PU_tree/Reco_tree/Signal_BsStudy_PU200_reco_261.root
/afs/cern.ch/work/r/rbhattac/public/BsAnalysis_code_DPS_CMSSW9/200_PU_tree/Reco_tree/Signal_BsStudy_PU200_reco_262.root
/afs/cern.ch/work/r/rbhattac/public/BsAnalysis_code_DPS_CMSSW9/200_PU_tree/Reco_tree/Signal_BsStudy_PU200_reco_263.root
/afs/cern.ch/work/r/rbhattac/public/BsAnalysis_code_DPS_CMSSW9/200_PU_tree/Reco_tree/Signal_BsStudy_PU200_reco_264.root
/afs/cern.ch/work/r/rbhattac/public/BsAnalysis_code_DPS_CMSSW9/200_PU_tree/Reco_tree/Signal_BsStudy_PU200_reco_265.root
/afs/cern.ch/work/r/rbhattac/public/BsAnalysis_code_DPS_CMSSW9/200_PU_tree/Reco_tree/Signal_BsStudy_PU200_reco_266.root
/afs/cern.ch/work/r/rbhattac/public/BsAnalysis_code_DPS_CMSSW9/200_PU_tree/Reco_tree/Signal_BsStudy_PU200_reco_267.root
/afs/cern.ch/work/r/rbhattac/public/BsAnalysis_code_DPS_CMSSW9/200_PU_tree/Reco_tree/Signal_BsStudy_PU200_reco_268.root
/afs/cern.ch/work/r/rbhattac/public/BsAnalysis_code_DPS_CMSSW9/200_PU_tree/Reco_tree/Signal_BsStudy_PU200_reco_269.root
/afs/cern.ch/work/r/rbhattac/public/BsAnalysis_code_DPS_CMSSW9/200_PU_tree/Reco_tree/Signal_BsStudy_PU200_reco_27.root
/afs/cern.ch/work/r/rbhattac/public/BsAnalysis_code_DPS_CMSSW9/200_PU_tree/Reco_tree/Signal_BsStudy_PU200_reco_270.root
/afs/cern.ch/work/r/rbhattac/public/BsAnalysis_code_DPS_CMSSW9/200_PU_tree/Reco_tree/Signal_BsStudy_PU200_reco_271.root
/afs/cern.ch/work/r/rbhattac/public/BsAnalysis_code_DPS_CMSSW9/200_PU_tree/Reco_tree/Signal_BsStudy_PU200_reco_272.root
/afs/cern.ch/work/r/rbhattac/public/BsAnalysis_code_DPS_CMSSW9/200_PU_tree/Reco_tree/Signal_BsStudy_PU200_reco_273.root
/afs/cern.ch/work/r/rbhattac/public/BsAnalysis_code_DPS_CMSSW9/200_PU_tree/Reco_tree/Signal_BsStudy_PU200_reco_274.root
/afs/cern.ch/work/r/rbhattac/public/BsAnalysis_code_DPS_CMSSW9/200_PU_tree/Reco_tree/Signal_BsStudy_PU200_reco_275.root
/afs/cern.ch/work/r/rbhattac/public/BsAnalysis_code_DPS_CMSSW9/200_PU_tree/Reco_tree/Signal_BsStudy_PU200_reco_276.root
/afs/cern.ch/work/r/rbhattac/public/BsAnalysis_code_DPS_CMSSW9/200_PU_tree/Reco_tree/Signal_BsStudy_PU200_reco_277.root
/afs/cern.ch/work/r/rbhattac/public/BsAnalysis_code_DPS_CMSSW9/200_PU_tree/Reco_tree/Signal_BsStudy_PU200_reco_278.root
/afs/cern.ch/work/r/rbhattac/public/BsAnalysis_code_DPS_CMSSW9/200_PU_tree/Reco_tree/Signal_BsStudy_PU200_reco_279.root
/afs/cern.ch/work/r/rbhattac/public/BsAnalysis_code_DPS_CMSSW9/200_PU_tree/Reco_tree/Signal_BsStudy_PU200_reco_28.root
/afs/cern.ch/work/r/rbhattac/public/BsAnalysis_code_DPS_CMSSW9/200_PU_tree/Reco_tree/Signal_BsStudy_PU200_reco_280.root
/afs/cern.ch/work/r/rbhattac/public/BsAnalysis_code_DPS_CMSSW9/200_PU_tree/Reco_tree/Signal_BsStudy_PU200_reco_281.root
/afs/cern.ch/work/r/rbhattac/public/BsAnalysis_code_DPS_CMSSW9/200_PU_tree/Reco_tree/Signal_BsStudy_PU200_reco_282.root
/afs/cern.ch/work/r/rbhattac/public/BsAnalysis_code_DPS_CMSSW9/200_PU_tree/Reco_tree/Signal_BsStudy_PU200_reco_284.root
/afs/cern.ch/work/r/rbhattac/public/BsAnalysis_code_DPS_CMSSW9/200_PU_tree/Reco_tree/Signal_BsStudy_PU200_reco_283.root
/afs/cern.ch/work/r/rbhattac/public/BsAnalysis_code_DPS_CMSSW9/200_PU_tree/Reco_tree/Signal_BsStudy_PU200_reco_285.root
/afs/cern.ch/work/r/rbhattac/public/BsAnalysis_code_DPS_CMSSW9/200_PU_tree/Reco_tree/Signal_BsStudy_PU200_reco_286.root
/afs/cern.ch/work/r/rbhattac/public/BsAnalysis_code_DPS_CMSSW9/200_PU_tree/Reco_tree/Signal_BsStudy_PU200_reco_287.root
/afs/cern.ch/work/r/rbhattac/public/BsAnalysis_code_DPS_CMSSW9/200_PU_tree/Reco_tree/Signal_BsStudy_PU200_reco_288.root
/afs/cern.ch/work/r/rbhattac/public/BsAnalysis_code_DPS_CMSSW9/200_PU_tree/Reco_tree/Signal_BsStudy_PU200_reco_289.root
/afs/cern.ch/work/r/rbhattac/public/BsAnalysis_code_DPS_CMSSW9/200_PU_tree/Reco_tree/Signal_BsStudy_PU200_reco_29.root
/afs/cern.ch/work/r/rbhattac/public/BsAnalysis_code_DPS_CMSSW9/200_PU_tree/Reco_tree/Signal_BsStudy_PU200_reco_290.root
/afs/cern.ch/work/r/rbhattac/public/BsAnalysis_code_DPS_CMSSW9/200_PU_tree/Reco_tree/Signal_BsStudy_PU200_reco_291.root
/afs/cern.ch/work/r/rbhattac/public/BsAnalysis_code_DPS_CMSSW9/200_PU_tree/Reco_tree/Signal_BsStudy_PU200_reco_292.root
/afs/cern.ch/work/r/rbhattac/public/BsAnalysis_code_DPS_CMSSW9/200_PU_tree/Reco_tree/Signal_BsStudy_PU200_reco_293.root
/afs/cern.ch/work/r/rbhattac/public/BsAnalysis_code_DPS_CMSSW9/200_PU_tree/Reco_tree/Signal_BsStudy_PU200_reco_294.root
/afs/cern.ch/work/r/rbhattac/public/BsAnalysis_code_DPS_CMSSW9/200_PU_tree/Reco_tree/Signal_BsStudy_PU200_reco_295.root
/afs/cern.ch/work/r/rbhattac/public/BsAnalysis_code_DPS_CMSSW9/200_PU_tree/Reco_tree/Signal_BsStudy_PU200_reco_296.root
/afs/cern.ch/work/r/rbhattac/public/BsAnalysis_code_DPS_CMSSW9/200_PU_tree/Reco_tree/Signal_BsStudy_PU200_reco_297.root
/afs/cern.ch/work/r/rbhattac/public/BsAnalysis_code_DPS_CMSSW9/200_PU_tree/Reco_tree/Signal_BsStudy_PU200_reco_298.root
/afs/cern.ch/work/r/rbhattac/public/BsAnalysis_code_DPS_CMSSW9/200_PU_tree/Reco_tree/Signal_BsStudy_PU200_reco_299.root
/afs/cern.ch/work/r/rbhattac/public/BsAnalysis_code_DPS_CMSSW9/200_PU_tree/Reco_tree/Signal_BsStudy_PU200_reco_3.root
/afs/cern.ch/work/r/rbhattac/public/BsAnalysis_code_DPS_CMSSW9/200_PU_tree/Reco_tree/Signal_BsStudy_PU200_reco_30.root
/afs/cern.ch/work/r/rbhattac/public/BsAnalysis_code_DPS_CMSSW9/200_PU_tree/Reco_tree/Signal_BsStudy_PU200_reco_300.root
/afs/cern.ch/work/r/rbhattac/public/BsAnalysis_code_DPS_CMSSW9/200_PU_tree/Reco_tree/Signal_BsStudy_PU200_reco_301.root
/afs/cern.ch/work/r/rbhattac/public/BsAnalysis_code_DPS_CMSSW9/200_PU_tree/Reco_tree/Signal_BsStudy_PU200_reco_302.root
/afs/cern.ch/work/r/rbhattac/public/BsAnalysis_code_DPS_CMSSW9/200_PU_tree/Reco_tree/Signal_BsStudy_PU200_reco_303.root
/afs/cern.ch/work/r/rbhattac/public/BsAnalysis_code_DPS_CMSSW9/200_PU_tree/Reco_tree/Signal_BsStudy_PU200_reco_304.root
/afs/cern.ch/work/r/rbhattac/public/BsAnalysis_code_DPS_CMSSW9/200_PU_tree/Reco_tree/Signal_BsStudy_PU200_reco_305.root
/afs/cern.ch/work/r/rbhattac/public/BsAnalysis_code_DPS_CMSSW9/200_PU_tree/Reco_tree/Signal_BsStudy_PU200_reco_306.root
/afs/cern.ch/work/r/rbhattac/public/BsAnalysis_code_DPS_CMSSW9/200_PU_tree/Reco_tree/Signal_BsStudy_PU200_reco_307.root
/afs/cern.ch/work/r/rbhattac/public/BsAnalysis_code_DPS_CMSSW9/200_PU_tree/Reco_tree/Signal_BsStudy_PU200_reco_308.root
/afs/cern.ch/work/r/rbhattac/public/BsAnalysis_code_DPS_CMSSW9/200_PU_tree/Reco_tree/Signal_BsStudy_PU200_reco_309.root
/afs/cern.ch/work/r/rbhattac/public/BsAnalysis_code_DPS_CMSSW9/200_PU_tree/Reco_tree/Signal_BsStudy_PU200_reco_31.root
/afs/cern.ch/work/r/rbhattac/public/BsAnalysis_code_DPS_CMSSW9/200_PU_tree/Reco_tree/Signal_BsStudy_PU200_reco_310.root
/afs/cern.ch/work/r/rbhattac/public/BsAnalysis_code_DPS_CMSSW9/200_PU_tree/Reco_tree/Signal_BsStudy_PU200_reco_311.root
/afs/cern.ch/work/r/rbhattac/public/BsAnalysis_code_DPS_CMSSW9/200_PU_tree/Reco_tree/Signal_BsStudy_PU200_reco_312.root
/afs/cern.ch/work/r/rbhattac/public/BsAnalysis_code_DPS_CMSSW9/200_PU_tree/Reco_tree/Signal_BsStudy_PU200_reco_313.root
/afs/cern.ch/work/r/rbhattac/public/BsAnalysis_code_DPS_CMSSW9/200_PU_tree/Reco_tree/Signal_BsStudy_PU200_reco_314.root
/afs/cern.ch/work/r/rbhattac/public/BsAnalysis_code_DPS_CMSSW9/200_PU_tree/Reco_tree/Signal_BsStudy_PU200_reco_315.root
/afs/cern.ch/work/r/rbhattac/public/BsAnalysis_code_DPS_CMSSW9/200_PU_tree/Reco_tree/Signal_BsStudy_PU200_reco_316.root
/afs/cern.ch/work/r/rbhattac/public/BsAnalysis_code_DPS_CMSSW9/200_PU_tree/Reco_tree/Signal_BsStudy_PU200_reco_317.root
/afs/cern.ch/work/r/rbhattac/public/BsAnalysis_code_DPS_CMSSW9/200_PU_tree/Reco_tree/Signal_BsStudy_PU200_reco_318.root
/afs/cern.ch/work/r/rbhattac/public/BsAnalysis_code_DPS_CMSSW9/200_PU_tree/Reco_tree/Signal_BsStudy_PU200_reco_319.root
/afs/cern.ch/work/r/rbhattac/public/BsAnalysis_code_DPS_CMSSW9/200_PU_tree/Reco_tree/Signal_BsStudy_PU200_reco_32.root
/afs/cern.ch/work/r/rbhattac/public/BsAnalysis_code_DPS_CMSSW9/200_PU_tree/Reco_tree/Signal_BsStudy_PU200_reco_320.root
/afs/cern.ch/work/r/rbhattac/public/BsAnalysis_code_DPS_CMSSW9/200_PU_tree/Reco_tree/Signal_BsStudy_PU200_reco_321.root
/afs/cern.ch/work/r/rbhattac/public/BsAnalysis_code_DPS_CMSSW9/200_PU_tree/Reco_tree/Signal_BsStudy_PU200_reco_322.root
/afs/cern.ch/work/r/rbhattac/public/BsAnalysis_code_DPS_CMSSW9/200_PU_tree/Reco_tree/Signal_BsStudy_PU200_reco_323.root
/afs/cern.ch/work/r/rbhattac/public/BsAnalysis_code_DPS_CMSSW9/200_PU_tree/Reco_tree/Signal_BsStudy_PU200_reco_324.root
/afs/cern.ch/work/r/rbhattac/public/BsAnalysis_code_DPS_CMSSW9/200_PU_tree/Reco_tree/Signal_BsStudy_PU200_reco_325.root
/afs/cern.ch/work/r/rbhattac/public/BsAnalysis_code_DPS_CMSSW9/200_PU_tree/Reco_tree/Signal_BsStudy_PU200_reco_326.root
/afs/cern.ch/work/r/rbhattac/public/BsAnalysis_code_DPS_CMSSW9/200_PU_tree/Reco_tree/Signal_BsStudy_PU200_reco_327.root
/afs/cern.ch/work/r/rbhattac/public/BsAnalysis_code_DPS_CMSSW9/200_PU_tree/Reco_tree/Signal_BsStudy_PU200_reco_328.root
/afs/cern.ch/work/r/rbhattac/public/BsAnalysis_code_DPS_CMSSW9/200_PU_tree/Reco_tree/Signal_BsStudy_PU200_reco_329.root
/afs/cern.ch/work/r/rbhattac/public/BsAnalysis_code_DPS_CMSSW9/200_PU_tree/Reco_tree/Signal_BsStudy_PU200_reco_33.root
/afs/cern.ch/work/r/rbhattac/public/BsAnalysis_code_DPS_CMSSW9/200_PU_tree/Reco_tree/Signal_BsStudy_PU200_reco_330.root
/afs/cern.ch/work/r/rbhattac/public/BsAnalysis_code_DPS_CMSSW9/200_PU_tree/Reco_tree/Signal_BsStudy_PU200_reco_331.root
/afs/cern.ch/work/r/rbhattac/public/BsAnalysis_code_DPS_CMSSW9/200_PU_tree/Reco_tree/Signal_BsStudy_PU200_reco_333.root
/afs/cern.ch/work/r/rbhattac/public/BsAnalysis_code_DPS_CMSSW9/200_PU_tree/Reco_tree/Signal_BsStudy_PU200_reco_334.root
/afs/cern.ch/work/r/rbhattac/public/BsAnalysis_code_DPS_CMSSW9/200_PU_tree/Reco_tree/Signal_BsStudy_PU200_reco_335.root
/afs/cern.ch/work/r/rbhattac/public/BsAnalysis_code_DPS_CMSSW9/200_PU_tree/Reco_tree/Signal_BsStudy_PU200_reco_336.root
/afs/cern.ch/work/r/rbhattac/public/BsAnalysis_code_DPS_CMSSW9/200_PU_tree/Reco_tree/Signal_BsStudy_PU200_reco_337.root
/afs/cern.ch/work/r/rbhattac/public/BsAnalysis_code_DPS_CMSSW9/200_PU_tree/Reco_tree/Signal_BsStudy_PU200_reco_338.root
/afs/cern.ch/work/r/rbhattac/public/BsAnalysis_code_DPS_CMSSW9/200_PU_tree/Reco_tree/Signal_BsStudy_PU200_reco_339.root
/afs/cern.ch/work/r/rbhattac/public/BsAnalysis_code_DPS_CMSSW9/200_PU_tree/Reco_tree/Signal_BsStudy_PU200_reco_34.root
/afs/cern.ch/work/r/rbhattac/public/BsAnalysis_code_DPS_CMSSW9/200_PU_tree/Reco_tree/Signal_BsStudy_PU200_reco_340.root
/afs/cern.ch/work/r/rbhattac/public/BsAnalysis_code_DPS_CMSSW9/200_PU_tree/Reco_tree/Signal_BsStudy_PU200_reco_341.root
/afs/cern.ch/work/r/rbhattac/public/BsAnalysis_code_DPS_CMSSW9/200_PU_tree/Reco_tree/Signal_BsStudy_PU200_reco_342.root
/afs/cern.ch/work/r/rbhattac/public/BsAnalysis_code_DPS_CMSSW9/200_PU_tree/Reco_tree/Signal_BsStudy_PU200_reco_343.root
/afs/cern.ch/work/r/rbhattac/public/BsAnalysis_code_DPS_CMSSW9/200_PU_tree/Reco_tree/Signal_BsStudy_PU200_reco_344.root
/afs/cern.ch/work/r/rbhattac/public/BsAnalysis_code_DPS_CMSSW9/200_PU_tree/Reco_tree/Signal_BsStudy_PU200_reco_345.root
/afs/cern.ch/work/r/rbhattac/public/BsAnalysis_code_DPS_CMSSW9/200_PU_tree/Reco_tree/Signal_BsStudy_PU200_reco_346.root
/afs/cern.ch/work/r/rbhattac/public/BsAnalysis_code_DPS_CMSSW9/200_PU_tree/Reco_tree/Signal_BsStudy_PU200_reco_347.root
/afs/cern.ch/work/r/rbhattac/public/BsAnalysis_code_DPS_CMSSW9/200_PU_tree/Reco_tree/Signal_BsStudy_PU200_reco_348.root
/afs/cern.ch/work/r/rbhattac/public/BsAnalysis_code_DPS_CMSSW9/200_PU_tree/Reco_tree/Signal_BsStudy_PU200_reco_349.root
/afs/cern.ch/work/r/rbhattac/public/BsAnalysis_code_DPS_CMSSW9/200_PU_tree/Reco_tree/Signal_BsStudy_PU200_reco_35.root
/afs/cern.ch/work/r/rbhattac/public/BsAnalysis_code_DPS_CMSSW9/200_PU_tree/Reco_tree/Signal_BsStudy_PU200_reco_350.root
/afs/cern.ch/work/r/rbhattac/public/BsAnalysis_code_DPS_CMSSW9/200_PU_tree/Reco_tree/Signal_BsStudy_PU200_reco_351.root
/afs/cern.ch/work/r/rbhattac/public/BsAnalysis_code_DPS_CMSSW9/200_PU_tree/Reco_tree/Signal_BsStudy_PU200_reco_352.root
/afs/cern.ch/work/r/rbhattac/public/BsAnalysis_code_DPS_CMSSW9/200_PU_tree/Reco_tree/Signal_BsStudy_PU200_reco_353.root
/afs/cern.ch/work/r/rbhattac/public/BsAnalysis_code_DPS_CMSSW9/200_PU_tree/Reco_tree/Signal_BsStudy_PU200_reco_354.root
/afs/cern.ch/work/r/rbhattac/public/BsAnalysis_code_DPS_CMSSW9/200_PU_tree/Reco_tree/Signal_BsStudy_PU200_reco_355.root
/afs/cern.ch/work/r/rbhattac/public/BsAnalysis_code_DPS_CMSSW9/200_PU_tree/Reco_tree/Signal_BsStudy_PU200_reco_356.root
/afs/cern.ch/work/r/rbhattac/public/BsAnalysis_code_DPS_CMSSW9/200_PU_tree/Reco_tree/Signal_BsStudy_PU200_reco_357.root
/afs/cern.ch/work/r/rbhattac/public/BsAnalysis_code_DPS_CMSSW9/200_PU_tree/Reco_tree/Signal_BsStudy_PU200_reco_358.root
/afs/cern.ch/work/r/rbhattac/public/BsAnalysis_code_DPS_CMSSW9/200_PU_tree/Reco_tree/Signal_BsStudy_PU200_reco_359.root
/afs/cern.ch/work/r/rbhattac/public/BsAnalysis_code_DPS_CMSSW9/200_PU_tree/Reco_tree/Signal_BsStudy_PU200_reco_36.root
/afs/cern.ch/work/r/rbhattac/public/BsAnalysis_code_DPS_CMSSW9/200_PU_tree/Reco_tree/Signal_BsStudy_PU200_reco_360.root
/afs/cern.ch/work/r/rbhattac/public/BsAnalysis_code_DPS_CMSSW9/200_PU_tree/Reco_tree/Signal_BsStudy_PU200_reco_361.root
/afs/cern.ch/work/r/rbhattac/public/BsAnalysis_code_DPS_CMSSW9/200_PU_tree/Reco_tree/Signal_BsStudy_PU200_reco_362.root
/afs/cern.ch/work/r/rbhattac/public/BsAnalysis_code_DPS_CMSSW9/200_PU_tree/Reco_tree/Signal_BsStudy_PU200_reco_363.root
/afs/cern.ch/work/r/rbhattac/public/BsAnalysis_code_DPS_CMSSW9/200_PU_tree/Reco_tree/Signal_BsStudy_PU200_reco_364.root
/afs/cern.ch/work/r/rbhattac/public/BsAnalysis_code_DPS_CMSSW9/200_PU_tree/Reco_tree/Signal_BsStudy_PU200_reco_365.root
/afs/cern.ch/work/r/rbhattac/public/BsAnalysis_code_DPS_CMSSW9/200_PU_tree/Reco_tree/Signal_BsStudy_PU200_reco_366.root
/afs/cern.ch/work/r/rbhattac/public/BsAnalysis_code_DPS_CMSSW9/200_PU_tree/Reco_tree/Signal_BsStudy_PU200_reco_367.root
/afs/cern.ch/work/r/rbhattac/public/BsAnalysis_code_DPS_CMSSW9/200_PU_tree/Reco_tree/Signal_BsStudy_PU200_reco_368.root
/afs/cern.ch/work/r/rbhattac/public/BsAnalysis_code_DPS_CMSSW9/200_PU_tree/Reco_tree/Signal_BsStudy_PU200_reco_369.root
/afs/cern.ch/work/r/rbhattac/public/BsAnalysis_code_DPS_CMSSW9/200_PU_tree/Reco_tree/Signal_BsStudy_PU200_reco_37.root
/afs/cern.ch/work/r/rbhattac/public/BsAnalysis_code_DPS_CMSSW9/200_PU_tree/Reco_tree/Signal_BsStudy_PU200_reco_370.root
/afs/cern.ch/work/r/rbhattac/public/BsAnalysis_code_DPS_CMSSW9/200_PU_tree/Reco_tree/Signal_BsStudy_PU200_reco_371.root
/afs/cern.ch/work/r/rbhattac/public/BsAnalysis_code_DPS_CMSSW9/200_PU_tree/Reco_tree/Signal_BsStudy_PU200_reco_372.root
/afs/cern.ch/work/r/rbhattac/public/BsAnalysis_code_DPS_CMSSW9/200_PU_tree/Reco_tree/Signal_BsStudy_PU200_reco_373.root
/afs/cern.ch/work/r/rbhattac/public/BsAnalysis_code_DPS_CMSSW9/200_PU_tree/Reco_tree/Signal_BsStudy_PU200_reco_374.root
/afs/cern.ch/work/r/rbhattac/public/BsAnalysis_code_DPS_CMSSW9/200_PU_tree/Reco_tree/Signal_BsStudy_PU200_reco_375.root
/afs/cern.ch/work/r/rbhattac/public/BsAnalysis_code_DPS_CMSSW9/200_PU_tree/Reco_tree/Signal_BsStudy_PU200_reco_376.root
/afs/cern.ch/work/r/rbhattac/public/BsAnalysis_code_DPS_CMSSW9/200_PU_tree/Reco_tree/Signal_BsStudy_PU200_reco_377.root
/afs/cern.ch/work/r/rbhattac/public/BsAnalysis_code_DPS_CMSSW9/200_PU_tree/Reco_tree/Signal_BsStudy_PU200_reco_378.root
/afs/cern.ch/work/r/rbhattac/public/BsAnalysis_code_DPS_CMSSW9/200_PU_tree/Reco_tree/Signal_BsStudy_PU200_reco_379.root
/afs/cern.ch/work/r/rbhattac/public/BsAnalysis_code_DPS_CMSSW9/200_PU_tree/Reco_tree/Signal_BsStudy_PU200_reco_38.root
/afs/cern.ch/work/r/rbhattac/public/BsAnalysis_code_DPS_CMSSW9/200_PU_tree/Reco_tree/Signal_BsStudy_PU200_reco_380.root
/afs/cern.ch/work/r/rbhattac/public/BsAnalysis_code_DPS_CMSSW9/200_PU_tree/Reco_tree/Signal_BsStudy_PU200_reco_381.root
/afs/cern.ch/work/r/rbhattac/public/BsAnalysis_code_DPS_CMSSW9/200_PU_tree/Reco_tree/Signal_BsStudy_PU200_reco_382.root
/afs/cern.ch/work/r/rbhattac/public/BsAnalysis_code_DPS_CMSSW9/200_PU_tree/Reco_tree/Signal_BsStudy_PU200_reco_383.root
/afs/cern.ch/work/r/rbhattac/public/BsAnalysis_code_DPS_CMSSW9/200_PU_tree/Reco_tree/Signal_BsStudy_PU200_reco_384.root
/afs/cern.ch/work/r/rbhattac/public/BsAnalysis_code_DPS_CMSSW9/200_PU_tree/Reco_tree/Signal_BsStudy_PU200_reco_385.root
/afs/cern.ch/work/r/rbhattac/public/BsAnalysis_code_DPS_CMSSW9/200_PU_tree/Reco_tree/Signal_BsStudy_PU200_reco_386.root
/afs/cern.ch/work/r/rbhattac/public/BsAnalysis_code_DPS_CMSSW9/200_PU_tree/Reco_tree/Signal_BsStudy_PU200_reco_387.root
/afs/cern.ch/work/r/rbhattac/public/BsAnalysis_code_DPS_CMSSW9/200_PU_tree/Reco_tree/Signal_BsStudy_PU200_reco_388.root
/afs/cern.ch/work/r/rbhattac/public/BsAnalysis_code_DPS_CMSSW9/200_PU_tree/Reco_tree/Signal_BsStudy_PU200_reco_389.root
/afs/cern.ch/work/r/rbhattac/public/BsAnalysis_code_DPS_CMSSW9/200_PU_tree/Reco_tree/Signal_BsStudy_PU200_reco_39.root
/afs/cern.ch/work/r/rbhattac/public/BsAnalysis_code_DPS_CMSSW9/200_PU_tree/Reco_tree/Signal_BsStudy_PU200_reco_390.root
/afs/cern.ch/work/r/rbhattac/public/BsAnalysis_code_DPS_CMSSW9/200_PU_tree/Reco_tree/Signal_BsStudy_PU200_reco_391.root
/afs/cern.ch/work/r/rbhattac/public/BsAnalysis_code_DPS_CMSSW9/200_PU_tree/Reco_tree/Signal_BsStudy_PU200_reco_392.root
/afs/cern.ch/work/r/rbhattac/public/BsAnalysis_code_DPS_CMSSW9/200_PU_tree/Reco_tree/Signal_BsStudy_PU200_reco_393.root
/afs/cern.ch/work/r/rbhattac/public/BsAnalysis_code_DPS_CMSSW9/200_PU_tree/Reco_tree/Signal_BsStudy_PU200_reco_394.root
/afs/cern.ch/work/r/rbhattac/public/BsAnalysis_code_DPS_CMSSW9/200_PU_tree/Reco_tree/Signal_BsStudy_PU200_reco_395.root
/afs/cern.ch/work/r/rbhattac/public/BsAnalysis_code_DPS_CMSSW9/200_PU_tree/Reco_tree/Signal_BsStudy_PU200_reco_396.root
/afs/cern.ch/work/r/rbhattac/public/BsAnalysis_code_DPS_CMSSW9/200_PU_tree/Reco_tree/Signal_BsStudy_PU200_reco_397.root
/afs/cern.ch/work/r/rbhattac/public/BsAnalysis_code_DPS_CMSSW9/200_PU_tree/Reco_tree/Signal_BsStudy_PU200_reco_398.root
/afs/cern.ch/work/r/rbhattac/public/BsAnalysis_code_DPS_CMSSW9/200_PU_tree/Reco_tree/Signal_BsStudy_PU200_reco_399.root
/afs/cern.ch/work/r/rbhattac/public/BsAnalysis_code_DPS_CMSSW9/200_PU_tree/Reco_tree/Signal_BsStudy_PU200_reco_4.root
/afs/cern.ch/work/r/rbhattac/public/BsAnalysis_code_DPS_CMSSW9/200_PU_tree/Reco_tree/Signal_BsStudy_PU200_reco_40.root
/afs/cern.ch/work/r/rbhattac/public/BsAnalysis_code_DPS_CMSSW9/200_PU_tree/Reco_tree/Signal_BsStudy_PU200_reco_400.root
/afs/cern.ch/work/r/rbhattac/public/BsAnalysis_code_DPS_CMSSW9/200_PU_tree/Reco_tree/Signal_BsStudy_PU200_reco_401.root
/afs/cern.ch/work/r/rbhattac/public/BsAnalysis_code_DPS_CMSSW9/200_PU_tree/Reco_tree/Signal_BsStudy_PU200_reco_402.root
/afs/cern.ch/work/r/rbhattac/public/BsAnalysis_code_DPS_CMSSW9/200_PU_tree/Reco_tree/Signal_BsStudy_PU200_reco_403.root
/afs/cern.ch/work/r/rbhattac/public/BsAnalysis_code_DPS_CMSSW9/200_PU_tree/Reco_tree/Signal_BsStudy_PU200_reco_404.root
/afs/cern.ch/work/r/rbhattac/public/BsAnalysis_code_DPS_CMSSW9/200_PU_tree/Reco_tree/Signal_BsStudy_PU200_reco_405.root
/afs/cern.ch/work/r/rbhattac/public/BsAnalysis_code_DPS_CMSSW9/200_PU_tree/Reco_tree/Signal_BsStudy_PU200_reco_406.root
/afs/cern.ch/work/r/rbhattac/public/BsAnalysis_code_DPS_CMSSW9/200_PU_tree/Reco_tree/Signal_BsStudy_PU200_reco_407.root
/afs/cern.ch/work/r/rbhattac/public/BsAnalysis_code_DPS_CMSSW9/200_PU_tree/Reco_tree/Signal_BsStudy_PU200_reco_408.root
/afs/cern.ch/work/r/rbhattac/public/BsAnalysis_code_DPS_CMSSW9/200_PU_tree/Reco_tree/Signal_BsStudy_PU200_reco_409.root
/afs/cern.ch/work/r/rbhattac/public/BsAnalysis_code_DPS_CMSSW9/200_PU_tree/Reco_tree/Signal_BsStudy_PU200_reco_41.root
/afs/cern.ch/work/r/rbhattac/public/BsAnalysis_code_DPS_CMSSW9/200_PU_tree/Reco_tree/Signal_BsStudy_PU200_reco_410.root
/afs/cern.ch/work/r/rbhattac/public/BsAnalysis_code_DPS_CMSSW9/200_PU_tree/Reco_tree/Signal_BsStudy_PU200_reco_411.root
/afs/cern.ch/work/r/rbhattac/public/BsAnalysis_code_DPS_CMSSW9/200_PU_tree/Reco_tree/Signal_BsStudy_PU200_reco_412.root
/afs/cern.ch/work/r/rbhattac/public/BsAnalysis_code_DPS_CMSSW9/200_PU_tree/Reco_tree/Signal_BsStudy_PU200_reco_413.root
/afs/cern.ch/work/r/rbhattac/public/BsAnalysis_code_DPS_CMSSW9/200_PU_tree/Reco_tree/Signal_BsStudy_PU200_reco_414.root
/afs/cern.ch/work/r/rbhattac/public/BsAnalysis_code_DPS_CMSSW9/200_PU_tree/Reco_tree/Signal_BsStudy_PU200_reco_415.root
/afs/cern.ch/work/r/rbhattac/public/BsAnalysis_code_DPS_CMSSW9/200_PU_tree/Reco_tree/Signal_BsStudy_PU200_reco_416.root
/afs/cern.ch/work/r/rbhattac/public/BsAnalysis_code_DPS_CMSSW9/200_PU_tree/Reco_tree/Signal_BsStudy_PU200_reco_417.root
/afs/cern.ch/work/r/rbhattac/public/BsAnalysis_code_DPS_CMSSW9/200_PU_tree/Reco_tree/Signal_BsStudy_PU200_reco_418.root
/afs/cern.ch/work/r/rbhattac/public/BsAnalysis_code_DPS_CMSSW9/200_PU_tree/Reco_tree/Signal_BsStudy_PU200_reco_419.root
/afs/cern.ch/work/r/rbhattac/public/BsAnalysis_code_DPS_CMSSW9/200_PU_tree/Reco_tree/Signal_BsStudy_PU200_reco_42.root
/afs/cern.ch/work/r/rbhattac/public/BsAnalysis_code_DPS_CMSSW9/200_PU_tree/Reco_tree/Signal_BsStudy_PU200_reco_420.root
/afs/cern.ch/work/r/rbhattac/public/BsAnalysis_code_DPS_CMSSW9/200_PU_tree/Reco_tree/Signal_BsStudy_PU200_reco_421.root
/afs/cern.ch/work/r/rbhattac/public/BsAnalysis_code_DPS_CMSSW9/200_PU_tree/Reco_tree/Signal_BsStudy_PU200_reco_422.root
/afs/cern.ch/work/r/rbhattac/public/BsAnalysis_code_DPS_CMSSW9/200_PU_tree/Reco_tree/Signal_BsStudy_PU200_reco_423.root
/afs/cern.ch/work/r/rbhattac/public/BsAnalysis_code_DPS_CMSSW9/200_PU_tree/Reco_tree/Signal_BsStudy_PU200_reco_424.root
/afs/cern.ch/work/r/rbhattac/public/BsAnalysis_code_DPS_CMSSW9/200_PU_tree/Reco_tree/Signal_BsStudy_PU200_reco_425.root
/afs/cern.ch/work/r/rbhattac/public/BsAnalysis_code_DPS_CMSSW9/200_PU_tree/Reco_tree/Signal_BsStudy_PU200_reco_426.root
/afs/cern.ch/work/r/rbhattac/public/BsAnalysis_code_DPS_CMSSW9/200_PU_tree/Reco_tree/Signal_BsStudy_PU200_reco_427.root
/afs/cern.ch/work/r/rbhattac/public/BsAnalysis_code_DPS_CMSSW9/200_PU_tree/Reco_tree/Signal_BsStudy_PU200_reco_428.root
/afs/cern.ch/work/r/rbhattac/public/BsAnalysis_code_DPS_CMSSW9/200_PU_tree/Reco_tree/Signal_BsStudy_PU200_reco_429.root
/afs/cern.ch/work/r/rbhattac/public/BsAnalysis_code_DPS_CMSSW9/200_PU_tree/Reco_tree/Signal_BsStudy_PU200_reco_43.root
/afs/cern.ch/work/r/rbhattac/public/BsAnalysis_code_DPS_CMSSW9/200_PU_tree/Reco_tree/Signal_BsStudy_PU200_reco_430.root
/afs/cern.ch/work/r/rbhattac/public/BsAnalysis_code_DPS_CMSSW9/200_PU_tree/Reco_tree/Signal_BsStudy_PU200_reco_431.root
/afs/cern.ch/work/r/rbhattac/public/BsAnalysis_code_DPS_CMSSW9/200_PU_tree/Reco_tree/Signal_BsStudy_PU200_reco_432.root
/afs/cern.ch/work/r/rbhattac/public/BsAnalysis_code_DPS_CMSSW9/200_PU_tree/Reco_tree/Signal_BsStudy_PU200_reco_433.root
/afs/cern.ch/work/r/rbhattac/public/BsAnalysis_code_DPS_CMSSW9/200_PU_tree/Reco_tree/Signal_BsStudy_PU200_reco_434.root
/afs/cern.ch/work/r/rbhattac/public/BsAnalysis_code_DPS_CMSSW9/200_PU_tree/Reco_tree/Signal_BsStudy_PU200_reco_435.root
/afs/cern.ch/work/r/rbhattac/public/BsAnalysis_code_DPS_CMSSW9/200_PU_tree/Reco_tree/Signal_BsStudy_PU200_reco_436.root
/afs/cern.ch/work/r/rbhattac/public/BsAnalysis_code_DPS_CMSSW9/200_PU_tree/Reco_tree/Signal_BsStudy_PU200_reco_437.root
/afs/cern.ch/work/r/rbhattac/public/BsAnalysis_code_DPS_CMSSW9/200_PU_tree/Reco_tree/Signal_BsStudy_PU200_reco_438.root
/afs/cern.ch/work/r/rbhattac/public/BsAnalysis_code_DPS_CMSSW9/200_PU_tree/Reco_tree/Signal_BsStudy_PU200_reco_439.root
/afs/cern.ch/work/r/rbhattac/public/BsAnalysis_code_DPS_CMSSW9/200_PU_tree/Reco_tree/Signal_BsStudy_PU200_reco_44.root
/afs/cern.ch/work/r/rbhattac/public/BsAnalysis_code_DPS_CMSSW9/200_PU_tree/Reco_tree/Signal_BsStudy_PU200_reco_440.root
/afs/cern.ch/work/r/rbhattac/public/BsAnalysis_code_DPS_CMSSW9/200_PU_tree/Reco_tree/Signal_BsStudy_PU200_reco_441.root
/afs/cern.ch/work/r/rbhattac/public/BsAnalysis_code_DPS_CMSSW9/200_PU_tree/Reco_tree/Signal_BsStudy_PU200_reco_442.root
/afs/cern.ch/work/r/rbhattac/public/BsAnalysis_code_DPS_CMSSW9/200_PU_tree/Reco_tree/Signal_BsStudy_PU200_reco_443.root
/afs/cern.ch/work/r/rbhattac/public/BsAnalysis_code_DPS_CMSSW9/200_PU_tree/Reco_tree/Signal_BsStudy_PU200_reco_444.root
/afs/cern.ch/work/r/rbhattac/public/BsAnalysis_code_DPS_CMSSW9/200_PU_tree/Reco_tree/Signal_BsStudy_PU200_reco_445.root
/afs/cern.ch/work/r/rbhattac/public/BsAnalysis_code_DPS_CMSSW9/200_PU_tree/Reco_tree/Signal_BsStudy_PU200_reco_446.root
/afs/cern.ch/work/r/rbhattac/public/BsAnalysis_code_DPS_CMSSW9/200_PU_tree/Reco_tree/Signal_BsStudy_PU200_reco_447.root
/afs/cern.ch/work/r/rbhattac/public/BsAnalysis_code_DPS_CMSSW9/200_PU_tree/Reco_tree/Signal_BsStudy_PU200_reco_448.root
/afs/cern.ch/work/r/rbhattac/public/BsAnalysis_code_DPS_CMSSW9/200_PU_tree/Reco_tree/Signal_BsStudy_PU200_reco_449.root
/afs/cern.ch/work/r/rbhattac/public/BsAnalysis_code_DPS_CMSSW9/200_PU_tree/Reco_tree/Signal_BsStudy_PU200_reco_45.root
/afs/cern.ch/work/r/rbhattac/public/BsAnalysis_code_DPS_CMSSW9/200_PU_tree/Reco_tree/Signal_BsStudy_PU200_reco_450.root
/afs/cern.ch/work/r/rbhattac/public/BsAnalysis_code_DPS_CMSSW9/200_PU_tree/Reco_tree/Signal_BsStudy_PU200_reco_451.root
/afs/cern.ch/work/r/rbhattac/public/BsAnalysis_code_DPS_CMSSW9/200_PU_tree/Reco_tree/Signal_BsStudy_PU200_reco_452.root
/afs/cern.ch/work/r/rbhattac/public/BsAnalysis_code_DPS_CMSSW9/200_PU_tree/Reco_tree/Signal_BsStudy_PU200_reco_453.root
/afs/cern.ch/work/r/rbhattac/public/BsAnalysis_code_DPS_CMSSW9/200_PU_tree/Reco_tree/Signal_BsStudy_PU200_reco_454.root
/afs/cern.ch/work/r/rbhattac/public/BsAnalysis_code_DPS_CMSSW9/200_PU_tree/Reco_tree/Signal_BsStudy_PU200_reco_455.root
/afs/cern.ch/work/r/rbhattac/public/BsAnalysis_code_DPS_CMSSW9/200_PU_tree/Reco_tree/Signal_BsStudy_PU200_reco_457.root
/afs/cern.ch/work/r/rbhattac/public/BsAnalysis_code_DPS_CMSSW9/200_PU_tree/Reco_tree/Signal_BsStudy_PU200_reco_458.root
/afs/cern.ch/work/r/rbhattac/public/BsAnalysis_code_DPS_CMSSW9/200_PU_tree/Reco_tree/Signal_BsStudy_PU200_reco_459.root
/afs/cern.ch/work/r/rbhattac/public/BsAnalysis_code_DPS_CMSSW9/200_PU_tree/Reco_tree/Signal_BsStudy_PU200_reco_46.root
/afs/cern.ch/work/r/rbhattac/public/BsAnalysis_code_DPS_CMSSW9/200_PU_tree/Reco_tree/Signal_BsStudy_PU200_reco_460.root
/afs/cern.ch/work/r/rbhattac/public/BsAnalysis_code_DPS_CMSSW9/200_PU_tree/Reco_tree/Signal_BsStudy_PU200_reco_461.root
/afs/cern.ch/work/r/rbhattac/public/BsAnalysis_code_DPS_CMSSW9/200_PU_tree/Reco_tree/Signal_BsStudy_PU200_reco_462.root
/afs/cern.ch/work/r/rbhattac/public/BsAnalysis_code_DPS_CMSSW9/200_PU_tree/Reco_tree/Signal_BsStudy_PU200_reco_463.root
/afs/cern.ch/work/r/rbhattac/public/BsAnalysis_code_DPS_CMSSW9/200_PU_tree/Reco_tree/Signal_BsStudy_PU200_reco_464.root
/afs/cern.ch/work/r/rbhattac/public/BsAnalysis_code_DPS_CMSSW9/200_PU_tree/Reco_tree/Signal_BsStudy_PU200_reco_465.root
/afs/cern.ch/work/r/rbhattac/public/BsAnalysis_code_DPS_CMSSW9/200_PU_tree/Reco_tree/Signal_BsStudy_PU200_reco_466.root
/afs/cern.ch/work/r/rbhattac/public/BsAnalysis_code_DPS_CMSSW9/200_PU_tree/Reco_tree/Signal_BsStudy_PU200_reco_467.root
/afs/cern.ch/work/r/rbhattac/public/BsAnalysis_code_DPS_CMSSW9/200_PU_tree/Reco_tree/Signal_BsStudy_PU200_reco_468.root
/afs/cern.ch/work/r/rbhattac/public/BsAnalysis_code_DPS_CMSSW9/200_PU_tree/Reco_tree/Signal_BsStudy_PU200_reco_469.root
/afs/cern.ch/work/r/rbhattac/public/BsAnalysis_code_DPS_CMSSW9/200_PU_tree/Reco_tree/Signal_BsStudy_PU200_reco_47.root
/afs/cern.ch/work/r/rbhattac/public/BsAnalysis_code_DPS_CMSSW9/200_PU_tree/Reco_tree/Signal_BsStudy_PU200_reco_470.root
/afs/cern.ch/work/r/rbhattac/public/BsAnalysis_code_DPS_CMSSW9/200_PU_tree/Reco_tree/Signal_BsStudy_PU200_reco_471.root
/afs/cern.ch/work/r/rbhattac/public/BsAnalysis_code_DPS_CMSSW9/200_PU_tree/Reco_tree/Signal_BsStudy_PU200_reco_472.root
/afs/cern.ch/work/r/rbhattac/public/BsAnalysis_code_DPS_CMSSW9/200_PU_tree/Reco_tree/Signal_BsStudy_PU200_reco_473.root
/afs/cern.ch/work/r/rbhattac/public/BsAnalysis_code_DPS_CMSSW9/200_PU_tree/Reco_tree/Signal_BsStudy_PU200_reco_474.root
/afs/cern.ch/work/r/rbhattac/public/BsAnalysis_code_DPS_CMSSW9/200_PU_tree/Reco_tree/Signal_BsStudy_PU200_reco_475.root
/afs/cern.ch/work/r/rbhattac/public/BsAnalysis_code_DPS_CMSSW9/200_PU_tree/Reco_tree/Signal_BsStudy_PU200_reco_476.root
/afs/cern.ch/work/r/rbhattac/public/BsAnalysis_code_DPS_CMSSW9/200_PU_tree/Reco_tree/Signal_BsStudy_PU200_reco_477.root
/afs/cern.ch/work/r/rbhattac/public/BsAnalysis_code_DPS_CMSSW9/200_PU_tree/Reco_tree/Signal_BsStudy_PU200_reco_478.root
/afs/cern.ch/work/r/rbhattac/public/BsAnalysis_code_DPS_CMSSW9/200_PU_tree/Reco_tree/Signal_BsStudy_PU200_reco_479.root
/afs/cern.ch/work/r/rbhattac/public/BsAnalysis_code_DPS_CMSSW9/200_PU_tree/Reco_tree/Signal_BsStudy_PU200_reco_48.root
/afs/cern.ch/work/r/rbhattac/public/BsAnalysis_code_DPS_CMSSW9/200_PU_tree/Reco_tree/Signal_BsStudy_PU200_reco_480.root
/afs/cern.ch/work/r/rbhattac/public/BsAnalysis_code_DPS_CMSSW9/200_PU_tree/Reco_tree/Signal_BsStudy_PU200_reco_481.root
/afs/cern.ch/work/r/rbhattac/public/BsAnalysis_code_DPS_CMSSW9/200_PU_tree/Reco_tree/Signal_BsStudy_PU200_reco_482.root
/afs/cern.ch/work/r/rbhattac/public/BsAnalysis_code_DPS_CMSSW9/200_PU_tree/Reco_tree/Signal_BsStudy_PU200_reco_483.root
/afs/cern.ch/work/r/rbhattac/public/BsAnalysis_code_DPS_CMSSW9/200_PU_tree/Reco_tree/Signal_BsStudy_PU200_reco_484.root
/afs/cern.ch/work/r/rbhattac/public/BsAnalysis_code_DPS_CMSSW9/200_PU_tree/Reco_tree/Signal_BsStudy_PU200_reco_485.root
/afs/cern.ch/work/r/rbhattac/public/BsAnalysis_code_DPS_CMSSW9/200_PU_tree/Reco_tree/Signal_BsStudy_PU200_reco_486.root
/afs/cern.ch/work/r/rbhattac/public/BsAnalysis_code_DPS_CMSSW9/200_PU_tree/Reco_tree/Signal_BsStudy_PU200_reco_487.root
/afs/cern.ch/work/r/rbhattac/public/BsAnalysis_code_DPS_CMSSW9/200_PU_tree/Reco_tree/Signal_BsStudy_PU200_reco_488.root
/afs/cern.ch/work/r/rbhattac/public/BsAnalysis_code_DPS_CMSSW9/200_PU_tree/Reco_tree/Signal_BsStudy_PU200_reco_489.root
/afs/cern.ch/work/r/rbhattac/public/BsAnalysis_code_DPS_CMSSW9/200_PU_tree/Reco_tree/Signal_BsStudy_PU200_reco_49.root
/afs/cern.ch/work/r/rbhattac/public/BsAnalysis_code_DPS_CMSSW9/200_PU_tree/Reco_tree/Signal_BsStudy_PU200_reco_490.root
/afs/cern.ch/work/r/rbhattac/public/BsAnalysis_code_DPS_CMSSW9/200_PU_tree/Reco_tree/Signal_BsStudy_PU200_reco_491.root
/afs/cern.ch/work/r/rbhattac/public/BsAnalysis_code_DPS_CMSSW9/200_PU_tree/Reco_tree/Signal_BsStudy_PU200_reco_492.root
/afs/cern.ch/work/r/rbhattac/public/BsAnalysis_code_DPS_CMSSW9/200_PU_tree/Reco_tree/Signal_BsStudy_PU200_reco_493.root
/afs/cern.ch/work/r/rbhattac/public/BsAnalysis_code_DPS_CMSSW9/200_PU_tree/Reco_tree/Signal_BsStudy_PU200_reco_494.root
/afs/cern.ch/work/r/rbhattac/public/BsAnalysis_code_DPS_CMSSW9/200_PU_tree/Reco_tree/Signal_BsStudy_PU200_reco_495.root
/afs/cern.ch/work/r/rbhattac/public/BsAnalysis_code_DPS_CMSSW9/200_PU_tree/Reco_tree/Signal_BsStudy_PU200_reco_496.root
/afs/cern.ch/work/r/rbhattac/public/BsAnalysis_code_DPS_CMSSW9/200_PU_tree/Reco_tree/Signal_BsStudy_PU200_reco_497.root
/afs/cern.ch/work/r/rbhattac/public/BsAnalysis_code_DPS_CMSSW9/200_PU_tree/Reco_tree/Signal_BsStudy_PU200_reco_498.root
/afs/cern.ch/work/r/rbhattac/public/BsAnalysis_code_DPS_CMSSW9/200_PU_tree/Reco_tree/Signal_BsStudy_PU200_reco_499.root
/afs/cern.ch/work/r/rbhattac/public/BsAnalysis_code_DPS_CMSSW9/200_PU_tree/Reco_tree/Signal_BsStudy_PU200_reco_5.root
/afs/cern.ch/work/r/rbhattac/public/BsAnalysis_code_DPS_CMSSW9/200_PU_tree/Reco_tree/Signal_BsStudy_PU200_reco_50.root
/afs/cern.ch/work/r/rbhattac/public/BsAnalysis_code_DPS_CMSSW9/200_PU_tree/Reco_tree/Signal_BsStudy_PU200_reco_500.root
/afs/cern.ch/work/r/rbhattac/public/BsAnalysis_code_DPS_CMSSW9/200_PU_tree/Reco_tree/Signal_BsStudy_PU200_reco_501.root
/afs/cern.ch/work/r/rbhattac/public/BsAnalysis_code_DPS_CMSSW9/200_PU_tree/Reco_tree/Signal_BsStudy_PU200_reco_502.root
/afs/cern.ch/work/r/rbhattac/public/BsAnalysis_code_DPS_CMSSW9/200_PU_tree/Reco_tree/Signal_BsStudy_PU200_reco_503.root
/afs/cern.ch/work/r/rbhattac/public/BsAnalysis_code_DPS_CMSSW9/200_PU_tree/Reco_tree/Signal_BsStudy_PU200_reco_504.root
/afs/cern.ch/work/r/rbhattac/public/BsAnalysis_code_DPS_CMSSW9/200_PU_tree/Reco_tree/Signal_BsStudy_PU200_reco_505.root
/afs/cern.ch/work/r/rbhattac/public/BsAnalysis_code_DPS_CMSSW9/200_PU_tree/Reco_tree/Signal_BsStudy_PU200_reco_506.root
/afs/cern.ch/work/r/rbhattac/public/BsAnalysis_code_DPS_CMSSW9/200_PU_tree/Reco_tree/Signal_BsStudy_PU200_reco_507.root
/afs/cern.ch/work/r/rbhattac/public/BsAnalysis_code_DPS_CMSSW9/200_PU_tree/Reco_tree/Signal_BsStudy_PU200_reco_508.root
/afs/cern.ch/work/r/rbhattac/public/BsAnalysis_code_DPS_CMSSW9/200_PU_tree/Reco_tree/Signal_BsStudy_PU200_reco_509.root
/afs/cern.ch/work/r/rbhattac/public/BsAnalysis_code_DPS_CMSSW9/200_PU_tree/Reco_tree/Signal_BsStudy_PU200_reco_51.root
/afs/cern.ch/work/r/rbhattac/public/BsAnalysis_code_DPS_CMSSW9/200_PU_tree/Reco_tree/Signal_BsStudy_PU200_reco_510.root
/afs/cern.ch/work/r/rbhattac/public/BsAnalysis_code_DPS_CMSSW9/200_PU_tree/Reco_tree/Signal_BsStudy_PU200_reco_511.root
/afs/cern.ch/work/r/rbhattac/public/BsAnalysis_code_DPS_CMSSW9/200_PU_tree/Reco_tree/Signal_BsStudy_PU200_reco_512.root
/afs/cern.ch/work/r/rbhattac/public/BsAnalysis_code_DPS_CMSSW9/200_PU_tree/Reco_tree/Signal_BsStudy_PU200_reco_513.root
/afs/cern.ch/work/r/rbhattac/public/BsAnalysis_code_DPS_CMSSW9/200_PU_tree/Reco_tree/Signal_BsStudy_PU200_reco_514.root
/afs/cern.ch/work/r/rbhattac/public/BsAnalysis_code_DPS_CMSSW9/200_PU_tree/Reco_tree/Signal_BsStudy_PU200_reco_515.root
/afs/cern.ch/work/r/rbhattac/public/BsAnalysis_code_DPS_CMSSW9/200_PU_tree/Reco_tree/Signal_BsStudy_PU200_reco_516.root
/afs/cern.ch/work/r/rbhattac/public/BsAnalysis_code_DPS_CMSSW9/200_PU_tree/Reco_tree/Signal_BsStudy_PU200_reco_517.root
/afs/cern.ch/work/r/rbhattac/public/BsAnalysis_code_DPS_CMSSW9/200_PU_tree/Reco_tree/Signal_BsStudy_PU200_reco_518.root
/afs/cern.ch/work/r/rbhattac/public/BsAnalysis_code_DPS_CMSSW9/200_PU_tree/Reco_tree/Signal_BsStudy_PU200_reco_519.root
/afs/cern.ch/work/r/rbhattac/public/BsAnalysis_code_DPS_CMSSW9/200_PU_tree/Reco_tree/Signal_BsStudy_PU200_reco_52.root
/afs/cern.ch/work/r/rbhattac/public/BsAnalysis_code_DPS_CMSSW9/200_PU_tree/Reco_tree/Signal_BsStudy_PU200_reco_520.root
/afs/cern.ch/work/r/rbhattac/public/BsAnalysis_code_DPS_CMSSW9/200_PU_tree/Reco_tree/Signal_BsStudy_PU200_reco_521.root
/afs/cern.ch/work/r/rbhattac/public/BsAnalysis_code_DPS_CMSSW9/200_PU_tree/Reco_tree/Signal_BsStudy_PU200_reco_522.root
/afs/cern.ch/work/r/rbhattac/public/BsAnalysis_code_DPS_CMSSW9/200_PU_tree/Reco_tree/Signal_BsStudy_PU200_reco_523.root
/afs/cern.ch/work/r/rbhattac/public/BsAnalysis_code_DPS_CMSSW9/200_PU_tree/Reco_tree/Signal_BsStudy_PU200_reco_524.root
/afs/cern.ch/work/r/rbhattac/public/BsAnalysis_code_DPS_CMSSW9/200_PU_tree/Reco_tree/Signal_BsStudy_PU200_reco_525.root
/afs/cern.ch/work/r/rbhattac/public/BsAnalysis_code_DPS_CMSSW9/200_PU_tree/Reco_tree/Signal_BsStudy_PU200_reco_526.root
/afs/cern.ch/work/r/rbhattac/public/BsAnalysis_code_DPS_CMSSW9/200_PU_tree/Reco_tree/Signal_BsStudy_PU200_reco_527.root
/afs/cern.ch/work/r/rbhattac/public/BsAnalysis_code_DPS_CMSSW9/200_PU_tree/Reco_tree/Signal_BsStudy_PU200_reco_528.root
/afs/cern.ch/work/r/rbhattac/public/BsAnalysis_code_DPS_CMSSW9/200_PU_tree/Reco_tree/Signal_BsStudy_PU200_reco_529.root
/afs/cern.ch/work/r/rbhattac/public/BsAnalysis_code_DPS_CMSSW9/200_PU_tree/Reco_tree/Signal_BsStudy_PU200_reco_53.root
/afs/cern.ch/work/r/rbhattac/public/BsAnalysis_code_DPS_CMSSW9/200_PU_tree/Reco_tree/Signal_BsStudy_PU200_reco_530.root
/afs/cern.ch/work/r/rbhattac/public/BsAnalysis_code_DPS_CMSSW9/200_PU_tree/Reco_tree/Signal_BsStudy_PU200_reco_531.root
/afs/cern.ch/work/r/rbhattac/public/BsAnalysis_code_DPS_CMSSW9/200_PU_tree/Reco_tree/Signal_BsStudy_PU200_reco_532.root
/afs/cern.ch/work/r/rbhattac/public/BsAnalysis_code_DPS_CMSSW9/200_PU_tree/Reco_tree/Signal_BsStudy_PU200_reco_533.root
/afs/cern.ch/work/r/rbhattac/public/BsAnalysis_code_DPS_CMSSW9/200_PU_tree/Reco_tree/Signal_BsStudy_PU200_reco_534.root
/afs/cern.ch/work/r/rbhattac/public/BsAnalysis_code_DPS_CMSSW9/200_PU_tree/Reco_tree/Signal_BsStudy_PU200_reco_535.root
/afs/cern.ch/work/r/rbhattac/public/BsAnalysis_code_DPS_CMSSW9/200_PU_tree/Reco_tree/Signal_BsStudy_PU200_reco_536.root
/afs/cern.ch/work/r/rbhattac/public/BsAnalysis_code_DPS_CMSSW9/200_PU_tree/Reco_tree/Signal_BsStudy_PU200_reco_537.root
/afs/cern.ch/work/r/rbhattac/public/BsAnalysis_code_DPS_CMSSW9/200_PU_tree/Reco_tree/Signal_BsStudy_PU200_reco_538.root
/afs/cern.ch/work/r/rbhattac/public/BsAnalysis_code_DPS_CMSSW9/200_PU_tree/Reco_tree/Signal_BsStudy_PU200_reco_539.root
/afs/cern.ch/work/r/rbhattac/public/BsAnalysis_code_DPS_CMSSW9/200_PU_tree/Reco_tree/Signal_BsStudy_PU200_reco_54.root
/afs/cern.ch/work/r/rbhattac/public/BsAnalysis_code_DPS_CMSSW9/200_PU_tree/Reco_tree/Signal_BsStudy_PU200_reco_540.root
/afs/cern.ch/work/r/rbhattac/public/BsAnalysis_code_DPS_CMSSW9/200_PU_tree/Reco_tree/Signal_BsStudy_PU200_reco_541.root
/afs/cern.ch/work/r/rbhattac/public/BsAnalysis_code_DPS_CMSSW9/200_PU_tree/Reco_tree/Signal_BsStudy_PU200_reco_542.root
/afs/cern.ch/work/r/rbhattac/public/BsAnalysis_code_DPS_CMSSW9/200_PU_tree/Reco_tree/Signal_BsStudy_PU200_reco_543.root
/afs/cern.ch/work/r/rbhattac/public/BsAnalysis_code_DPS_CMSSW9/200_PU_tree/Reco_tree/Signal_BsStudy_PU200_reco_544.root
/afs/cern.ch/work/r/rbhattac/public/BsAnalysis_code_DPS_CMSSW9/200_PU_tree/Reco_tree/Signal_BsStudy_PU200_reco_545.root
/afs/cern.ch/work/r/rbhattac/public/BsAnalysis_code_DPS_CMSSW9/200_PU_tree/Reco_tree/Signal_BsStudy_PU200_reco_546.root
/afs/cern.ch/work/r/rbhattac/public/BsAnalysis_code_DPS_CMSSW9/200_PU_tree/Reco_tree/Signal_BsStudy_PU200_reco_547.root
/afs/cern.ch/work/r/rbhattac/public/BsAnalysis_code_DPS_CMSSW9/200_PU_tree/Reco_tree/Signal_BsStudy_PU200_reco_548.root
/afs/cern.ch/work/r/rbhattac/public/BsAnalysis_code_DPS_CMSSW9/200_PU_tree/Reco_tree/Signal_BsStudy_PU200_reco_549.root
/afs/cern.ch/work/r/rbhattac/public/BsAnalysis_code_DPS_CMSSW9/200_PU_tree/Reco_tree/Signal_BsStudy_PU200_reco_55.root
/afs/cern.ch/work/r/rbhattac/public/BsAnalysis_code_DPS_CMSSW9/200_PU_tree/Reco_tree/Signal_BsStudy_PU200_reco_550.root
/afs/cern.ch/work/r/rbhattac/public/BsAnalysis_code_DPS_CMSSW9/200_PU_tree/Reco_tree/Signal_BsStudy_PU200_reco_551.root
/afs/cern.ch/work/r/rbhattac/public/BsAnalysis_code_DPS_CMSSW9/200_PU_tree/Reco_tree/Signal_BsStudy_PU200_reco_552.root
/afs/cern.ch/work/r/rbhattac/public/BsAnalysis_code_DPS_CMSSW9/200_PU_tree/Reco_tree/Signal_BsStudy_PU200_reco_553.root
/afs/cern.ch/work/r/rbhattac/public/BsAnalysis_code_DPS_CMSSW9/200_PU_tree/Reco_tree/Signal_BsStudy_PU200_reco_554.root
/afs/cern.ch/work/r/rbhattac/public/BsAnalysis_code_DPS_CMSSW9/200_PU_tree/Reco_tree/Signal_BsStudy_PU200_reco_555.root
/afs/cern.ch/work/r/rbhattac/public/BsAnalysis_code_DPS_CMSSW9/200_PU_tree/Reco_tree/Signal_BsStudy_PU200_reco_556.root
/afs/cern.ch/work/r/rbhattac/public/BsAnalysis_code_DPS_CMSSW9/200_PU_tree/Reco_tree/Signal_BsStudy_PU200_reco_557.root
/afs/cern.ch/work/r/rbhattac/public/BsAnalysis_code_DPS_CMSSW9/200_PU_tree/Reco_tree/Signal_BsStudy_PU200_reco_558.root
/afs/cern.ch/work/r/rbhattac/public/BsAnalysis_code_DPS_CMSSW9/200_PU_tree/Reco_tree/Signal_BsStudy_PU200_reco_559.root
/afs/cern.ch/work/r/rbhattac/public/BsAnalysis_code_DPS_CMSSW9/200_PU_tree/Reco_tree/Signal_BsStudy_PU200_reco_56.root
/afs/cern.ch/work/r/rbhattac/public/BsAnalysis_code_DPS_CMSSW9/200_PU_tree/Reco_tree/Signal_BsStudy_PU200_reco_560.root
/afs/cern.ch/work/r/rbhattac/public/BsAnalysis_code_DPS_CMSSW9/200_PU_tree/Reco_tree/Signal_BsStudy_PU200_reco_561.root
/afs/cern.ch/work/r/rbhattac/public/BsAnalysis_code_DPS_CMSSW9/200_PU_tree/Reco_tree/Signal_BsStudy_PU200_reco_562.root
/afs/cern.ch/work/r/rbhattac/public/BsAnalysis_code_DPS_CMSSW9/200_PU_tree/Reco_tree/Signal_BsStudy_PU200_reco_563.root
/afs/cern.ch/work/r/rbhattac/public/BsAnalysis_code_DPS_CMSSW9/200_PU_tree/Reco_tree/Signal_BsStudy_PU200_reco_564.root
/afs/cern.ch/work/r/rbhattac/public/BsAnalysis_code_DPS_CMSSW9/200_PU_tree/Reco_tree/Signal_BsStudy_PU200_reco_565.root
/afs/cern.ch/work/r/rbhattac/public/BsAnalysis_code_DPS_CMSSW9/200_PU_tree/Reco_tree/Signal_BsStudy_PU200_reco_566.root
/afs/cern.ch/work/r/rbhattac/public/BsAnalysis_code_DPS_CMSSW9/200_PU_tree/Reco_tree/Signal_BsStudy_PU200_reco_567.root
/afs/cern.ch/work/r/rbhattac/public/BsAnalysis_code_DPS_CMSSW9/200_PU_tree/Reco_tree/Signal_BsStudy_PU200_reco_568.root
/afs/cern.ch/work/r/rbhattac/public/BsAnalysis_code_DPS_CMSSW9/200_PU_tree/Reco_tree/Signal_BsStudy_PU200_reco_569.root
/afs/cern.ch/work/r/rbhattac/public/BsAnalysis_code_DPS_CMSSW9/200_PU_tree/Reco_tree/Signal_BsStudy_PU200_reco_57.root
/afs/cern.ch/work/r/rbhattac/public/BsAnalysis_code_DPS_CMSSW9/200_PU_tree/Reco_tree/Signal_BsStudy_PU200_reco_570.root
/afs/cern.ch/work/r/rbhattac/public/BsAnalysis_code_DPS_CMSSW9/200_PU_tree/Reco_tree/Signal_BsStudy_PU200_reco_571.root
/afs/cern.ch/work/r/rbhattac/public/BsAnalysis_code_DPS_CMSSW9/200_PU_tree/Reco_tree/Signal_BsStudy_PU200_reco_572.root
/afs/cern.ch/work/r/rbhattac/public/BsAnalysis_code_DPS_CMSSW9/200_PU_tree/Reco_tree/Signal_BsStudy_PU200_reco_573.root
/afs/cern.ch/work/r/rbhattac/public/BsAnalysis_code_DPS_CMSSW9/200_PU_tree/Reco_tree/Signal_BsStudy_PU200_reco_574.root
/afs/cern.ch/work/r/rbhattac/public/BsAnalysis_code_DPS_CMSSW9/200_PU_tree/Reco_tree/Signal_BsStudy_PU200_reco_575.root
/afs/cern.ch/work/r/rbhattac/public/BsAnalysis_code_DPS_CMSSW9/200_PU_tree/Reco_tree/Signal_BsStudy_PU200_reco_576.root
/afs/cern.ch/work/r/rbhattac/public/BsAnalysis_code_DPS_CMSSW9/200_PU_tree/Reco_tree/Signal_BsStudy_PU200_reco_577.root
/afs/cern.ch/work/r/rbhattac/public/BsAnalysis_code_DPS_CMSSW9/200_PU_tree/Reco_tree/Signal_BsStudy_PU200_reco_578.root
/afs/cern.ch/work/r/rbhattac/public/BsAnalysis_code_DPS_CMSSW9/200_PU_tree/Reco_tree/Signal_BsStudy_PU200_reco_579.root
/afs/cern.ch/work/r/rbhattac/public/BsAnalysis_code_DPS_CMSSW9/200_PU_tree/Reco_tree/Signal_BsStudy_PU200_reco_58.root
/afs/cern.ch/work/r/rbhattac/public/BsAnalysis_code_DPS_CMSSW9/200_PU_tree/Reco_tree/Signal_BsStudy_PU200_reco_580.root
/afs/cern.ch/work/r/rbhattac/public/BsAnalysis_code_DPS_CMSSW9/200_PU_tree/Reco_tree/Signal_BsStudy_PU200_reco_581.root
/afs/cern.ch/work/r/rbhattac/public/BsAnalysis_code_DPS_CMSSW9/200_PU_tree/Reco_tree/Signal_BsStudy_PU200_reco_582.root
/afs/cern.ch/work/r/rbhattac/public/BsAnalysis_code_DPS_CMSSW9/200_PU_tree/Reco_tree/Signal_BsStudy_PU200_reco_583.root
/afs/cern.ch/work/r/rbhattac/public/BsAnalysis_code_DPS_CMSSW9/200_PU_tree/Reco_tree/Signal_BsStudy_PU200_reco_584.root
/afs/cern.ch/work/r/rbhattac/public/BsAnalysis_code_DPS_CMSSW9/200_PU_tree/Reco_tree/Signal_BsStudy_PU200_reco_585.root
/afs/cern.ch/work/r/rbhattac/public/BsAnalysis_code_DPS_CMSSW9/200_PU_tree/Reco_tree/Signal_BsStudy_PU200_reco_586.root
/afs/cern.ch/work/r/rbhattac/public/BsAnalysis_code_DPS_CMSSW9/200_PU_tree/Reco_tree/Signal_BsStudy_PU200_reco_587.root
/afs/cern.ch/work/r/rbhattac/public/BsAnalysis_code_DPS_CMSSW9/200_PU_tree/Reco_tree/Signal_BsStudy_PU200_reco_588.root
/afs/cern.ch/work/r/rbhattac/public/BsAnalysis_code_DPS_CMSSW9/200_PU_tree/Reco_tree/Signal_BsStudy_PU200_reco_589.root
/afs/cern.ch/work/r/rbhattac/public/BsAnalysis_code_DPS_CMSSW9/200_PU_tree/Reco_tree/Signal_BsStudy_PU200_reco_59.root
/afs/cern.ch/work/r/rbhattac/public/BsAnalysis_code_DPS_CMSSW9/200_PU_tree/Reco_tree/Signal_BsStudy_PU200_reco_590.root
/afs/cern.ch/work/r/rbhattac/public/BsAnalysis_code_DPS_CMSSW9/200_PU_tree/Reco_tree/Signal_BsStudy_PU200_reco_591.root
/afs/cern.ch/work/r/rbhattac/public/BsAnalysis_code_DPS_CMSSW9/200_PU_tree/Reco_tree/Signal_BsStudy_PU200_reco_592.root
/afs/cern.ch/work/r/rbhattac/public/BsAnalysis_code_DPS_CMSSW9/200_PU_tree/Reco_tree/Signal_BsStudy_PU200_reco_593.root
/afs/cern.ch/work/r/rbhattac/public/BsAnalysis_code_DPS_CMSSW9/200_PU_tree/Reco_tree/Signal_BsStudy_PU200_reco_594.root
/afs/cern.ch/work/r/rbhattac/public/BsAnalysis_code_DPS_CMSSW9/200_PU_tree/Reco_tree/Signal_BsStudy_PU200_reco_595.root
/afs/cern.ch/work/r/rbhattac/public/BsAnalysis_code_DPS_CMSSW9/200_PU_tree/Reco_tree/Signal_BsStudy_PU200_reco_596.root
/afs/cern.ch/work/r/rbhattac/public/BsAnalysis_code_DPS_CMSSW9/200_PU_tree/Reco_tree/Signal_BsStudy_PU200_reco_597.root
/afs/cern.ch/work/r/rbhattac/public/BsAnalysis_code_DPS_CMSSW9/200_PU_tree/Reco_tree/Signal_BsStudy_PU200_reco_598.root
/afs/cern.ch/work/r/rbhattac/public/BsAnalysis_code_DPS_CMSSW9/200_PU_tree/Reco_tree/Signal_BsStudy_PU200_reco_599.root
/afs/cern.ch/work/r/rbhattac/public/BsAnalysis_code_DPS_CMSSW9/200_PU_tree/Reco_tree/Signal_BsStudy_PU200_reco_6.root
/afs/cern.ch/work/r/rbhattac/public/BsAnalysis_code_DPS_CMSSW9/200_PU_tree/Reco_tree/Signal_BsStudy_PU200_reco_60.root
/afs/cern.ch/work/r/rbhattac/public/BsAnalysis_code_DPS_CMSSW9/200_PU_tree/Reco_tree/Signal_BsStudy_PU200_reco_600.root
/afs/cern.ch/work/r/rbhattac/public/BsAnalysis_code_DPS_CMSSW9/200_PU_tree/Reco_tree/Signal_BsStudy_PU200_reco_601.root
/afs/cern.ch/work/r/rbhattac/public/BsAnalysis_code_DPS_CMSSW9/200_PU_tree/Reco_tree/Signal_BsStudy_PU200_reco_602.root
/afs/cern.ch/work/r/rbhattac/public/BsAnalysis_code_DPS_CMSSW9/200_PU_tree/Reco_tree/Signal_BsStudy_PU200_reco_603.root
/afs/cern.ch/work/r/rbhattac/public/BsAnalysis_code_DPS_CMSSW9/200_PU_tree/Reco_tree/Signal_BsStudy_PU200_reco_604.root
/afs/cern.ch/work/r/rbhattac/public/BsAnalysis_code_DPS_CMSSW9/200_PU_tree/Reco_tree/Signal_BsStudy_PU200_reco_605.root
/afs/cern.ch/work/r/rbhattac/public/BsAnalysis_code_DPS_CMSSW9/200_PU_tree/Reco_tree/Signal_BsStudy_PU200_reco_606.root
/afs/cern.ch/work/r/rbhattac/public/BsAnalysis_code_DPS_CMSSW9/200_PU_tree/Reco_tree/Signal_BsStudy_PU200_reco_607.root
/afs/cern.ch/work/r/rbhattac/public/BsAnalysis_code_DPS_CMSSW9/200_PU_tree/Reco_tree/Signal_BsStudy_PU200_reco_608.root
/afs/cern.ch/work/r/rbhattac/public/BsAnalysis_code_DPS_CMSSW9/200_PU_tree/Reco_tree/Signal_BsStudy_PU200_reco_609.root
/afs/cern.ch/work/r/rbhattac/public/BsAnalysis_code_DPS_CMSSW9/200_PU_tree/Reco_tree/Signal_BsStudy_PU200_reco_61.root
/afs/cern.ch/work/r/rbhattac/public/BsAnalysis_code_DPS_CMSSW9/200_PU_tree/Reco_tree/Signal_BsStudy_PU200_reco_611.root
/afs/cern.ch/work/r/rbhattac/public/BsAnalysis_code_DPS_CMSSW9/200_PU_tree/Reco_tree/Signal_BsStudy_PU200_reco_612.root
/afs/cern.ch/work/r/rbhattac/public/BsAnalysis_code_DPS_CMSSW9/200_PU_tree/Reco_tree/Signal_BsStudy_PU200_reco_613.root
/afs/cern.ch/work/r/rbhattac/public/BsAnalysis_code_DPS_CMSSW9/200_PU_tree/Reco_tree/Signal_BsStudy_PU200_reco_614.root
/afs/cern.ch/work/r/rbhattac/public/BsAnalysis_code_DPS_CMSSW9/200_PU_tree/Reco_tree/Signal_BsStudy_PU200_reco_615.root
/afs/cern.ch/work/r/rbhattac/public/BsAnalysis_code_DPS_CMSSW9/200_PU_tree/Reco_tree/Signal_BsStudy_PU200_reco_616.root
/afs/cern.ch/work/r/rbhattac/public/BsAnalysis_code_DPS_CMSSW9/200_PU_tree/Reco_tree/Signal_BsStudy_PU200_reco_617.root
/afs/cern.ch/work/r/rbhattac/public/BsAnalysis_code_DPS_CMSSW9/200_PU_tree/Reco_tree/Signal_BsStudy_PU200_reco_618.root
/afs/cern.ch/work/r/rbhattac/public/BsAnalysis_code_DPS_CMSSW9/200_PU_tree/Reco_tree/Signal_BsStudy_PU200_reco_619.root
/afs/cern.ch/work/r/rbhattac/public/BsAnalysis_code_DPS_CMSSW9/200_PU_tree/Reco_tree/Signal_BsStudy_PU200_reco_62.root
/afs/cern.ch/work/r/rbhattac/public/BsAnalysis_code_DPS_CMSSW9/200_PU_tree/Reco_tree/Signal_BsStudy_PU200_reco_620.root
/afs/cern.ch/work/r/rbhattac/public/BsAnalysis_code_DPS_CMSSW9/200_PU_tree/Reco_tree/Signal_BsStudy_PU200_reco_621.root
/afs/cern.ch/work/r/rbhattac/public/BsAnalysis_code_DPS_CMSSW9/200_PU_tree/Reco_tree/Signal_BsStudy_PU200_reco_623.root
/afs/cern.ch/work/r/rbhattac/public/BsAnalysis_code_DPS_CMSSW9/200_PU_tree/Reco_tree/Signal_BsStudy_PU200_reco_624.root
/afs/cern.ch/work/r/rbhattac/public/BsAnalysis_code_DPS_CMSSW9/200_PU_tree/Reco_tree/Signal_BsStudy_PU200_reco_625.root
/afs/cern.ch/work/r/rbhattac/public/BsAnalysis_code_DPS_CMSSW9/200_PU_tree/Reco_tree/Signal_BsStudy_PU200_reco_626.root
/afs/cern.ch/work/r/rbhattac/public/BsAnalysis_code_DPS_CMSSW9/200_PU_tree/Reco_tree/Signal_BsStudy_PU200_reco_627.root
/afs/cern.ch/work/r/rbhattac/public/BsAnalysis_code_DPS_CMSSW9/200_PU_tree/Reco_tree/Signal_BsStudy_PU200_reco_628.root
/afs/cern.ch/work/r/rbhattac/public/BsAnalysis_code_DPS_CMSSW9/200_PU_tree/Reco_tree/Signal_BsStudy_PU200_reco_629.root
/afs/cern.ch/work/r/rbhattac/public/BsAnalysis_code_DPS_CMSSW9/200_PU_tree/Reco_tree/Signal_BsStudy_PU200_reco_63.root
/afs/cern.ch/work/r/rbhattac/public/BsAnalysis_code_DPS_CMSSW9/200_PU_tree/Reco_tree/Signal_BsStudy_PU200_reco_630.root
/afs/cern.ch/work/r/rbhattac/public/BsAnalysis_code_DPS_CMSSW9/200_PU_tree/Reco_tree/Signal_BsStudy_PU200_reco_631.root
/afs/cern.ch/work/r/rbhattac/public/BsAnalysis_code_DPS_CMSSW9/200_PU_tree/Reco_tree/Signal_BsStudy_PU200_reco_632.root
/afs/cern.ch/work/r/rbhattac/public/BsAnalysis_code_DPS_CMSSW9/200_PU_tree/Reco_tree/Signal_BsStudy_PU200_reco_633.root
/afs/cern.ch/work/r/rbhattac/public/BsAnalysis_code_DPS_CMSSW9/200_PU_tree/Reco_tree/Signal_BsStudy_PU200_reco_634.root
/afs/cern.ch/work/r/rbhattac/public/BsAnalysis_code_DPS_CMSSW9/200_PU_tree/Reco_tree/Signal_BsStudy_PU200_reco_635.root
/afs/cern.ch/work/r/rbhattac/public/BsAnalysis_code_DPS_CMSSW9/200_PU_tree/Reco_tree/Signal_BsStudy_PU200_reco_636.root
/afs/cern.ch/work/r/rbhattac/public/BsAnalysis_code_DPS_CMSSW9/200_PU_tree/Reco_tree/Signal_BsStudy_PU200_reco_637.root
/afs/cern.ch/work/r/rbhattac/public/BsAnalysis_code_DPS_CMSSW9/200_PU_tree/Reco_tree/Signal_BsStudy_PU200_reco_638.root
/afs/cern.ch/work/r/rbhattac/public/BsAnalysis_code_DPS_CMSSW9/200_PU_tree/Reco_tree/Signal_BsStudy_PU200_reco_639.root
/afs/cern.ch/work/r/rbhattac/public/BsAnalysis_code_DPS_CMSSW9/200_PU_tree/Reco_tree/Signal_BsStudy_PU200_reco_64.root
/afs/cern.ch/work/r/rbhattac/public/BsAnalysis_code_DPS_CMSSW9/200_PU_tree/Reco_tree/Signal_BsStudy_PU200_reco_640.root
/afs/cern.ch/work/r/rbhattac/public/BsAnalysis_code_DPS_CMSSW9/200_PU_tree/Reco_tree/Signal_BsStudy_PU200_reco_641.root
/afs/cern.ch/work/r/rbhattac/public/BsAnalysis_code_DPS_CMSSW9/200_PU_tree/Reco_tree/Signal_BsStudy_PU200_reco_642.root
/afs/cern.ch/work/r/rbhattac/public/BsAnalysis_code_DPS_CMSSW9/200_PU_tree/Reco_tree/Signal_BsStudy_PU200_reco_643.root
/afs/cern.ch/work/r/rbhattac/public/BsAnalysis_code_DPS_CMSSW9/200_PU_tree/Reco_tree/Signal_BsStudy_PU200_reco_644.root
/afs/cern.ch/work/r/rbhattac/public/BsAnalysis_code_DPS_CMSSW9/200_PU_tree/Reco_tree/Signal_BsStudy_PU200_reco_645.root
/afs/cern.ch/work/r/rbhattac/public/BsAnalysis_code_DPS_CMSSW9/200_PU_tree/Reco_tree/Signal_BsStudy_PU200_reco_646.root
/afs/cern.ch/work/r/rbhattac/public/BsAnalysis_code_DPS_CMSSW9/200_PU_tree/Reco_tree/Signal_BsStudy_PU200_reco_647.root
/afs/cern.ch/work/r/rbhattac/public/BsAnalysis_code_DPS_CMSSW9/200_PU_tree/Reco_tree/Signal_BsStudy_PU200_reco_648.root
/afs/cern.ch/work/r/rbhattac/public/BsAnalysis_code_DPS_CMSSW9/200_PU_tree/Reco_tree/Signal_BsStudy_PU200_reco_649.root
/afs/cern.ch/work/r/rbhattac/public/BsAnalysis_code_DPS_CMSSW9/200_PU_tree/Reco_tree/Signal_BsStudy_PU200_reco_65.root
/afs/cern.ch/work/r/rbhattac/public/BsAnalysis_code_DPS_CMSSW9/200_PU_tree/Reco_tree/Signal_BsStudy_PU200_reco_650.root
/afs/cern.ch/work/r/rbhattac/public/BsAnalysis_code_DPS_CMSSW9/200_PU_tree/Reco_tree/Signal_BsStudy_PU200_reco_651.root
/afs/cern.ch/work/r/rbhattac/public/BsAnalysis_code_DPS_CMSSW9/200_PU_tree/Reco_tree/Signal_BsStudy_PU200_reco_652.root
/afs/cern.ch/work/r/rbhattac/public/BsAnalysis_code_DPS_CMSSW9/200_PU_tree/Reco_tree/Signal_BsStudy_PU200_reco_653.root
/afs/cern.ch/work/r/rbhattac/public/BsAnalysis_code_DPS_CMSSW9/200_PU_tree/Reco_tree/Signal_BsStudy_PU200_reco_654.root
/afs/cern.ch/work/r/rbhattac/public/BsAnalysis_code_DPS_CMSSW9/200_PU_tree/Reco_tree/Signal_BsStudy_PU200_reco_655.root
/afs/cern.ch/work/r/rbhattac/public/BsAnalysis_code_DPS_CMSSW9/200_PU_tree/Reco_tree/Signal_BsStudy_PU200_reco_656.root
/afs/cern.ch/work/r/rbhattac/public/BsAnalysis_code_DPS_CMSSW9/200_PU_tree/Reco_tree/Signal_BsStudy_PU200_reco_657.root
/afs/cern.ch/work/r/rbhattac/public/BsAnalysis_code_DPS_CMSSW9/200_PU_tree/Reco_tree/Signal_BsStudy_PU200_reco_658.root
/afs/cern.ch/work/r/rbhattac/public/BsAnalysis_code_DPS_CMSSW9/200_PU_tree/Reco_tree/Signal_BsStudy_PU200_reco_659.root
/afs/cern.ch/work/r/rbhattac/public/BsAnalysis_code_DPS_CMSSW9/200_PU_tree/Reco_tree/Signal_BsStudy_PU200_reco_66.root
/afs/cern.ch/work/r/rbhattac/public/BsAnalysis_code_DPS_CMSSW9/200_PU_tree/Reco_tree/Signal_BsStudy_PU200_reco_660.root
/afs/cern.ch/work/r/rbhattac/public/BsAnalysis_code_DPS_CMSSW9/200_PU_tree/Reco_tree/Signal_BsStudy_PU200_reco_661.root
/afs/cern.ch/work/r/rbhattac/public/BsAnalysis_code_DPS_CMSSW9/200_PU_tree/Reco_tree/Signal_BsStudy_PU200_reco_662.root
/afs/cern.ch/work/r/rbhattac/public/BsAnalysis_code_DPS_CMSSW9/200_PU_tree/Reco_tree/Signal_BsStudy_PU200_reco_663.root
/afs/cern.ch/work/r/rbhattac/public/BsAnalysis_code_DPS_CMSSW9/200_PU_tree/Reco_tree/Signal_BsStudy_PU200_reco_664.root
/afs/cern.ch/work/r/rbhattac/public/BsAnalysis_code_DPS_CMSSW9/200_PU_tree/Reco_tree/Signal_BsStudy_PU200_reco_665.root
/afs/cern.ch/work/r/rbhattac/public/BsAnalysis_code_DPS_CMSSW9/200_PU_tree/Reco_tree/Signal_BsStudy_PU200_reco_666.root
/afs/cern.ch/work/r/rbhattac/public/BsAnalysis_code_DPS_CMSSW9/200_PU_tree/Reco_tree/Signal_BsStudy_PU200_reco_67.root
/afs/cern.ch/work/r/rbhattac/public/BsAnalysis_code_DPS_CMSSW9/200_PU_tree/Reco_tree/Signal_BsStudy_PU200_reco_68.root
/afs/cern.ch/work/r/rbhattac/public/BsAnalysis_code_DPS_CMSSW9/200_PU_tree/Reco_tree/Signal_BsStudy_PU200_reco_69.root
/afs/cern.ch/work/r/rbhattac/public/BsAnalysis_code_DPS_CMSSW9/200_PU_tree/Reco_tree/Signal_BsStudy_PU200_reco_7.root
/afs/cern.ch/work/r/rbhattac/public/BsAnalysis_code_DPS_CMSSW9/200_PU_tree/Reco_tree/Signal_BsStudy_PU200_reco_70.root
/afs/cern.ch/work/r/rbhattac/public/BsAnalysis_code_DPS_CMSSW9/200_PU_tree/Reco_tree/Signal_BsStudy_PU200_reco_71.root
/afs/cern.ch/work/r/rbhattac/public/BsAnalysis_code_DPS_CMSSW9/200_PU_tree/Reco_tree/Signal_BsStudy_PU200_reco_72.root
/afs/cern.ch/work/r/rbhattac/public/BsAnalysis_code_DPS_CMSSW9/200_PU_tree/Reco_tree/Signal_BsStudy_PU200_reco_73.root
/afs/cern.ch/work/r/rbhattac/public/BsAnalysis_code_DPS_CMSSW9/200_PU_tree/Reco_tree/Signal_BsStudy_PU200_reco_74.root
/afs/cern.ch/work/r/rbhattac/public/BsAnalysis_code_DPS_CMSSW9/200_PU_tree/Reco_tree/Signal_BsStudy_PU200_reco_75.root
/afs/cern.ch/work/r/rbhattac/public/BsAnalysis_code_DPS_CMSSW9/200_PU_tree/Reco_tree/Signal_BsStudy_PU200_reco_76.root
/afs/cern.ch/work/r/rbhattac/public/BsAnalysis_code_DPS_CMSSW9/200_PU_tree/Reco_tree/Signal_BsStudy_PU200_reco_77.root
/afs/cern.ch/work/r/rbhattac/public/BsAnalysis_code_DPS_CMSSW9/200_PU_tree/Reco_tree/Signal_BsStudy_PU200_reco_78.root
/afs/cern.ch/work/r/rbhattac/public/BsAnalysis_code_DPS_CMSSW9/200_PU_tree/Reco_tree/Signal_BsStudy_PU200_reco_79.root
/afs/cern.ch/work/r/rbhattac/public/BsAnalysis_code_DPS_CMSSW9/200_PU_tree/Reco_tree/Signal_BsStudy_PU200_reco_8.root
/afs/cern.ch/work/r/rbhattac/public/BsAnalysis_code_DPS_CMSSW9/200_PU_tree/Reco_tree/Signal_BsStudy_PU200_reco_80.root
/afs/cern.ch/work/r/rbhattac/public/BsAnalysis_code_DPS_CMSSW9/200_PU_tree/Reco_tree/Signal_BsStudy_PU200_reco_81.root
/afs/cern.ch/work/r/rbhattac/public/BsAnalysis_code_DPS_CMSSW9/200_PU_tree/Reco_tree/Signal_BsStudy_PU200_reco_82.root
/afs/cern.ch/work/r/rbhattac/public/BsAnalysis_code_DPS_CMSSW9/200_PU_tree/Reco_tree/Signal_BsStudy_PU200_reco_83.root
/afs/cern.ch/work/r/rbhattac/public/BsAnalysis_code_DPS_CMSSW9/200_PU_tree/Reco_tree/Signal_BsStudy_PU200_reco_84.root
/afs/cern.ch/work/r/rbhattac/public/BsAnalysis_code_DPS_CMSSW9/200_PU_tree/Reco_tree/Signal_BsStudy_PU200_reco_85.root
/afs/cern.ch/work/r/rbhattac/public/BsAnalysis_code_DPS_CMSSW9/200_PU_tree/Reco_tree/Signal_BsStudy_PU200_reco_86.root
/afs/cern.ch/work/r/rbhattac/public/BsAnalysis_code_DPS_CMSSW9/200_PU_tree/Reco_tree/Signal_BsStudy_PU200_reco_87.root
/afs/cern.ch/work/r/rbhattac/public/BsAnalysis_code_DPS_CMSSW9/200_PU_tree/Reco_tree/Signal_BsStudy_PU200_reco_88.root
/afs/cern.ch/work/r/rbhattac/public/BsAnalysis_code_DPS_CMSSW9/200_PU_tree/Reco_tree/Signal_BsStudy_PU200_reco_89.root
/afs/cern.ch/work/r/rbhattac/public/BsAnalysis_code_DPS_CMSSW9/200_PU_tree/Reco_tree/Signal_BsStudy_PU200_reco_9.root
/afs/cern.ch/work/r/rbhattac/public/BsAnalysis_code_DPS_CMSSW9/200_PU_tree/Reco_tree/Signal_BsStudy_PU200_reco_90.root
/afs/cern.ch/work/r/rbhattac/public/BsAnalysis_code_DPS_CMSSW9/200_PU_tree/Reco_tree/Signal_BsStudy_PU200_reco_91.root
/afs/cern.ch/work/r/rbhattac/public/BsAnalysis_code_DPS_CMSSW9/200_PU_tree/Reco_tree/Signal_BsStudy_PU200_reco_92.root
/afs/cern.ch/work/r/rbhattac/public/BsAnalysis_code_DPS_CMSSW9/200_PU_tree/Reco_tree/Signal_BsStudy_PU200_reco_93.root
/afs/cern.ch/work/r/rbhattac/public/BsAnalysis_code_DPS_CMSSW9/200_PU_tree/Reco_tree/Signal_BsStudy_PU200_reco_94.root
/afs/cern.ch/work/r/rbhattac/public/BsAnalysis_code_DPS_CMSSW9/200_PU_tree/Reco_tree/Signal_BsStudy_PU200_reco_95.root
/afs/cern.ch/work/r/rbhattac/public/BsAnalysis_code_DPS_CMSSW9/200_PU_tree/Reco_tree/Signal_BsStudy_PU200_reco_96.root
/afs/cern.ch/work/r/rbhattac/public/BsAnalysis_code_DPS_CMSSW9/200_PU_tree/Reco_tree/Signal_BsStudy_PU200_reco_97.root
/afs/cern.ch/work/r/rbhattac/public/BsAnalysis_code_DPS_CMSSW9/200_PU_tree/Reco_tree/Signal_BsStudy_PU200_reco_98.root
/afs/cern.ch/work/r/rbhattac/public/BsAnalysis_code_DPS_CMSSW9/200_PU_tree/Reco_tree/Signal_BsStudy_PU200_reco_99.root
>>> bsSelCuts
        massHigh:    5.48
         massLow:    5.29
    maxPhiPairDr:    1.00
   maxPhiPairDxy:    1.00
    maxPhiPairDz:    1.00
     maxPhiTrkDr:    0.12
    minPhiPairDr:    0.20
>>> phiSelCuts
        massHigh:    1.03
         massLow:    1.00
   maxTrkPairDxy:    1.00
    maxTrkPairDz:    1.00
>>> trkSelCuts
      maxTrkChi2:   20.00
       maxTrkEta:    2.50
    minTrkLayers:    4.00
  minTrkPSLayers:    2.00
        minTrkPt:    2.00
==> Results: 
                                                         CutFlow    Events    AbsEff     Error    RelEff     Error
                                                Events processed     33988   1.00000     0.000   1.00000      -nan
                                                 after GenFilter      3169   0.09324     0.002   0.09324     0.002
                                                    w/ ntrk >= 4      3169   0.09324     0.002   1.00000     0.000
                                                     w/ >= 2 Phi      2946   0.08668     0.002   0.92963     0.005
                                          w/ Phi distinct tracks      2944   0.08662     0.002   0.99932     0.000
                                            w/ Phi dxy & dz2 cut      2427   0.07141     0.001   0.82439     0.007
                                             w/ dR(Phi pair) cut      1855   0.05458     0.001   0.76432     0.009
                                           w/ dR(Track pair) cut      1827   0.05375     0.001   0.98491     0.003
                                               in Bs mass window      1652   0.04861     0.001   0.90421     0.007
                                                 final gen match      1646   0.04843     0.001   0.99637     0.001
Efficiency for Outer Tracker
Efficiency = 51.94 Poisson Error = 1.58 Binomial error = 0.89
