  datatype = Signal
   logFile = PU200_June20/Signal_pu200_loose_baseline.out
  histFile = PU200_June20/Signal_pu200_loose_baseline.root
 verbosity = 0
  maxEvent = -1
>>> INFO. nFiles: 30, Files to analyse:
/eos/user/s/sarkar/BsStudy/Processing/920/signal/PU200/BsStudy_signal_PU200_10.root
/eos/user/s/sarkar/BsStudy/Processing/920/signal/PU200/BsStudy_signal_PU200_11.root
/eos/user/s/sarkar/BsStudy/Processing/920/signal/PU200/BsStudy_signal_PU200_12.root
/eos/user/s/sarkar/BsStudy/Processing/920/signal/PU200/BsStudy_signal_PU200_13.root
/eos/user/s/sarkar/BsStudy/Processing/920/signal/PU200/BsStudy_signal_PU200_14.root
/eos/user/s/sarkar/BsStudy/Processing/920/signal/PU200/BsStudy_signal_PU200_15.root
/eos/user/s/sarkar/BsStudy/Processing/920/signal/PU200/BsStudy_signal_PU200_16.root
/eos/user/s/sarkar/BsStudy/Processing/920/signal/PU200/BsStudy_signal_PU200_17.root
/eos/user/s/sarkar/BsStudy/Processing/920/signal/PU200/BsStudy_signal_PU200_18.root
/eos/user/s/sarkar/BsStudy/Processing/920/signal/PU200/BsStudy_signal_PU200_19.root
/eos/user/s/sarkar/BsStudy/Processing/920/signal/PU200/BsStudy_signal_PU200_1.root
/eos/user/s/sarkar/BsStudy/Processing/920/signal/PU200/BsStudy_signal_PU200_20.root
/eos/user/s/sarkar/BsStudy/Processing/920/signal/PU200/BsStudy_signal_PU200_21.root
/eos/user/s/sarkar/BsStudy/Processing/920/signal/PU200/BsStudy_signal_PU200_22.root
/eos/user/s/sarkar/BsStudy/Processing/920/signal/PU200/BsStudy_signal_PU200_23.root
/eos/user/s/sarkar/BsStudy/Processing/920/signal/PU200/BsStudy_signal_PU200_24.root
/eos/user/s/sarkar/BsStudy/Processing/920/signal/PU200/BsStudy_signal_PU200_25.root
/eos/user/s/sarkar/BsStudy/Processing/920/signal/PU200/BsStudy_signal_PU200_26.root
/eos/user/s/sarkar/BsStudy/Processing/920/signal/PU200/BsStudy_signal_PU200_27.root
/eos/user/s/sarkar/BsStudy/Processing/920/signal/PU200/BsStudy_signal_PU200_28.root
/eos/user/s/sarkar/BsStudy/Processing/920/signal/PU200/BsStudy_signal_PU200_29.root
/eos/user/s/sarkar/BsStudy/Processing/920/signal/PU200/BsStudy_signal_PU200_2.root
/eos/user/s/sarkar/BsStudy/Processing/920/signal/PU200/BsStudy_signal_PU200_30.root
/eos/user/s/sarkar/BsStudy/Processing/920/signal/PU200/BsStudy_signal_PU200_3.root
/eos/user/s/sarkar/BsStudy/Processing/920/signal/PU200/BsStudy_signal_PU200_4.root
/eos/user/s/sarkar/BsStudy/Processing/920/signal/PU200/BsStudy_signal_PU200_5.root
/eos/user/s/sarkar/BsStudy/Processing/920/signal/PU200/BsStudy_signal_PU200_6.root
/eos/user/s/sarkar/BsStudy/Processing/920/signal/PU200/BsStudy_signal_PU200_7.root
/eos/user/s/sarkar/BsStudy/Processing/920/signal/PU200/BsStudy_signal_PU200_8.root
/eos/user/s/sarkar/BsStudy/Processing/920/signal/PU200/BsStudy_signal_PU200_9.root
>>> bsSelCuts
        massHigh:    5.49
         massLow:    5.27
    maxPhiPairDr:    1.00
   maxPhiPairDxy:    1.00
    maxPhiPairDz:    1.00
     maxPhiTrkDr:    0.12
    minPhiPairDr:    0.20
>>> phiSelCuts
        massHigh:    1.04
         massLow:    0.99
   maxTrkPairDxy:    1.00
    maxTrkPairDz:    1.00
>>> trkSelCuts
      maxTrkChi2:   20.00
       maxTrkEta:    2.50
    minTrkLayers:    4.00
  minTrkPSLayers:    2.00
        minTrkPt:    2.00
==> Results: 
                                                         CutFlow    Events    AbsEff     Error    RelEff     Error
                                                Events processed     34288   1.00000     0.000   1.00000      -nan
                                                 after GenFilter      3195   0.09318     0.002   0.09318     0.002
                                                    w/ ntrk >= 4      3195   0.09318     0.002   1.00000     0.000
                                                     w/ >= 2 Phi      2784   0.08119     0.001   0.87136     0.006
                                          w/ Phi distinct tracks      2773   0.08087     0.001   0.99605     0.001
                                            w/ Phi dxy & dz2 cut      2039   0.05947     0.001   0.73530     0.008
                                             w/ dR(Phi pair) cut      1347   0.03928     0.001   0.66062     0.010
                                           w/ dR(Track pair) cut      1302   0.03797     0.001   0.96659     0.005
                                               in Bs mass window      1041   0.03036     0.001   0.79954     0.011
                                                 final gen match      1030   0.03004     0.001   0.98943     0.003
Efficiency for Outer Tracker
Efficiency = 32.24 Poisson Error = 1.16 Binomial error = 0.83
Track Cutflow
                                                         CutFlow    Tracks    AbsEff     Error    RelEff     Error
                                                nTracks at start    536726   1.00000     0.000   1.00000      -nan
                                                   after eta cut    536215   0.99905     0.000   0.99905     0.000
                                                    after pt cut    522798   0.97405     0.000   0.97498     0.000
                                           after trk quality cut    522798   0.97405     0.000   1.00000     0.000
Phi Cutflow
                                                         CutFlow      Phis    AbsEff     Error    RelEff     Error
                                                   nPhi at start  44007831   1.00000     0.000   1.00000      -nan
                                             after curvature cut  22014167   0.50023     0.000   0.50023     0.000
                                                    after dz cut   2974951   0.06760     0.000   0.13514     0.000
                                                   after dxy cut   2961031   0.06728     0.000   0.99532     0.000
                                                  after mass cut     11018   0.00025     0.000   0.00372     0.000
Phi Cutflow 2
                                                         CutFlow      Phis    AbsEff     Error    RelEff     Error
                                                   nPhi at start     18953   1.00000     0.000   1.00000      -nan
                                                after unique cut     18336   0.96745     0.001   0.96745     0.001
Event Cutflow with phi cuts
                                                         CutFlow    Events    AbsEff     Error    RelEff     Error
                                                 nEvent at start      3195   1.00000     0.000   1.00000      -nan
                                                   2 good tracks      3195   1.00000     0.000   1.00000     0.000
                                             after curvature cut      3195   1.00000     0.000   1.00000     0.000
                                                    after dz cut      3195   1.00000     0.000   1.00000     0.000
                                                   after dxy cut      3195   1.00000     0.000   1.00000     0.000
                                                  after mass cut      3124   0.97778     0.003   0.97778     0.003
                                                 after 2 phi cut      2784   0.87136     0.006   0.89117     0.006
